Flutter crash report.
Please report a bug at https://github.com/flutter/flutter/issues.

## command

flutter build ios --debug --no-codesign -v --dart-define=FLAVOR=dev --dart-define=ENVIRONMENT=development

## exception

ProcessException: ProcessException: Process exited abnormally with exit code 1:
Transfer starting: 236 files
Runner.app/
Runner.app/AppFrameworkInfo.plist
Runner.app/AppIcon60x60@2x.png
Runner.app/AppIcon76x76@2x~ipad.png
Runner.app/Assets.car
Runner.app/Info.plist
Runner.app/PkgInfo
Runner.app/Runner
Runner.app/Runner.debug.dylib

rsync(50189): error: Runner.app/.Runner.debug.dylib.DYAC6SXmm0: write: No space left on device
rsync(50189): error: buf_copy
rsync(50189): error: Runner.app/.Runner.debug.dylib.DYAC6SXmm0: write: No space left on device
rsync(50189): error: rsync_downloader
rsync(50189): error: rsync_receiver
rsync(50188): error: unexpected end of file
rsync(50188): error: io_read_nonblocking
rsync(50188): error: io_read_blocking
rsync(50188): error: io_read_flush
rsync(50188): error: rsync_sender
rsync(50188): warning: child 50189 exited with status 1
  Command: rsync -8 -av --delete /Users/onronder/duru-notes/build/ios/Debug-iphoneos/Runner.app /Users/onronder/duru-notes/build/ios/iphoneos

```
#0      RunResult.throwException (package:flutter_tools/src/base/process.dart:118:5)
#1      _DefaultProcessUtils.run (package:flutter_tools/src/base/process.dart:344:19)
<asynchronous suspension>
#2      buildXcodeProject (package:flutter_tools/src/ios/mac.dart:589:9)
<asynchronous suspension>
#3      _BuildIOSSubCommand.runCommand (package:flutter_tools/src/commands/build_ios.dart:758:37)
<asynchronous suspension>
#4      FlutterCommand.run.<anonymous closure> (package:flutter_tools/src/runner/flutter_command.dart:1581:27)
<asynchronous suspension>
#5      AppContext.run.<anonymous closure> (package:flutter_tools/src/base/context.dart:154:19)
<asynchronous suspension>
#6      CommandRunner.runCommand (package:args/command_runner.dart:212:13)
<asynchronous suspension>
#7      FlutterCommandRunner.runCommand.<anonymous closure> (package:flutter_tools/src/runner/flutter_command_runner.dart:503:9)
<asynchronous suspension>
#8      AppContext.run.<anonymous closure> (package:flutter_tools/src/base/context.dart:154:19)
<asynchronous suspension>
#9      FlutterCommandRunner.runCommand (package:flutter_tools/src/runner/flutter_command_runner.dart:438:5)
<asynchronous suspension>
#10     run.<anonymous closure>.<anonymous closure> (package:flutter_tools/runner.dart:98:11)
<asynchronous suspension>
#11     AppContext.run.<anonymous closure> (package:flutter_tools/src/base/context.dart:154:19)
<asynchronous suspension>
#12     main (package:flutter_tools/executable.dart:101:3)
<asynchronous suspension>
```

## flutter doctor

```
[✓] Flutter (Channel stable, 3.35.3, on macOS 15.4.1 24E263 darwin-arm64, locale en-TR) [593ms]
    • Flutter version 3.35.3 on channel stable at /opt/homebrew/share/flutter
    • Upstream repository https://github.com/flutter/flutter.git
    • Framework revision a402d9a437 (3 days ago), 2025-09-03 14:54:31 -0700
    • Engine revision ddf47dd3ff
    • Dart version 3.9.2
    • DevTools version 2.48.0
    • Feature flags: enable-web, enable-linux-desktop, enable-macos-desktop, enable-windows-desktop, enable-android, enable-ios, cli-animations, enable-lldb-debugging

[!] Android toolchain - develop for Android devices (Android SDK version 36.1.0-rc1) [1,815ms]
    • Android SDK at /Users/onronder/Library/Android/sdk
    • Emulator version 36.1.9.0 (build_id 13823996) (CL:N/A)
    ✗ cmdline-tools component is missing.
      Try installing or updating Android Studio.
      Alternatively, download the tools from https://developer.android.com/studio#command-line-tools-only and make sure to set the ANDROID_HOME environment variable.
      See https://developer.android.com/studio/command-line for more details.
    ✗ Android license status unknown.
      Run `flutter doctor --android-licenses` to accept the SDK licenses.
      See https://flutter.dev/to/macos-android-setup for more details.

[✓] Xcode - develop for iOS and macOS (Xcode 16.4) [1,999ms]
    • Xcode at /Applications/Xcode.app/Contents/Developer
    • Build 16F6
    • CocoaPods version 1.16.2

[✓] Chrome - develop for the web [15ms]
    • Chrome at /Applications/Google Chrome.app/Contents/MacOS/Google Chrome

[✓] Android Studio (version 2025.1) [12ms]
    • Android Studio at /Applications/Android Studio.app/Contents
    • Flutter plugin can be installed from:
      🔨 https://plugins.jetbrains.com/plugin/9212-flutter
    • Dart plugin can be installed from:
      🔨 https://plugins.jetbrains.com/plugin/6351-dart
    • Java version OpenJDK Runtime Environment (build 21.0.7+-13880790-b1038.58)

[✓] Connected device (4 available) [11.7s]
    • O (wireless) (mobile)  • 00008110-000565262E04801E            • ios            • iOS 18.5 22F76
    • iPhone 16 Pro (mobile) • 2E64B2C3-2B7B-45F2-9909-3D0A2CD83A67 • ios            • com.apple.CoreSimulator.SimRuntime.iOS-18-6 (simulator)
    • macOS (desktop)        • macos                                • darwin-arm64   • macOS 15.4.1 24E263 darwin-arm64
    • Chrome (web)           • chrome                               • web-javascript • Google Chrome 139.0.7258.155

[✓] Network resources [725ms]
    • All expected network resources are available.

! Doctor found issues in 1 category.
```
