2025-09-06 15:52:36 +0000 [MT] Rejected distribution method <IDEDistributionMethodTVOSAppStoreDistribution: 0x600000821390> because it doesn't support distributing archive
2025-09-06 15:52:36 +0000 [MT] Rejected distribution method <IDEDistributionMethodAppStoreDistributionVisionOS: 0x6000008213e0> because it doesn't support distributing archive
2025-09-06 15:52:36 +0000 [MT] Rejected distribution method <IDEDistributionMethodMacAppStoreDistribution: 0x6000008214a0> because it doesn't support distributing archive
2025-09-06 15:52:36 +0000 [MT] Accepted distribution method <IDEDistributionMethodiOSAppStoreDistribution: 0x6000008214b0>
2025-09-06 15:52:36 +0000 [MT] Rejected distribution method <IDEDistributionMethodAdHocVisionOS: 0x600000821310> because it doesn't support distributing archive
2025-09-06 15:52:36 +0000 [MT] Rejected distribution method <IDEDistributionMethodWatchOSAdHoc: 0x6000008213d0> because it doesn't support distributing archive
2025-09-06 15:52:36 +0000 [MT] Rejected distribution method <IDEDistributionMethodMacAdHoc: 0x600000821400> because it doesn't support distributing archive
2025-09-06 15:52:36 +0000 [MT] Rejected distribution method <IDEDistributionMethodTVOSAdHoc: 0x600000821450> because it doesn't support distributing archive
2025-09-06 15:52:36 +0000 [MT] Accepted distribution method <IDEDistributionMethodiOSAdHoc: 0x600000821480>
2025-09-06 15:52:36 +0000 [MT] Rejected distribution method <IDEDistributionMethodTVOSEnterprise: 0x600000821320> because it doesn't support distributing archive
2025-09-06 15:52:36 +0000 [MT] Rejected distribution method <IDEDistributionMethodWatchOSEnterprise: 0x600000821370> because it doesn't support distributing archive
2025-09-06 15:52:36 +0000 [MT] Rejected distribution method <IDEDistributionMethodEnterpriseVisionOS: 0x600000821380> because it doesn't support distributing archive
2025-09-06 15:52:36 +0000 [MT] Accepted distribution method <IDEDistributionMethodiOSEnterprise: 0x600000821420>
2025-09-06 15:52:36 +0000 [MT] Accepted distribution method <IDEDistributionMethodDevelopmentSigned: 0x600000821330>
2025-09-06 15:52:36 +0000 [MT] Rejected distribution method <IDEDistributionMethodDevelopmentSignedVisionOS: 0x600000821350> because it doesn't support distributing archive
2025-09-06 15:52:36 +0000 [MT] Rejected distribution method <IDEDistributionMethodWatchOSDevelopmentSigned: 0x6000008213a0> because it doesn't support distributing archive
2025-09-06 15:52:36 +0000 [MT] Rejected distribution method <IDEDistributionMethodTVOSDevelopmentSigned: 0x6000008213f0> because it doesn't support distributing archive
2025-09-06 15:52:36 +0000 [MT] Rejected distribution method <IDEDistributionMethodDeveloperIDNotarizedApp: 0x600000821340> because it doesn't support distributing archive
2025-09-06 15:52:36 +0000 [MT] Rejected distribution method <IDEDistributionMethodDeveloperID: 0x600000821410> because it doesn't support distributing archive
2025-09-06 15:52:36 +0000 [MT] Rejected distribution method <IDEDistributionMethodSaveBuiltProducts: 0x6000008213b0> because it doesn't support distributing archive
2025-09-06 15:52:36 +0000 [MT] Rejected distribution method <IDEDistributionMethodDevelopmentSignedMac: 0x600000821430> because it doesn't support distributing archive
2025-09-06 15:52:36 +0000 [MT] Rejected distribution method <IDEDistributionMethodMacApplication: 0x600000821460> because it doesn't support distributing archive
2025-09-06 15:52:36 +0000 [MT] Rejected distribution method <IDEDistributionMethodAppStoreValidationVisionOS: 0x600000821360> because it doesn't support distributing archive
2025-09-06 15:52:36 +0000 [MT] Rejected distribution method <IDEDistributionMethodMacAppStoreValidation: 0x600000821440> because it doesn't support distributing archive
2025-09-06 15:52:36 +0000 [MT] Rejected distribution method <IDEDistributionMethodiOSAppStoreValidation: 0x600000821470> because it doesn't support distributing archive
2025-09-06 15:52:36 +0000 [MT] Rejected distribution method <IDEDistributionMethodTVOSAppStoreValidation: 0x600000821490> because it doesn't support distributing archive
2025-09-06 15:52:36 +0000 [MT] Rejected distribution method <IDEDistributionMethodExportArchive: 0x6000008213c0> because it doesn't support distributing archive
2025-09-06 15:52:36 +0000 [MT] Rejected distribution method <IDEDistributionMethodTVOSAppStoreDistribution: 0x600000821390> because it doesn't support distributing archive
2025-09-06 15:52:36 +0000 [MT] Rejected distribution method <IDEDistributionMethodAppStoreDistributionVisionOS: 0x6000008213e0> because it doesn't support distributing archive
2025-09-06 15:52:36 +0000 [MT] Rejected distribution method <IDEDistributionMethodMacAppStoreDistribution: 0x6000008214a0> because it doesn't support distributing archive
2025-09-06 15:52:36 +0000 [MT] Rejected distribution method <IDEDistributionMethodiOSAppStoreDistribution: 0x6000008214b0> because it doesn't support distributing archive
2025-09-06 15:52:36 +0000 [MT] Rejected distribution method <IDEDistributionMethodAdHocVisionOS: 0x600000821310> because it doesn't support distributing archive
2025-09-06 15:52:36 +0000 [MT] Rejected distribution method <IDEDistributionMethodWatchOSAdHoc: 0x6000008213d0> because it doesn't support distributing archive
2025-09-06 15:52:36 +0000 [MT] Rejected distribution method <IDEDistributionMethodMacAdHoc: 0x600000821400> because it doesn't support distributing archive
2025-09-06 15:52:36 +0000 [MT] Rejected distribution method <IDEDistributionMethodTVOSAdHoc: 0x600000821450> because it doesn't support distributing archive
2025-09-06 15:52:36 +0000 [MT] Rejected distribution method <IDEDistributionMethodiOSAdHoc: 0x600000821480> because it doesn't support distributing archive
2025-09-06 15:52:36 +0000 [MT] Rejected distribution method <IDEDistributionMethodTVOSEnterprise: 0x600000821320> because it doesn't support distributing archive
2025-09-06 15:52:36 +0000 [MT] Rejected distribution method <IDEDistributionMethodWatchOSEnterprise: 0x600000821370> because it doesn't support distributing archive
2025-09-06 15:52:36 +0000 [MT] Rejected distribution method <IDEDistributionMethodEnterpriseVisionOS: 0x600000821380> because it doesn't support distributing archive
2025-09-06 15:52:36 +0000 [MT] Rejected distribution method <IDEDistributionMethodiOSEnterprise: 0x600000821420> because it doesn't support distributing archive
2025-09-06 15:52:36 +0000 [MT] Rejected distribution method <IDEDistributionMethodDevelopmentSigned: 0x600000821330> because it doesn't support distributing archive
2025-09-06 15:52:36 +0000 [MT] Rejected distribution method <IDEDistributionMethodDevelopmentSignedVisionOS: 0x600000821350> because it doesn't support distributing archive
2025-09-06 15:52:36 +0000 [MT] Rejected distribution method <IDEDistributionMethodWatchOSDevelopmentSigned: 0x6000008213a0> because it doesn't support distributing archive
2025-09-06 15:52:36 +0000 [MT] Rejected distribution method <IDEDistributionMethodTVOSDevelopmentSigned: 0x6000008213f0> because it doesn't support distributing archive
2025-09-06 15:52:36 +0000 [MT] Rejected distribution method <IDEDistributionMethodDeveloperIDNotarizedApp: 0x600000821340> because it doesn't support distributing archive
2025-09-06 15:52:36 +0000 [MT] Rejected distribution method <IDEDistributionMethodDeveloperID: 0x600000821410> because it doesn't support distributing archive
2025-09-06 15:52:36 +0000 [MT] Rejected distribution method <IDEDistributionMethodSaveBuiltProducts: 0x6000008213b0> because it doesn't support distributing archive
2025-09-06 15:52:36 +0000 [MT] Rejected distribution method <IDEDistributionMethodDevelopmentSignedMac: 0x600000821430> because it doesn't support distributing archive
2025-09-06 15:52:36 +0000 [MT] Rejected distribution method <IDEDistributionMethodMacApplication: 0x600000821460> because it doesn't support distributing archive
2025-09-06 15:52:36 +0000 [MT] Rejected distribution method <IDEDistributionMethodAppStoreValidationVisionOS: 0x600000821360> because it doesn't support distributing archive
2025-09-06 15:52:36 +0000 [MT] Rejected distribution method <IDEDistributionMethodMacAppStoreValidation: 0x600000821440> because it doesn't support distributing archive
2025-09-06 15:52:36 +0000 [MT] Accepted distribution method <IDEDistributionMethodiOSAppStoreValidation: 0x600000821470>
2025-09-06 15:52:36 +0000 [MT] Rejected distribution method <IDEDistributionMethodTVOSAppStoreValidation: 0x600000821490> because it doesn't support distributing archive
2025-09-06 15:52:36 +0000 [MT] Rejected distribution method <IDEDistributionMethodExportArchive: 0x6000008213c0> because it doesn't support distributing archive
2025-09-06 15:52:36 +0000 [MT] Available distribution methods: {(
    <IDEDistributionMethodiOSAppStoreDistribution: 0x6000008214b0>,
    <IDEDistributionMethodiOSAdHoc: 0x600000821480>,
    <IDEDistributionMethodiOSEnterprise: 0x600000821420>,
    <IDEDistributionMethodDevelopmentSigned: 0x600000821330>,
    <IDEDistributionMethodiOSAppStoreValidation: 0x600000821470>
)}
2025-09-06 15:52:36 +0000 [MT] Rejected distribution method <IDEDistributionMethodTVOSAppStoreDistribution: 0x600000821390> because it doesn't support distributing archive
2025-09-06 15:52:36 +0000 [MT] Rejected distribution method <IDEDistributionMethodAppStoreDistributionVisionOS: 0x6000008213e0> because it doesn't support distributing archive
2025-09-06 15:52:36 +0000 [MT] Rejected distribution method <IDEDistributionMethodMacAppStoreDistribution: 0x6000008214a0> because it doesn't support distributing archive
2025-09-06 15:52:36 +0000 [MT] Accepted distribution method <IDEDistributionMethodiOSAppStoreDistribution: 0x6000008214b0>
2025-09-06 15:52:36 +0000 [MT] Rejected distribution method <IDEDistributionMethodAdHocVisionOS: 0x600000821310> because it doesn't support distributing archive
2025-09-06 15:52:36 +0000 [MT] Rejected distribution method <IDEDistributionMethodWatchOSAdHoc: 0x6000008213d0> because it doesn't support distributing archive
2025-09-06 15:52:36 +0000 [MT] Rejected distribution method <IDEDistributionMethodMacAdHoc: 0x600000821400> because it doesn't support distributing archive
2025-09-06 15:52:36 +0000 [MT] Rejected distribution method <IDEDistributionMethodTVOSAdHoc: 0x600000821450> because it doesn't support distributing archive
2025-09-06 15:52:36 +0000 [MT] Accepted distribution method <IDEDistributionMethodiOSAdHoc: 0x600000821480>
2025-09-06 15:52:36 +0000 [MT] Rejected distribution method <IDEDistributionMethodTVOSEnterprise: 0x600000821320> because it doesn't support distributing archive
2025-09-06 15:52:36 +0000 [MT] Rejected distribution method <IDEDistributionMethodWatchOSEnterprise: 0x600000821370> because it doesn't support distributing archive
2025-09-06 15:52:36 +0000 [MT] Rejected distribution method <IDEDistributionMethodEnterpriseVisionOS: 0x600000821380> because it doesn't support distributing archive
2025-09-06 15:52:36 +0000 [MT] Accepted distribution method <IDEDistributionMethodiOSEnterprise: 0x600000821420>
2025-09-06 15:52:36 +0000 [MT] Accepted distribution method <IDEDistributionMethodDevelopmentSigned: 0x600000821330>
2025-09-06 15:52:36 +0000 [MT] Rejected distribution method <IDEDistributionMethodDevelopmentSignedVisionOS: 0x600000821350> because it doesn't support distributing archive
2025-09-06 15:52:36 +0000 [MT] Rejected distribution method <IDEDistributionMethodWatchOSDevelopmentSigned: 0x6000008213a0> because it doesn't support distributing archive
2025-09-06 15:52:36 +0000 [MT] Rejected distribution method <IDEDistributionMethodTVOSDevelopmentSigned: 0x6000008213f0> because it doesn't support distributing archive
2025-09-06 15:52:36 +0000 [MT] Rejected distribution method <IDEDistributionMethodDeveloperIDNotarizedApp: 0x600000821340> because it doesn't support distributing archive
2025-09-06 15:52:36 +0000 [MT] Rejected distribution method <IDEDistributionMethodDeveloperID: 0x600000821410> because it doesn't support distributing archive
2025-09-06 15:52:36 +0000 [MT] Rejected distribution method <IDEDistributionMethodSaveBuiltProducts: 0x6000008213b0> because it doesn't support distributing archive
2025-09-06 15:52:36 +0000 [MT] Rejected distribution method <IDEDistributionMethodDevelopmentSignedMac: 0x600000821430> because it doesn't support distributing archive
2025-09-06 15:52:36 +0000 [MT] Rejected distribution method <IDEDistributionMethodMacApplication: 0x600000821460> because it doesn't support distributing archive
2025-09-06 15:52:36 +0000 [MT] Rejected distribution method <IDEDistributionMethodAppStoreValidationVisionOS: 0x600000821360> because it doesn't support distributing archive
2025-09-06 15:52:36 +0000 [MT] Rejected distribution method <IDEDistributionMethodMacAppStoreValidation: 0x600000821440> because it doesn't support distributing archive
2025-09-06 15:52:36 +0000 [MT] Rejected distribution method <IDEDistributionMethodiOSAppStoreValidation: 0x600000821470> because it doesn't support distributing archive
2025-09-06 15:52:36 +0000 [MT] Rejected distribution method <IDEDistributionMethodTVOSAppStoreValidation: 0x600000821490> because it doesn't support distributing archive
2025-09-06 15:52:36 +0000 [MT] Rejected distribution method <IDEDistributionMethodExportArchive: 0x6000008213c0> because it doesn't support distributing archive
2025-09-06 15:52:36 +0000 [MT] Rejected distribution method <IDEDistributionMethodTVOSAppStoreDistribution: 0x600000821390> because it doesn't support distributing archive
2025-09-06 15:52:36 +0000 [MT] Rejected distribution method <IDEDistributionMethodAppStoreDistributionVisionOS: 0x6000008213e0> because it doesn't support distributing archive
2025-09-06 15:52:36 +0000 [MT] Rejected distribution method <IDEDistributionMethodMacAppStoreDistribution: 0x6000008214a0> because it doesn't support distributing archive
2025-09-06 15:52:36 +0000 [MT] Rejected distribution method <IDEDistributionMethodiOSAppStoreDistribution: 0x6000008214b0> because it doesn't support distributing archive
2025-09-06 15:52:36 +0000 [MT] Rejected distribution method <IDEDistributionMethodAdHocVisionOS: 0x600000821310> because it doesn't support distributing archive
2025-09-06 15:52:36 +0000 [MT] Rejected distribution method <IDEDistributionMethodWatchOSAdHoc: 0x6000008213d0> because it doesn't support distributing archive
2025-09-06 15:52:36 +0000 [MT] Rejected distribution method <IDEDistributionMethodMacAdHoc: 0x600000821400> because it doesn't support distributing archive
2025-09-06 15:52:36 +0000 [MT] Rejected distribution method <IDEDistributionMethodTVOSAdHoc: 0x600000821450> because it doesn't support distributing archive
2025-09-06 15:52:36 +0000 [MT] Rejected distribution method <IDEDistributionMethodiOSAdHoc: 0x600000821480> because it doesn't support distributing archive
2025-09-06 15:52:36 +0000 [MT] Rejected distribution method <IDEDistributionMethodTVOSEnterprise: 0x600000821320> because it doesn't support distributing archive
2025-09-06 15:52:36 +0000 [MT] Rejected distribution method <IDEDistributionMethodWatchOSEnterprise: 0x600000821370> because it doesn't support distributing archive
2025-09-06 15:52:36 +0000 [MT] Rejected distribution method <IDEDistributionMethodEnterpriseVisionOS: 0x600000821380> because it doesn't support distributing archive
2025-09-06 15:52:36 +0000 [MT] Rejected distribution method <IDEDistributionMethodiOSEnterprise: 0x600000821420> because it doesn't support distributing archive
2025-09-06 15:52:36 +0000 [MT] Rejected distribution method <IDEDistributionMethodDevelopmentSigned: 0x600000821330> because it doesn't support distributing archive
2025-09-06 15:52:36 +0000 [MT] Rejected distribution method <IDEDistributionMethodDevelopmentSignedVisionOS: 0x600000821350> because it doesn't support distributing archive
2025-09-06 15:52:36 +0000 [MT] Rejected distribution method <IDEDistributionMethodWatchOSDevelopmentSigned: 0x6000008213a0> because it doesn't support distributing archive
2025-09-06 15:52:36 +0000 [MT] Rejected distribution method <IDEDistributionMethodTVOSDevelopmentSigned: 0x6000008213f0> because it doesn't support distributing archive
2025-09-06 15:52:36 +0000 [MT] Rejected distribution method <IDEDistributionMethodDeveloperIDNotarizedApp: 0x600000821340> because it doesn't support distributing archive
2025-09-06 15:52:36 +0000 [MT] Rejected distribution method <IDEDistributionMethodDeveloperID: 0x600000821410> because it doesn't support distributing archive
2025-09-06 15:52:36 +0000 [MT] Rejected distribution method <IDEDistributionMethodSaveBuiltProducts: 0x6000008213b0> because it doesn't support distributing archive
2025-09-06 15:52:36 +0000 [MT] Rejected distribution method <IDEDistributionMethodDevelopmentSignedMac: 0x600000821430> because it doesn't support distributing archive
2025-09-06 15:52:36 +0000 [MT] Rejected distribution method <IDEDistributionMethodMacApplication: 0x600000821460> because it doesn't support distributing archive
2025-09-06 15:52:36 +0000 [MT] Rejected distribution method <IDEDistributionMethodAppStoreValidationVisionOS: 0x600000821360> because it doesn't support distributing archive
2025-09-06 15:52:36 +0000 [MT] Rejected distribution method <IDEDistributionMethodMacAppStoreValidation: 0x600000821440> because it doesn't support distributing archive
2025-09-06 15:52:36 +0000 [MT] Accepted distribution method <IDEDistributionMethodiOSAppStoreValidation: 0x600000821470>
2025-09-06 15:52:36 +0000 [MT] Rejected distribution method <IDEDistributionMethodTVOSAppStoreValidation: 0x600000821490> because it doesn't support distributing archive
2025-09-06 15:52:36 +0000 [MT] Rejected distribution method <IDEDistributionMethodExportArchive: 0x6000008213c0> because it doesn't support distributing archive
2025-09-06 15:52:36 +0000 [MT] Available distribution methods: {(
    <IDEDistributionMethodiOSAppStoreDistribution: 0x6000008214b0>,
    <IDEDistributionMethodiOSAdHoc: 0x600000821480>,
    <IDEDistributionMethodiOSEnterprise: 0x600000821420>,
    <IDEDistributionMethodDevelopmentSigned: 0x600000821330>,
    <IDEDistributionMethodiOSAppStoreValidation: 0x600000821470>
)}
2025-09-06 15:52:36 +0000 [MT] Skipping reformat archive step. No reformatter selected for archive <DVTFilePath:0x60000247c280:'/Volumes/workspace/tmp/c66d9317-352a-4112-b8ec-74758972627d.xcarchive'>
2025-09-06 15:52:37 +0000 [MT] IDEDistributionItem init <DVTFilePath:0x600002121810:'/Volumes/workspace/tmp/c66d9317-352a-4112-b8ec-74758972627d.xcarchive/Products/Applications/Runner.app/Frameworks/libswift_Concurrency.dylib'>
2025-09-06 15:52:37 +0000 [MT] [OPTIONAL] Can't have a profile, not a bundle at <DVTFilePath:0x600002121810:'/Volumes/workspace/tmp/c66d9317-352a-4112-b8ec-74758972627d.xcarchive/Products/Applications/Runner.app/Frameworks/libswift_Concurrency.dylib'>
2025-09-06 15:52:37 +0000 [MT] IDEDistributionItem init <DVTFilePath:0x600002e1d8c0:'/Volumes/workspace/tmp/c66d9317-352a-4112-b8ec-74758972627d.xcarchive/Products/Applications/Runner.app'>
2025-09-06 15:52:37 +0000 [MT] Set distributionItems on context: (
    "<IDEDistributionItem: 0x600002e853e0; bundleID='com.fittechs.duruNotesApp', path='<DVTFilePath:0x600002e1d8c0:'/Volumes/workspace/tmp/c66d9317-352a-4112-b8ec-74758972627d.xcarchive/Products/Applications/Runner.app'>', codeSigningInfo='<_DVTCodeSigningInformation_Path: 0x600002e85320; isSigned='1', isAdHocSigned='1', signingCertificate='(null)', entitlements='{\n    \"com.apple.security.application-groups\" =     (\n        \"group.com.fittechs.durunotes\"\n    );\n}', teamID='(null)', identifier='com.fittechs.duruNotesApp', executablePath='<DVTFilePath:0x600002ea5800:'/Volumes/workspace/tmp/c66d9317-352a-4112-b8ec-74758972627d.xcarchive/Products/Applications/Runner.app/Runner'>', hardenedRuntime='0'>'>"
)
2025-09-06 15:52:37 +0000 [MT] Item /Volumes/workspace/tmp/c66d9317-352a-4112-b8ec-74758972627d.xcarchive/Products/Applications/Runner.app doesn't have the entitlement com.apple.developer.web-browser-engine.host enabled, returning ["arm64e"]
2025-09-06 15:52:37 +0000 [MT] Archs to thin for item /Volumes/workspace/tmp/c66d9317-352a-4112-b8ec-74758972627d.xcarchive/Products/Applications/Runner.app are ["arm64e"]
2025-09-06 15:52:37 +0000 [MT] Item /Volumes/workspace/tmp/c66d9317-352a-4112-b8ec-74758972627d.xcarchive/Products/Applications/Runner.app/Frameworks/libswift_Concurrency.dylib doesn't have the entitlement com.apple.developer.web-browser-engine.host enabled, returning ["arm64e"]
2025-09-06 15:52:37 +0000 [MT] Archs to thin for item /Volumes/workspace/tmp/c66d9317-352a-4112-b8ec-74758972627d.xcarchive/Products/Applications/Runner.app/Frameworks/libswift_Concurrency.dylib are ["arm64e"]
2025-09-06 15:52:37 +0000 [MT] Distributable's provisioning style is Automatic
2025-09-06 15:52:37 +0000 [MT] Starting evaluation for distribution items:
(
    "<IDEDistributionItem: 0x600002e853e0; bundleID='com.fittechs.duruNotesApp', path='<DVTFilePath:0x600002e1d8c0:'/Volumes/workspace/tmp/c66d9317-352a-4112-b8ec-74758972627d.xcarchive/Products/Applications/Runner.app'>', codeSigningInfo='<_DVTCodeSigningInformation_Path: 0x600002e85320; isSigned='1', isAdHocSigned='1', signingCertificate='(null)', entitlements='{\n    \"com.apple.security.application-groups\" =     (\n        \"group.com.fittechs.durunotes\"\n    );\n}', teamID='(null)', identifier='com.fittechs.duruNotesApp', executablePath='<DVTFilePath:0x600002ea5800:'/Volumes/workspace/tmp/c66d9317-352a-4112-b8ec-74758972627d.xcarchive/Products/Applications/Runner.app/Runner'>', hardenedRuntime='0'>'>"
)
2025-09-06 15:52:37 +0000 [MT] Evaluating <IDEDistributionItemProvisionable: 0x600002469700; distributionItem='<IDEDistributionItem: 0x600002e853e0; bundleID='com.fittechs.duruNotesApp', path='<DVTFilePath:0x600002e1d8c0:'/Volumes/workspace/tmp/c66d9317-352a-4112-b8ec-74758972627d.xcarchive/Products/Applications/Runner.app'>', codeSigningInfo='<_DVTCodeSigningInformation_Path: 0x600002e85320; isSigned='1', isAdHocSigned='1', signingCertificate='(null)', entitlements='{
    "com.apple.security.application-groups" =     (
        "group.com.fittechs.durunotes"
    );
}', teamID='(null)', identifier='com.fittechs.duruNotesApp', executablePath='<DVTFilePath:0x600002ea5800:'/Volumes/workspace/tmp/c66d9317-352a-4112-b8ec-74758972627d.xcarchive/Products/Applications/Runner.app/Runner'>', hardenedRuntime='0'>'>', team='<IDEProvisioningBasicTeam: 0x600000ba09e0; teamID='3CBK9E82BZ', teamName='(null)'>', method='<IDEDistributionMethodiOSAdHoc: 0x600000821480>', provisioningStyle='0', entitlementsProcessors='(
    "<IDEiCloudEntitlementsProcessor: 0x600000641980>",
    "<IDEAppAttestEnvironmentEntitlementsProcessor: 0x600000640cf0>",
    "<IDEClassKitEntitlementsProcessor: 0x6000006405a0>",
    "<IDEAppIdentifierPrefixedEntitlementsProcessor: 0x600000641d10>"
)'> with overrides <IDEProvisionableOverrides 0x600003d100b0: configuration: Default, profileSupport: <IDEProvisioningProfileSupport: 0x600000828330>, provisioningStyle: (null), certificateSigningStyle: (null), provisioningPurpose: ad-hoc, team: (null), platform: <DVTPlatform:0x60000243da80:'com.apple.platform.iphoneos':<DVTFilePath:0x60000210c7e0:'/Applications/Xcode.app/Contents/Developer/Platforms/iPhoneOS.platform'>>, sdk: (null), sdkVariant: (null), profileSpecifier: (null), certificateIdentifier: (null), bundleIdentifier: (null), entitlements: (null), entitlementsFile: (null), baseEntitlements: (null), entitlementsExpansion: (null), entitlementsDestination: (null), allowSigningWithoutTeamSelection: (null), signingRequiresTeam: (null), appIDFeatures: (null)>
2025-09-06 15:52:37 +0000 [MT] Applying entitlements delta for <IDEDistributionItem: 0x600002e853e0; bundleID='com.fittechs.duruNotesApp', path='<DVTFilePath:0x600002e1d8c0:'/Volumes/workspace/tmp/c66d9317-352a-4112-b8ec-74758972627d.xcarchive/Products/Applications/Runner.app'>', codeSigningInfo='<_DVTCodeSigningInformation_Path: 0x600002e85320; isSigned='1', isAdHocSigned='1', signingCertificate='(null)', entitlements='{
    "com.apple.security.application-groups" =     (
        "group.com.fittechs.durunotes"
    );
}', teamID='(null)', identifier='com.fittechs.duruNotesApp', executablePath='<DVTFilePath:0x600002ea5800:'/Volumes/workspace/tmp/c66d9317-352a-4112-b8ec-74758972627d.xcarchive/Products/Applications/Runner.app/Runner'>', hardenedRuntime='0'>'> from <IDEiCloudEntitlementsProcessor: 0x600000641980>: {
}
2025-09-06 15:52:37 +0000 [MT] Applying entitlements delta for <IDEDistributionItem: 0x600002e853e0; bundleID='com.fittechs.duruNotesApp', path='<DVTFilePath:0x600002e1d8c0:'/Volumes/workspace/tmp/c66d9317-352a-4112-b8ec-74758972627d.xcarchive/Products/Applications/Runner.app'>', codeSigningInfo='<_DVTCodeSigningInformation_Path: 0x600002e85320; isSigned='1', isAdHocSigned='1', signingCertificate='(null)', entitlements='{
    "com.apple.security.application-groups" =     (
        "group.com.fittechs.durunotes"
    );
}', teamID='(null)', identifier='com.fittechs.duruNotesApp', executablePath='<DVTFilePath:0x600002ea5800:'/Volumes/workspace/tmp/c66d9317-352a-4112-b8ec-74758972627d.xcarchive/Products/Applications/Runner.app/Runner'>', hardenedRuntime='0'>'> from <IDEAppAttestEnvironmentEntitlementsProcessor: 0x600000640cf0>: {
}
2025-09-06 15:52:37 +0000 [MT] Applying entitlements delta for <IDEDistributionItem: 0x600002e853e0; bundleID='com.fittechs.duruNotesApp', path='<DVTFilePath:0x600002e1d8c0:'/Volumes/workspace/tmp/c66d9317-352a-4112-b8ec-74758972627d.xcarchive/Products/Applications/Runner.app'>', codeSigningInfo='<_DVTCodeSigningInformation_Path: 0x600002e85320; isSigned='1', isAdHocSigned='1', signingCertificate='(null)', entitlements='{
    "com.apple.security.application-groups" =     (
        "group.com.fittechs.durunotes"
    );
}', teamID='(null)', identifier='com.fittechs.duruNotesApp', executablePath='<DVTFilePath:0x600002ea5800:'/Volumes/workspace/tmp/c66d9317-352a-4112-b8ec-74758972627d.xcarchive/Products/Applications/Runner.app/Runner'>', hardenedRuntime='0'>'> from <IDEClassKitEntitlementsProcessor: 0x6000006405a0>: {
}
2025-09-06 15:52:37 +0000 [MT] Applying entitlements delta for <IDEDistributionItem: 0x600002e853e0; bundleID='com.fittechs.duruNotesApp', path='<DVTFilePath:0x600002e1d8c0:'/Volumes/workspace/tmp/c66d9317-352a-4112-b8ec-74758972627d.xcarchive/Products/Applications/Runner.app'>', codeSigningInfo='<_DVTCodeSigningInformation_Path: 0x600002e85320; isSigned='1', isAdHocSigned='1', signingCertificate='(null)', entitlements='{
    "com.apple.security.application-groups" =     (
        "group.com.fittechs.durunotes"
    );
}', teamID='(null)', identifier='com.fittechs.duruNotesApp', executablePath='<DVTFilePath:0x600002ea5800:'/Volumes/workspace/tmp/c66d9317-352a-4112-b8ec-74758972627d.xcarchive/Products/Applications/Runner.app/Runner'>', hardenedRuntime='0'>'> from <IDEAppIdentifierPrefixedEntitlementsProcessor: 0x600000641d10>: {
}
2025-09-06 15:52:37 +0000 [MT] Evaluating <IDEDistributionItemProvisionable: 0x600002469600; distributionItem='<IDEDistributionItem: 0x600002e85260; bundleID='com.apple.dt.runtime.swiftConcurrency', path='<DVTFilePath:0x600002121810:'/Volumes/workspace/tmp/c66d9317-352a-4112-b8ec-74758972627d.xcarchive/Products/Applications/Runner.app/Frameworks/libswift_Concurrency.dylib'>', codeSigningInfo='<_DVTCodeSigningInformation_Path: 0x600002e84fc0; isSigned='1', isAdHocSigned='1', signingCertificate='(null)', entitlements='(null)', teamID='(null)', identifier='com.apple.dt.runtime.swiftConcurrency', executablePath='<DVTFilePath:0x600002121810:'/Volumes/workspace/tmp/c66d9317-352a-4112-b8ec-74758972627d.xcarchive/Products/Applications/Runner.app/Frameworks/libswift_Concurrency.dylib'>', hardenedRuntime='0'>'>', team='<IDEProvisioningBasicTeam: 0x600000ba09e0; teamID='3CBK9E82BZ', teamName='(null)'>', method='<IDEDistributionMethodiOSAdHoc: 0x600000821480>', provisioningStyle='0', entitlementsProcessors='(
    "<IDEiCloudEntitlementsProcessor: 0x600000640630>",
    "<IDEAppAttestEnvironmentEntitlementsProcessor: 0x6000006409c0>",
    "<IDEClassKitEntitlementsProcessor: 0x600000640c60>",
    "<IDEAppIdentifierPrefixedEntitlementsProcessor: 0x6000006409f0>"
)'> with overrides <IDEProvisionableOverrides 0x600003d2cfd0: configuration: Default, profileSupport: <IDEProvisioningProfileSupport: 0x60000082b530>, provisioningStyle: (null), certificateSigningStyle: (null), provisioningPurpose: ad-hoc, team: (null), platform: <DVTPlatform:0x60000243da80:'com.apple.platform.iphoneos':<DVTFilePath:0x60000210c7e0:'/Applications/Xcode.app/Contents/Developer/Platforms/iPhoneOS.platform'>>, sdk: (null), sdkVariant: (null), profileSpecifier: (null), certificateIdentifier: (null), bundleIdentifier: (null), entitlements: (null), entitlementsFile: (null), baseEntitlements: (null), entitlementsExpansion: (null), entitlementsDestination: (null), allowSigningWithoutTeamSelection: (null), signingRequiresTeam: (null), appIDFeatures: (null)>
2025-09-06 15:52:37 +0000 [MT] Applying entitlements delta for <IDEDistributionItem: 0x600002e85260; bundleID='com.apple.dt.runtime.swiftConcurrency', path='<DVTFilePath:0x600002121810:'/Volumes/workspace/tmp/c66d9317-352a-4112-b8ec-74758972627d.xcarchive/Products/Applications/Runner.app/Frameworks/libswift_Concurrency.dylib'>', codeSigningInfo='<_DVTCodeSigningInformation_Path: 0x600002e84fc0; isSigned='1', isAdHocSigned='1', signingCertificate='(null)', entitlements='(null)', teamID='(null)', identifier='com.apple.dt.runtime.swiftConcurrency', executablePath='<DVTFilePath:0x600002121810:'/Volumes/workspace/tmp/c66d9317-352a-4112-b8ec-74758972627d.xcarchive/Products/Applications/Runner.app/Frameworks/libswift_Concurrency.dylib'>', hardenedRuntime='0'>'> from <IDEiCloudEntitlementsProcessor: 0x600000640630>: {
}
2025-09-06 15:52:37 +0000 [MT] Applying entitlements delta for <IDEDistributionItem: 0x600002e85260; bundleID='com.apple.dt.runtime.swiftConcurrency', path='<DVTFilePath:0x600002121810:'/Volumes/workspace/tmp/c66d9317-352a-4112-b8ec-74758972627d.xcarchive/Products/Applications/Runner.app/Frameworks/libswift_Concurrency.dylib'>', codeSigningInfo='<_DVTCodeSigningInformation_Path: 0x600002e84fc0; isSigned='1', isAdHocSigned='1', signingCertificate='(null)', entitlements='(null)', teamID='(null)', identifier='com.apple.dt.runtime.swiftConcurrency', executablePath='<DVTFilePath:0x600002121810:'/Volumes/workspace/tmp/c66d9317-352a-4112-b8ec-74758972627d.xcarchive/Products/Applications/Runner.app/Frameworks/libswift_Concurrency.dylib'>', hardenedRuntime='0'>'> from <IDEAppAttestEnvironmentEntitlementsProcessor: 0x6000006409c0>: {
}
2025-09-06 15:52:37 +0000 [MT] Applying entitlements delta for <IDEDistributionItem: 0x600002e85260; bundleID='com.apple.dt.runtime.swiftConcurrency', path='<DVTFilePath:0x600002121810:'/Volumes/workspace/tmp/c66d9317-352a-4112-b8ec-74758972627d.xcarchive/Products/Applications/Runner.app/Frameworks/libswift_Concurrency.dylib'>', codeSigningInfo='<_DVTCodeSigningInformation_Path: 0x600002e84fc0; isSigned='1', isAdHocSigned='1', signingCertificate='(null)', entitlements='(null)', teamID='(null)', identifier='com.apple.dt.runtime.swiftConcurrency', executablePath='<DVTFilePath:0x600002121810:'/Volumes/workspace/tmp/c66d9317-352a-4112-b8ec-74758972627d.xcarchive/Products/Applications/Runner.app/Frameworks/libswift_Concurrency.dylib'>', hardenedRuntime='0'>'> from <IDEClassKitEntitlementsProcessor: 0x600000640c60>: {
}
2025-09-06 15:52:37 +0000 [MT] Applying entitlements delta for <IDEDistributionItem: 0x600002e85260; bundleID='com.apple.dt.runtime.swiftConcurrency', path='<DVTFilePath:0x600002121810:'/Volumes/workspace/tmp/c66d9317-352a-4112-b8ec-74758972627d.xcarchive/Products/Applications/Runner.app/Frameworks/libswift_Concurrency.dylib'>', codeSigningInfo='<_DVTCodeSigningInformation_Path: 0x600002e84fc0; isSigned='1', isAdHocSigned='1', signingCertificate='(null)', entitlements='(null)', teamID='(null)', identifier='com.apple.dt.runtime.swiftConcurrency', executablePath='<DVTFilePath:0x600002121810:'/Volumes/workspace/tmp/c66d9317-352a-4112-b8ec-74758972627d.xcarchive/Products/Applications/Runner.app/Frameworks/libswift_Concurrency.dylib'>', hardenedRuntime='0'>'> from <IDEAppIdentifierPrefixedEntitlementsProcessor: 0x6000006409f0>: {
}
2025-09-06 15:52:48 +0000 [MT] Evaluation for Runner.app is <IDEProvisionableStatusEvaluation 0x6000021983f0: inputs: <IDEProvisionableStatusEvalutorInputs 0x6000010327c0: provisionableSnapshot: <IDEProvisionableSnapshot 0x600000671230: name: Runner.app, configurations: {
    Default = "<_IDEProvisionableConfigurationSnapshot 0x600003b1a440: name: Default, provisioningStyle: 0, certificateSigningStyle: 2, team: <IDEProvisioningBasicTeam: 0x600000ba09e0; teamID='3CBK9E82BZ', teamName='(null)'>, profileSupport: <IDEProvisioningProfileSupport: 0x600000829bf0>, platform: <DVTPlatform:0x60000243da80:'com.apple.platform.iphoneos':<DVTFilePath:0x60000210c7e0:'/Applications/Xcode.app/Contents/Developer/Platforms/iPhoneOS.platform'>>, sdk: (null), sdkVariant: (null), bundleIdentifier: com.fittechs.duruNotesApp, profileSpecifier: (null), certificateIdentifier: iPhone Distribution, entitlementsFilePath: (null), baseEntitlements: <IDEProvisionableEntitlements: 0x600000ba3b00; signedEntitlements='{\n    \"com.apple.security.application-groups\" =     (\n        \"group.com.fittechs.durunotes\"\n    );\n}', simulatedEntitlements='(null)'>, entitlementsExpansion: <IDEDistributionProvisioningEntitlementsExpansion: 0x60000082ae90>, entitlementsDestination: 1, allowSigningWithoutTeamSelection: 0, signingRequiresTeam: 0, appIDFeatures: <DVTPortalAppIDFeatures 0x600000b88180: Features: {\n    \"<DVTPortalProfileFeature: 0x6000021891f0; id='APP_GROUPS', userDescription='App Groups', platforms='.macosx, .appletvos, .iphoneos, .xros, .watchos'>\" = 1;\n}, Containers: {\n    \"Xcode.Portal.Container.Type.AppGroup\" = \"{(\\n    \\\"group.com.fittechs.durunotes\\\"\\n)}\";\n}>, provisioningPurpose: ad-hoc, supportsIOSMac: 0>";
}, overrides: <IDEProvisionableOverrides 0x600003d100b0: configuration: Default, profileSupport: <IDEProvisioningProfileSupport: 0x600000828330>, provisioningStyle: (null), certificateSigningStyle: (null), provisioningPurpose: ad-hoc, team: (null), platform: <DVTPlatform:0x60000243da80:'com.apple.platform.iphoneos':<DVTFilePath:0x60000210c7e0:'/Applications/Xcode.app/Contents/Developer/Platforms/iPhoneOS.platform'>>, sdk: (null), sdkVariant: (null), profileSpecifier: (null), certificateIdentifier: (null), bundleIdentifier: (null), entitlements: (null), entitlementsFile: (null), baseEntitlements: (null), entitlementsExpansion: (null), entitlementsDestination: (null), allowSigningWithoutTeamSelection: (null), signingRequiresTeam: (null), appIDFeatures: (null)>>>, configuration: Default, codesignParameterSnapshot: <IDECodesignParameterSnapshot: 0x600000691380>:
Profile:  <DVTEmbeddedProvisioningProfile 0x600003f31080: name: iOS Team Ad Hoc Provisioning Profile: com.fittechs.duruNotesApp, UUID: a483151d-925b-4aab-b9cc-1e2c6af82300, teamName: Fittechs Yazilim Anonim Sirketi, teamIdentifierPrefixes: (
    3CBK9E82BZ
), entitlements: {
    "application-identifier" = "3CBK9E82BZ.com.fittechs.duruNotesApp";
    "com.apple.developer.team-identifier" = 3CBK9E82BZ;
    "com.apple.security.application-groups" =     (
        "group.com.fittechs.durunotes"
    );
    "get-task-allow" = 0;
    "keychain-access-groups" =     (
        "3CBK9E82BZ.*",
        "com.apple.token"
    );
}, appIdentifierName: XC com fittechs duruNotesApp, applicationIdentifierPrefixes: (
    3CBK9E82BZ
), dateCreated: 2025-09-06 15:52:47 +0000, dateExpired: 2026-09-06 15:42:45 +0000, certificateKinds: {(
    "1.2.840.113635.100.6.1.7",
    "1.2.840.113635.100.6.1.4"
)}, certificateSHA1Hashes: {(
    3B861E19F8F1689C75DB5CAC1FC0FD9A48FD69D6,
    2785E99AD4E9F67E47A793A02D22C16E4C398DA6
)}, supportedUDIDs: {(
    20fee246a39d5a07fd71179a994734fcea213672
)}, isUniversal: 0, isXcodeManaged: 1, platforms: {(
    <DVTPlatform:0x60000243db80:'com.apple.platform.xros':<DVTFilePath:0x600002e0fd20:'/Applications/Xcode.app/Contents/Developer/Platforms/XROS.platform'>>,
    <DVTPlatform:0x60000243db00:'com.apple.platform.watchos':<DVTFilePath:0x60000210c8c0:'/Applications/Xcode.app/Contents/Developer/Platforms/WatchOS.platform'>>,
    <DVTPlatform:0x60000243da80:'com.apple.platform.iphoneos':<DVTFilePath:0x60000210c7e0:'/Applications/Xcode.app/Contents/Developer/Platforms/iPhoneOS.platform'>>
)}, filePath: <DVTFilePath:0x600003834480:'/Users/local/Library/Developer/Xcode/UserData/Provisioning Profiles/a483151d-925b-4aab-b9cc-1e2c6af82300.mobileprovision'>>
Identity: 2785E99AD4E9F67E47A793A02D22C16E4C398DA6
Certificate <DVTSigningCertificate: 0x600003f24a80; name='Apple Distribution: Fittechs Yazilim Anonim Sirketi (3CBK9E82BZ)', hash='2785E99AD4E9F67E47A793A02D22C16E4C398DA6', serialNumber='78470D24FE69677E568EE319279E203C', certificateKinds='(
    "1.2.840.113635.100.6.1.7",
    "1.2.840.113635.100.6.1.4"
), issueDate='2025-09-06 15:42:46 +0000''>>, errors: (null)>
2025-09-06 15:52:48 +0000 [MT] Evaluation for libswift_Concurrency.dylib is <IDEProvisionableStatusEvaluation 0x600002180ee0: inputs: <IDEProvisionableStatusEvalutorInputs 0x600001073e40: provisionableSnapshot: <IDEProvisionableSnapshot 0x6000006bc9c0: name: libswift_Concurrency.dylib, configurations: {
    Default = "<_IDEProvisionableConfigurationSnapshot 0x600003b1a620: name: Default, provisioningStyle: 0, certificateSigningStyle: 2, team: <IDEProvisioningBasicTeam: 0x600000ba09e0; teamID='3CBK9E82BZ', teamName='(null)'>, profileSupport: <IDEProvisioningProfileSupport: 0x600000812420>, platform: <DVTPlatform:0x60000243da80:'com.apple.platform.iphoneos':<DVTFilePath:0x60000210c7e0:'/Applications/Xcode.app/Contents/Developer/Platforms/iPhoneOS.platform'>>, sdk: (null), sdkVariant: (null), bundleIdentifier: com.apple.dt.runtime.swiftConcurrency, profileSpecifier: (null), certificateIdentifier: iPhone Distribution, entitlementsFilePath: (null), baseEntitlements: <IDEProvisionableEntitlements: 0x600000b88360; signedEntitlements='{\n}', simulatedEntitlements='(null)'>, entitlementsExpansion: <IDEDistributionProvisioningEntitlementsExpansion: 0x6000008121d0>, entitlementsDestination: 1, allowSigningWithoutTeamSelection: 0, signingRequiresTeam: 0, appIDFeatures: <DVTPortalAppIDFeatures 0x600000b9e680: Features: {\n}, Containers: {\n}>, provisioningPurpose: ad-hoc, supportsIOSMac: 0>";
}, overrides: <IDEProvisionableOverrides 0x600003d2cfd0: configuration: Default, profileSupport: <IDEProvisioningProfileSupport: 0x60000082b530>, provisioningStyle: (null), certificateSigningStyle: (null), provisioningPurpose: ad-hoc, team: (null), platform: <DVTPlatform:0x60000243da80:'com.apple.platform.iphoneos':<DVTFilePath:0x60000210c7e0:'/Applications/Xcode.app/Contents/Developer/Platforms/iPhoneOS.platform'>>, sdk: (null), sdkVariant: (null), profileSpecifier: (null), certificateIdentifier: (null), bundleIdentifier: (null), entitlements: (null), entitlementsFile: (null), baseEntitlements: (null), entitlementsExpansion: (null), entitlementsDestination: (null), allowSigningWithoutTeamSelection: (null), signingRequiresTeam: (null), appIDFeatures: (null)>>>, configuration: Default, codesignParameterSnapshot: <IDECodesignParameterSnapshot: 0x6000004c74e0>:
Identity: 2785E99AD4E9F67E47A793A02D22C16E4C398DA6
Certificate <DVTSigningCertificate: 0x600003f10600; name='Apple Distribution: Fittechs Yazilim Anonim Sirketi (3CBK9E82BZ)', hash='2785E99AD4E9F67E47A793A02D22C16E4C398DA6', serialNumber='78470D24FE69677E568EE319279E203C', certificateKinds='(
    "1.2.840.113635.100.6.1.7",
    "1.2.840.113635.100.6.1.4"
), issueDate='2025-09-06 15:42:46 +0000''>>, errors: (null)>