2025-09-06 15:52:36 +0000 [MT] Starting export with options: {"raiseProfileSupportOptionalToRequired":false,"method":"ad-hoc","generateAppStoreInformation":false,"reformatterBundleIdentifier":"com.fittechs.duruNotesApp","destination":"export","embedOnDemandResourcesAssetPacksInBundle":true,"stripSwiftSymbols":true,"iCloudContainerEnvironment":"Development","testFlightInternalTestingOnly":false,"teamID":"3CBK9E82BZ","uploadSymbols":true,"thinning":"<none>","buildNumber":"68","manageAppVersionAndBuildNumber":false}
2025-09-06 15:52:36 +0000 [MT] Running step: IDEDistributionReformatterSelectionStep with <IDEDistributionContext: 0x7fd522039a30; archive(resolved)="<IDEArchive: 0x600002130310>", distributionTask(resolved)="2", distributionDestination(resolved)="1", distributionMethod(resolved)="<IDEDistributionMethodiOSAdHoc: 0x600000821480>", team(resolved)="(null)">
	Chain (3, self inclusive):
	<IDEDistributionContext: 0x7fd522039a30; archive = "<IDEArchive: 0x600002130310>", distributionMethod="<IDEDistributionMethodiOSAdHoc: 0x600000821480>", team="(null)">
	<IDEDistributionContext: 0x7fd5227174f0; archive = "<IDEArchive: 0x600002130310>", distributionMethod="<IDEDistributionMethodiOSAdHoc: 0x600000821480>", team="(null)">
	<IDEDistributionContext: 0x7fd52270aa50; archive = "<IDEArchive: 0x600002130310>", distributionMethod="(null)", team="(null)">
</IDEDistributionContext: 0x7fd522039a30>
2025-09-06 15:52:36 +0000 [MT] Skipping reformatter selection. Selection is not required. There was no failure determining reformatter requirements.
2025-09-06 15:52:36 +0000 [MT] Running step: IDEDistributionReformatArchiveStep with <IDEDistributionContext: 0x7fd52203a220; archive(resolved)="<IDEArchive: 0x600002130310>", distributionTask(resolved)="2", distributionDestination(resolved)="1", distributionMethod(resolved)="<IDEDistributionMethodiOSAdHoc: 0x600000821480>", team(resolved)="(null)">
	Chain (4, self inclusive):
	<IDEDistributionContext: 0x7fd52203a220; archive = "<IDEArchive: 0x600002130310>", distributionMethod="<IDEDistributionMethodiOSAdHoc: 0x600000821480>", team="(null)">
	<IDEDistributionContext: 0x7fd522039a30; archive = "<IDEArchive: 0x600002130310>", distributionMethod="<IDEDistributionMethodiOSAdHoc: 0x600000821480>", team="(null)">
	<IDEDistributionContext: 0x7fd5227174f0; archive = "<IDEArchive: 0x600002130310>", distributionMethod="<IDEDistributionMethodiOSAdHoc: 0x600000821480>", team="(null)">
	<IDEDistributionContext: 0x7fd52270aa50; archive = "<IDEArchive: 0x600002130310>", distributionMethod="(null)", team="(null)">
</IDEDistributionContext: 0x7fd52203a220>
2025-09-06 15:52:36 +0000 [MT] Running step: IDEDistributionAnalyzeArchiveStep with <IDEDistributionContext: 0x7fd52200ee40; archive(resolved)="<IDEArchive: 0x600002130310>", distributionTask(resolved)="2", distributionDestination(resolved)="1", distributionMethod(resolved)="<IDEDistributionMethodiOSAdHoc: 0x600000821480>", team(resolved)="(null)">
	Chain (5, self inclusive):
	<IDEDistributionContext: 0x7fd52200ee40; archive = "<IDEArchive: 0x600002130310>", distributionMethod="<IDEDistributionMethodiOSAdHoc: 0x600000821480>", team="(null)">
	<IDEDistributionContext: 0x7fd52203a220; archive = "<IDEArchive: 0x600002130310>", distributionMethod="<IDEDistributionMethodiOSAdHoc: 0x600000821480>", team="(null)">
	<IDEDistributionContext: 0x7fd522039a30; archive = "<IDEArchive: 0x600002130310>", distributionMethod="<IDEDistributionMethodiOSAdHoc: 0x600000821480>", team="(null)">
	<IDEDistributionContext: 0x7fd5227174f0; archive = "<IDEArchive: 0x600002130310>", distributionMethod="<IDEDistributionMethodiOSAdHoc: 0x600000821480>", team="(null)">
	<IDEDistributionContext: 0x7fd52270aa50; archive = "<IDEArchive: 0x600002130310>", distributionMethod="(null)", team="(null)">
</IDEDistributionContext: 0x7fd52200ee40>
2025-09-06 15:52:37 +0000 [MT] [OPTIONAL] Didn't find embedded provisioning profile for <DVTFilePath:0x600002e1d8c0:'/Volumes/workspace/tmp/c66d9317-352a-4112-b8ec-74758972627d.xcarchive/Products/Applications/Runner.app'>: Error Domain=NSCocoaErrorDomain Code=4 "No file at <DVTFilePath:0x6000021887e0:'/Volumes/workspace/tmp/c66d9317-352a-4112-b8ec-74758972627d.xcarchive/Products/Applications/Runner.app/embedded.mobileprovision'>" UserInfo={NSLocalizedDescription=No file at <DVTFilePath:0x6000021887e0:'/Volumes/workspace/tmp/c66d9317-352a-4112-b8ec-74758972627d.xcarchive/Products/Applications/Runner.app/embedded.mobileprovision'>}
2025-09-06 15:52:37 +0000 [MT] [OPTIONAL] Didn't find platform <DVTPlatform:0x60000243da80:'com.apple.platform.iphoneos':<DVTFilePath:0x60000210c7e0:'/Applications/Xcode.app/Contents/Developer/Platforms/iPhoneOS.platform'>> or cert (null) for <DVTFilePath:0x600002e1d8c0:'/Volumes/workspace/tmp/c66d9317-352a-4112-b8ec-74758972627d.xcarchive/Products/Applications/Runner.app'>: (null)
2025-09-06 15:52:37 +0000 [MT] Running step: IDEDistributionTeamStep with <IDEDistributionContext: 0x7fd522034b00; archive(resolved)="<IDEArchive: 0x600002130310>", distributionTask(resolved)="2", distributionDestination(resolved)="1", distributionMethod(resolved)="<IDEDistributionMethodiOSAdHoc: 0x600000821480>", team(resolved)="<IDEProvisioningBasicTeam: 0x600000ba09e0; teamID='3CBK9E82BZ', teamName='(null)'>">
	Chain (6, self inclusive):
	<IDEDistributionContext: 0x7fd522034b00; archive = "<IDEArchive: 0x600002130310>", distributionMethod="<IDEDistributionMethodiOSAdHoc: 0x600000821480>", team="<IDEProvisioningBasicTeam: 0x600000ba09e0; teamID='3CBK9E82BZ', teamName='(null)'>">
	<IDEDistributionContext: 0x7fd52200ee40; archive = "<IDEArchive: 0x600002130310>", distributionMethod="<IDEDistributionMethodiOSAdHoc: 0x600000821480>", team="(null)">
	<IDEDistributionContext: 0x7fd52203a220; archive = "<IDEArchive: 0x600002130310>", distributionMethod="<IDEDistributionMethodiOSAdHoc: 0x600000821480>", team="(null)">
	<IDEDistributionContext: 0x7fd522039a30; archive = "<IDEArchive: 0x600002130310>", distributionMethod="<IDEDistributionMethodiOSAdHoc: 0x600000821480>", team="(null)">
	<IDEDistributionContext: 0x7fd5227174f0; archive = "<IDEArchive: 0x600002130310>", distributionMethod="<IDEDistributionMethodiOSAdHoc: 0x600000821480>", team="(null)">
	<IDEDistributionContext: 0x7fd52270aa50; archive = "<IDEArchive: 0x600002130310>", distributionMethod="(null)", team="(null)">
</IDEDistributionContext: 0x7fd522034b00>
2025-09-06 15:52:37 +0000 [MT] Running step: IDEDistributionOptionsStep with <IDEDistributionContext: 0x7fd52203a780; archive(resolved)="<IDEArchive: 0x600002130310>", distributionTask(resolved)="2", distributionDestination(resolved)="1", distributionMethod(resolved)="<IDEDistributionMethodiOSAdHoc: 0x600000821480>", team(resolved)="<IDEProvisioningBasicTeam: 0x600000ba09e0; teamID='3CBK9E82BZ', teamName='(null)'>">
	Chain (7, self inclusive):
	<IDEDistributionContext: 0x7fd52203a780; archive = "<IDEArchive: 0x600002130310>", distributionMethod="<IDEDistributionMethodiOSAdHoc: 0x600000821480>", team="<IDEProvisioningBasicTeam: 0x600000ba09e0; teamID='3CBK9E82BZ', teamName='(null)'>">
	<IDEDistributionContext: 0x7fd522034b00; archive = "<IDEArchive: 0x600002130310>", distributionMethod="<IDEDistributionMethodiOSAdHoc: 0x600000821480>", team="<IDEProvisioningBasicTeam: 0x600000ba09e0; teamID='3CBK9E82BZ', teamName='(null)'>">
	<IDEDistributionContext: 0x7fd52200ee40; archive = "<IDEArchive: 0x600002130310>", distributionMethod="<IDEDistributionMethodiOSAdHoc: 0x600000821480>", team="(null)">
	<IDEDistributionContext: 0x7fd52203a220; archive = "<IDEArchive: 0x600002130310>", distributionMethod="<IDEDistributionMethodiOSAdHoc: 0x600000821480>", team="(null)">
	<IDEDistributionContext: 0x7fd522039a30; archive = "<IDEArchive: 0x600002130310>", distributionMethod="<IDEDistributionMethodiOSAdHoc: 0x600000821480>", team="(null)">
	<IDEDistributionContext: 0x7fd5227174f0; archive = "<IDEArchive: 0x600002130310>", distributionMethod="<IDEDistributionMethodiOSAdHoc: 0x600000821480>", team="(null)">
	<IDEDistributionContext: 0x7fd52270aa50; archive = "<IDEArchive: 0x600002130310>", distributionMethod="(null)", team="(null)">
</IDEDistributionContext: 0x7fd52203a780>
2025-09-06 15:52:37 +0000 [MT] Running step: IDEDistributionManifestStep with <IDEDistributionContext: 0x7fd52203a990; archive(resolved)="<IDEArchive: 0x600002130310>", distributionTask(resolved)="2", distributionDestination(resolved)="1", distributionMethod(resolved)="<IDEDistributionMethodiOSAdHoc: 0x600000821480>", team(resolved)="<IDEProvisioningBasicTeam: 0x600000ba09e0; teamID='3CBK9E82BZ', teamName='(null)'>">
	Chain (8, self inclusive):
	<IDEDistributionContext: 0x7fd52203a990; archive = "<IDEArchive: 0x600002130310>", distributionMethod="<IDEDistributionMethodiOSAdHoc: 0x600000821480>", team="<IDEProvisioningBasicTeam: 0x600000ba09e0; teamID='3CBK9E82BZ', teamName='(null)'>">
	<IDEDistributionContext: 0x7fd52203a780; archive = "<IDEArchive: 0x600002130310>", distributionMethod="<IDEDistributionMethodiOSAdHoc: 0x600000821480>", team="<IDEProvisioningBasicTeam: 0x600000ba09e0; teamID='3CBK9E82BZ', teamName='(null)'>">
	<IDEDistributionContext: 0x7fd522034b00; archive = "<IDEArchive: 0x600002130310>", distributionMethod="<IDEDistributionMethodiOSAdHoc: 0x600000821480>", team="<IDEProvisioningBasicTeam: 0x600000ba09e0; teamID='3CBK9E82BZ', teamName='(null)'>">
	<IDEDistributionContext: 0x7fd52200ee40; archive = "<IDEArchive: 0x600002130310>", distributionMethod="<IDEDistributionMethodiOSAdHoc: 0x600000821480>", team="(null)">
	<IDEDistributionContext: 0x7fd52203a220; archive = "<IDEArchive: 0x600002130310>", distributionMethod="<IDEDistributionMethodiOSAdHoc: 0x600000821480>", team="(null)">
	<IDEDistributionContext: 0x7fd522039a30; archive = "<IDEArchive: 0x600002130310>", distributionMethod="<IDEDistributionMethodiOSAdHoc: 0x600000821480>", team="(null)">
	<IDEDistributionContext: 0x7fd5227174f0; archive = "<IDEArchive: 0x600002130310>", distributionMethod="<IDEDistributionMethodiOSAdHoc: 0x600000821480>", team="(null)">
	<IDEDistributionContext: 0x7fd52270aa50; archive = "<IDEArchive: 0x600002130310>", distributionMethod="(null)", team="(null)">
</IDEDistributionContext: 0x7fd52203a990>
2025-09-06 15:52:37 +0000 [MT] Running step: IDEDistributionSigningMethodStep with <IDEDistributionContext: 0x7fd52203adc0; archive(resolved)="<IDEArchive: 0x600002130310>", distributionTask(resolved)="2", distributionDestination(resolved)="1", distributionMethod(resolved)="<IDEDistributionMethodiOSAdHoc: 0x600000821480>", team(resolved)="<IDEProvisioningBasicTeam: 0x600000ba09e0; teamID='3CBK9E82BZ', teamName='(null)'>">
	Chain (9, self inclusive):
	<IDEDistributionContext: 0x7fd52203adc0; archive = "<IDEArchive: 0x600002130310>", distributionMethod="<IDEDistributionMethodiOSAdHoc: 0x600000821480>", team="<IDEProvisioningBasicTeam: 0x600000ba09e0; teamID='3CBK9E82BZ', teamName='(null)'>">
	<IDEDistributionContext: 0x7fd52203a990; archive = "<IDEArchive: 0x600002130310>", distributionMethod="<IDEDistributionMethodiOSAdHoc: 0x600000821480>", team="<IDEProvisioningBasicTeam: 0x600000ba09e0; teamID='3CBK9E82BZ', teamName='(null)'>">
	<IDEDistributionContext: 0x7fd52203a780; archive = "<IDEArchive: 0x600002130310>", distributionMethod="<IDEDistributionMethodiOSAdHoc: 0x600000821480>", team="<IDEProvisioningBasicTeam: 0x600000ba09e0; teamID='3CBK9E82BZ', teamName='(null)'>">
	<IDEDistributionContext: 0x7fd522034b00; archive = "<IDEArchive: 0x600002130310>", distributionMethod="<IDEDistributionMethodiOSAdHoc: 0x600000821480>", team="<IDEProvisioningBasicTeam: 0x600000ba09e0; teamID='3CBK9E82BZ', teamName='(null)'>">
	<IDEDistributionContext: 0x7fd52200ee40; archive = "<IDEArchive: 0x600002130310>", distributionMethod="<IDEDistributionMethodiOSAdHoc: 0x600000821480>", team="(null)">
	<IDEDistributionContext: 0x7fd52203a220; archive = "<IDEArchive: 0x600002130310>", distributionMethod="<IDEDistributionMethodiOSAdHoc: 0x600000821480>", team="(null)">
	<IDEDistributionContext: 0x7fd522039a30; archive = "<IDEArchive: 0x600002130310>", distributionMethod="<IDEDistributionMethodiOSAdHoc: 0x600000821480>", team="(null)">
	<IDEDistributionContext: 0x7fd5227174f0; archive = "<IDEArchive: 0x600002130310>", distributionMethod="<IDEDistributionMethodiOSAdHoc: 0x600000821480>", team="(null)">
	<IDEDistributionContext: 0x7fd52270aa50; archive = "<IDEArchive: 0x600002130310>", distributionMethod="(null)", team="(null)">
</IDEDistributionContext: 0x7fd52203adc0>
2025-09-06 15:52:37 +0000 [MT] Running step: IDEDistributionSigningAssetsStep with <IDEDistributionContext: 0x7fd52203afd0; archive(resolved)="<IDEArchive: 0x600002130310>", distributionTask(resolved)="2", distributionDestination(resolved)="1", distributionMethod(resolved)="<IDEDistributionMethodiOSAdHoc: 0x600000821480>", team(resolved)="<IDEProvisioningBasicTeam: 0x600000ba09e0; teamID='3CBK9E82BZ', teamName='(null)'>">
	Chain (10, self inclusive):
	<IDEDistributionContext: 0x7fd52203afd0; archive = "<IDEArchive: 0x600002130310>", distributionMethod="<IDEDistributionMethodiOSAdHoc: 0x600000821480>", team="<IDEProvisioningBasicTeam: 0x600000ba09e0; teamID='3CBK9E82BZ', teamName='(null)'>">
	<IDEDistributionContext: 0x7fd52203adc0; archive = "<IDEArchive: 0x600002130310>", distributionMethod="<IDEDistributionMethodiOSAdHoc: 0x600000821480>", team="<IDEProvisioningBasicTeam: 0x600000ba09e0; teamID='3CBK9E82BZ', teamName='(null)'>">
	<IDEDistributionContext: 0x7fd52203a990; archive = "<IDEArchive: 0x600002130310>", distributionMethod="<IDEDistributionMethodiOSAdHoc: 0x600000821480>", team="<IDEProvisioningBasicTeam: 0x600000ba09e0; teamID='3CBK9E82BZ', teamName='(null)'>">
	<IDEDistributionContext: 0x7fd52203a780; archive = "<IDEArchive: 0x600002130310>", distributionMethod="<IDEDistributionMethodiOSAdHoc: 0x600000821480>", team="<IDEProvisioningBasicTeam: 0x600000ba09e0; teamID='3CBK9E82BZ', teamName='(null)'>">
	<IDEDistributionContext: 0x7fd522034b00; archive = "<IDEArchive: 0x600002130310>", distributionMethod="<IDEDistributionMethodiOSAdHoc: 0x600000821480>", team="<IDEProvisioningBasicTeam: 0x600000ba09e0; teamID='3CBK9E82BZ', teamName='(null)'>">
	<IDEDistributionContext: 0x7fd52200ee40; archive = "<IDEArchive: 0x600002130310>", distributionMethod="<IDEDistributionMethodiOSAdHoc: 0x600000821480>", team="(null)">
	<IDEDistributionContext: 0x7fd52203a220; archive = "<IDEArchive: 0x600002130310>", distributionMethod="<IDEDistributionMethodiOSAdHoc: 0x600000821480>", team="(null)">
	<IDEDistributionContext: 0x7fd522039a30; archive = "<IDEArchive: 0x600002130310>", distributionMethod="<IDEDistributionMethodiOSAdHoc: 0x600000821480>", team="(null)">
	<IDEDistributionContext: 0x7fd5227174f0; archive = "<IDEArchive: 0x600002130310>", distributionMethod="<IDEDistributionMethodiOSAdHoc: 0x600000821480>", team="(null)">
	<IDEDistributionContext: 0x7fd52270aa50; archive = "<IDEArchive: 0x600002130310>", distributionMethod="(null)", team="(null)">
</IDEDistributionContext: 0x7fd52203afd0>
2025-09-06 15:52:48 +0000 [MT] Running step: IDEDistributionPackagingStep with <IDEDistributionContext: 0x7fd52203b1e0; archive(resolved)="<IDEArchive: 0x600002130310>", distributionTask(resolved)="2", distributionDestination(resolved)="1", distributionMethod(resolved)="<IDEDistributionMethodiOSAdHoc: 0x600000821480>", team(resolved)="<IDEProvisioningBasicTeam: 0x600000ba09e0; teamID='3CBK9E82BZ', teamName='(null)'>">
	Chain (11, self inclusive):
	<IDEDistributionContext: 0x7fd52203b1e0; archive = "<IDEArchive: 0x600002130310>", distributionMethod="<IDEDistributionMethodiOSAdHoc: 0x600000821480>", team="<IDEProvisioningBasicTeam: 0x600000ba09e0; teamID='3CBK9E82BZ', teamName='(null)'>">
	<IDEDistributionContext: 0x7fd52203afd0; archive = "<IDEArchive: 0x600002130310>", distributionMethod="<IDEDistributionMethodiOSAdHoc: 0x600000821480>", team="<IDEProvisioningBasicTeam: 0x600000ba09e0; teamID='3CBK9E82BZ', teamName='(null)'>">
	<IDEDistributionContext: 0x7fd52203adc0; archive = "<IDEArchive: 0x600002130310>", distributionMethod="<IDEDistributionMethodiOSAdHoc: 0x600000821480>", team="<IDEProvisioningBasicTeam: 0x600000ba09e0; teamID='3CBK9E82BZ', teamName='(null)'>">
	<IDEDistributionContext: 0x7fd52203a990; archive = "<IDEArchive: 0x600002130310>", distributionMethod="<IDEDistributionMethodiOSAdHoc: 0x600000821480>", team="<IDEProvisioningBasicTeam: 0x600000ba09e0; teamID='3CBK9E82BZ', teamName='(null)'>">
	<IDEDistributionContext: 0x7fd52203a780; archive = "<IDEArchive: 0x600002130310>", distributionMethod="<IDEDistributionMethodiOSAdHoc: 0x600000821480>", team="<IDEProvisioningBasicTeam: 0x600000ba09e0; teamID='3CBK9E82BZ', teamName='(null)'>">
	<IDEDistributionContext: 0x7fd522034b00; archive = "<IDEArchive: 0x600002130310>", distributionMethod="<IDEDistributionMethodiOSAdHoc: 0x600000821480>", team="<IDEProvisioningBasicTeam: 0x600000ba09e0; teamID='3CBK9E82BZ', teamName='(null)'>">
	<IDEDistributionContext: 0x7fd52200ee40; archive = "<IDEArchive: 0x600002130310>", distributionMethod="<IDEDistributionMethodiOSAdHoc: 0x600000821480>", team="(null)">
	<IDEDistributionContext: 0x7fd52203a220; archive = "<IDEArchive: 0x600002130310>", distributionMethod="<IDEDistributionMethodiOSAdHoc: 0x600000821480>", team="(null)">
	<IDEDistributionContext: 0x7fd522039a30; archive = "<IDEArchive: 0x600002130310>", distributionMethod="<IDEDistributionMethodiOSAdHoc: 0x600000821480>", team="(null)">
	<IDEDistributionContext: 0x7fd5227174f0; archive = "<IDEArchive: 0x600002130310>", distributionMethod="<IDEDistributionMethodiOSAdHoc: 0x600000821480>", team="(null)">
	<IDEDistributionContext: 0x7fd52270aa50; archive = "<IDEArchive: 0x600002130310>", distributionMethod="(null)", team="(null)">
</IDEDistributionContext: 0x7fd52203b1e0>
2025-09-06 15:52:54 +0000 [MT] Running step: IDEDistributionSummaryStep with <IDEDistributionContext: 0x7fd52220e070; archive(resolved)="<IDEArchive: 0x600002130310>", distributionTask(resolved)="2", distributionDestination(resolved)="1", distributionMethod(resolved)="<IDEDistributionMethodiOSAdHoc: 0x600000821480>", team(resolved)="<IDEProvisioningBasicTeam: 0x600000ba09e0; teamID='3CBK9E82BZ', teamName='(null)'>">
	Chain (12, self inclusive):
	<IDEDistributionContext: 0x7fd52220e070; archive = "<IDEArchive: 0x600002130310>", distributionMethod="<IDEDistributionMethodiOSAdHoc: 0x600000821480>", team="<IDEProvisioningBasicTeam: 0x600000ba09e0; teamID='3CBK9E82BZ', teamName='(null)'>">
	<IDEDistributionContext: 0x7fd52203b1e0; archive = "<IDEArchive: 0x600002130310>", distributionMethod="<IDEDistributionMethodiOSAdHoc: 0x600000821480>", team="<IDEProvisioningBasicTeam: 0x600000ba09e0; teamID='3CBK9E82BZ', teamName='(null)'>">
	<IDEDistributionContext: 0x7fd52203afd0; archive = "<IDEArchive: 0x600002130310>", distributionMethod="<IDEDistributionMethodiOSAdHoc: 0x600000821480>", team="<IDEProvisioningBasicTeam: 0x600000ba09e0; teamID='3CBK9E82BZ', teamName='(null)'>">
	<IDEDistributionContext: 0x7fd52203adc0; archive = "<IDEArchive: 0x600002130310>", distributionMethod="<IDEDistributionMethodiOSAdHoc: 0x600000821480>", team="<IDEProvisioningBasicTeam: 0x600000ba09e0; teamID='3CBK9E82BZ', teamName='(null)'>">
	<IDEDistributionContext: 0x7fd52203a990; archive = "<IDEArchive: 0x600002130310>", distributionMethod="<IDEDistributionMethodiOSAdHoc: 0x600000821480>", team="<IDEProvisioningBasicTeam: 0x600000ba09e0; teamID='3CBK9E82BZ', teamName='(null)'>">
	<IDEDistributionContext: 0x7fd52203a780; archive = "<IDEArchive: 0x600002130310>", distributionMethod="<IDEDistributionMethodiOSAdHoc: 0x600000821480>", team="<IDEProvisioningBasicTeam: 0x600000ba09e0; teamID='3CBK9E82BZ', teamName='(null)'>">
	<IDEDistributionContext: 0x7fd522034b00; archive = "<IDEArchive: 0x600002130310>", distributionMethod="<IDEDistributionMethodiOSAdHoc: 0x600000821480>", team="<IDEProvisioningBasicTeam: 0x600000ba09e0; teamID='3CBK9E82BZ', teamName='(null)'>">
	<IDEDistributionContext: 0x7fd52200ee40; archive = "<IDEArchive: 0x600002130310>", distributionMethod="<IDEDistributionMethodiOSAdHoc: 0x600000821480>", team="(null)">
	<IDEDistributionContext: 0x7fd52203a220; archive = "<IDEArchive: 0x600002130310>", distributionMethod="<IDEDistributionMethodiOSAdHoc: 0x600000821480>", team="(null)">
	<IDEDistributionContext: 0x7fd522039a30; archive = "<IDEArchive: 0x600002130310>", distributionMethod="<IDEDistributionMethodiOSAdHoc: 0x600000821480>", team="(null)">
	<IDEDistributionContext: 0x7fd5227174f0; archive = "<IDEArchive: 0x600002130310>", distributionMethod="<IDEDistributionMethodiOSAdHoc: 0x600000821480>", team="(null)">
	<IDEDistributionContext: 0x7fd52270aa50; archive = "<IDEArchive: 0x600002130310>", distributionMethod="(null)", team="(null)">
</IDEDistributionContext: 0x7fd52220e070>