2025-09-06 15:52:36 +0000 [MT] Rejected distribution method <IDEDistributionMethodAppStoreDistributionVisionOS: 0x600001184430> because it doesn't support distributing archive
2025-09-06 15:52:36 +0000 [MT] Rejected distribution method <IDEDistributionMethodMacAppStoreDistribution: 0x6000011b3ef0> because it doesn't support distributing archive
2025-09-06 15:52:36 +0000 [MT] Accepted distribution method <IDEDistributionMethodiOSAppStoreDistribution: 0x6000011b3ee0>
2025-09-06 15:52:36 +0000 [MT] Rejected distribution method <IDEDistributionMethodTVOSAppStoreDistribution: 0x6000011b3df0> because it doesn't support distributing archive
2025-09-06 15:52:36 +0000 [MT] Rejected distribution method <IDEDistributionMethodWatchOSAdHoc: 0x600001184410> because it doesn't support distributing archive
2025-09-06 15:52:36 +0000 [MT] Rejected distribution method <IDEDistributionMethodMacAdHoc: 0x6000011843e0> because it doesn't support distributing archive
2025-09-06 15:52:36 +0000 [MT] Rejected distribution method <IDEDistributionMethodTVOSAdHoc: 0x6000011b3fd0> because it doesn't support distributing archive
2025-09-06 15:52:36 +0000 [MT] Accepted distribution method <IDEDistributionMethodiOSAdHoc: 0x6000011b3f10>
2025-09-06 15:52:36 +0000 [MT] Rejected distribution method <IDEDistributionMethodAdHocVisionOS: 0x6000011b3f00> because it doesn't support distributing archive
2025-09-06 15:52:36 +0000 [MT] Accepted distribution method <IDEDistributionMethodiOSEnterprise: 0x6000011b3f30>
2025-09-06 15:52:36 +0000 [MT] Rejected distribution method <IDEDistributionMethodTVOSEnterprise: 0x6000011b3e90> because it doesn't support distributing archive
2025-09-06 15:52:36 +0000 [MT] Rejected distribution method <IDEDistributionMethodWatchOSEnterprise: 0x6000011b3e10> because it doesn't support distributing archive
2025-09-06 15:52:36 +0000 [MT] Rejected distribution method <IDEDistributionMethodEnterpriseVisionOS: 0x6000011b3e60> because it doesn't support distributing archive
2025-09-06 15:52:36 +0000 [MT] Rejected distribution method <IDEDistributionMethodTVOSDevelopmentSigned: 0x600001184400> because it doesn't support distributing archive
2025-09-06 15:52:36 +0000 [MT] Accepted distribution method <IDEDistributionMethodDevelopmentSigned: 0x6000011b3ed0>
2025-09-06 15:52:36 +0000 [MT] Rejected distribution method <IDEDistributionMethodDevelopmentSignedVisionOS: 0x6000011b3eb0> because it doesn't support distributing archive
2025-09-06 15:52:36 +0000 [MT] Rejected distribution method <IDEDistributionMethodWatchOSDevelopmentSigned: 0x6000011b3de0> because it doesn't support distributing archive
2025-09-06 15:52:36 +0000 [MT] Rejected distribution method <IDEDistributionMethodDeveloperID: 0x6000011b3fe0> because it doesn't support distributing archive
2025-09-06 15:52:36 +0000 [MT] Rejected distribution method <IDEDistributionMethodDeveloperIDNotarizedApp: 0x6000011b3ea0> because it doesn't support distributing archive
2025-09-06 15:52:36 +0000 [MT] Rejected distribution method <IDEDistributionMethodSaveBuiltProducts: 0x600001184440> because it doesn't support distributing archive
2025-09-06 15:52:36 +0000 [MT] Rejected distribution method <IDEDistributionMethodDevelopmentSignedMac: 0x6000011b3f70> because it doesn't support distributing archive
2025-09-06 15:52:36 +0000 [MT] Rejected distribution method <IDEDistributionMethodMacApplication: 0x6000011b3f40> because it doesn't support distributing archive
2025-09-06 15:52:36 +0000 [MT] Rejected distribution method <IDEDistributionMethodTVOSAppStoreValidation: 0x6000011b3ff0> because it doesn't support distributing archive
2025-09-06 15:52:36 +0000 [MT] Rejected distribution method <IDEDistributionMethodMacAppStoreValidation: 0x6000011b3f50> because it doesn't support distributing archive
2025-09-06 15:52:36 +0000 [MT] Rejected distribution method <IDEDistributionMethodiOSAppStoreValidation: 0x6000011b3f20> because it doesn't support distributing archive
2025-09-06 15:52:36 +0000 [MT] Rejected distribution method <IDEDistributionMethodAppStoreValidationVisionOS: 0x6000011b3e20> because it doesn't support distributing archive
2025-09-06 15:52:36 +0000 [MT] Rejected distribution method <IDEDistributionMethodExportArchive: 0x600001184420> because it doesn't support distributing archive
2025-09-06 15:52:36 +0000 [MT] Rejected distribution method <IDEDistributionMethodAppStoreDistributionVisionOS: 0x600001184430> because it doesn't support distributing archive
2025-09-06 15:52:36 +0000 [MT] Rejected distribution method <IDEDistributionMethodMacAppStoreDistribution: 0x6000011b3ef0> because it doesn't support distributing archive
2025-09-06 15:52:36 +0000 [MT] Rejected distribution method <IDEDistributionMethodiOSAppStoreDistribution: 0x6000011b3ee0> because it doesn't support distributing archive
2025-09-06 15:52:36 +0000 [MT] Rejected distribution method <IDEDistributionMethodTVOSAppStoreDistribution: 0x6000011b3df0> because it doesn't support distributing archive
2025-09-06 15:52:36 +0000 [MT] Rejected distribution method <IDEDistributionMethodWatchOSAdHoc: 0x600001184410> because it doesn't support distributing archive
2025-09-06 15:52:36 +0000 [MT] Rejected distribution method <IDEDistributionMethodMacAdHoc: 0x6000011843e0> because it doesn't support distributing archive
2025-09-06 15:52:36 +0000 [MT] Rejected distribution method <IDEDistributionMethodTVOSAdHoc: 0x6000011b3fd0> because it doesn't support distributing archive
2025-09-06 15:52:36 +0000 [MT] Rejected distribution method <IDEDistributionMethodiOSAdHoc: 0x6000011b3f10> because it doesn't support distributing archive
2025-09-06 15:52:36 +0000 [MT] Rejected distribution method <IDEDistributionMethodAdHocVisionOS: 0x6000011b3f00> because it doesn't support distributing archive
2025-09-06 15:52:36 +0000 [MT] Rejected distribution method <IDEDistributionMethodiOSEnterprise: 0x6000011b3f30> because it doesn't support distributing archive
2025-09-06 15:52:36 +0000 [MT] Rejected distribution method <IDEDistributionMethodTVOSEnterprise: 0x6000011b3e90> because it doesn't support distributing archive
2025-09-06 15:52:36 +0000 [MT] Rejected distribution method <IDEDistributionMethodWatchOSEnterprise: 0x6000011b3e10> because it doesn't support distributing archive
2025-09-06 15:52:36 +0000 [MT] Rejected distribution method <IDEDistributionMethodEnterpriseVisionOS: 0x6000011b3e60> because it doesn't support distributing archive
2025-09-06 15:52:36 +0000 [MT] Rejected distribution method <IDEDistributionMethodTVOSDevelopmentSigned: 0x600001184400> because it doesn't support distributing archive
2025-09-06 15:52:36 +0000 [MT] Rejected distribution method <IDEDistributionMethodDevelopmentSigned: 0x6000011b3ed0> because it doesn't support distributing archive
2025-09-06 15:52:36 +0000 [MT] Rejected distribution method <IDEDistributionMethodDevelopmentSignedVisionOS: 0x6000011b3eb0> because it doesn't support distributing archive
2025-09-06 15:52:36 +0000 [MT] Rejected distribution method <IDEDistributionMethodWatchOSDevelopmentSigned: 0x6000011b3de0> because it doesn't support distributing archive
2025-09-06 15:52:36 +0000 [MT] Rejected distribution method <IDEDistributionMethodDeveloperID: 0x6000011b3fe0> because it doesn't support distributing archive
2025-09-06 15:52:36 +0000 [MT] Rejected distribution method <IDEDistributionMethodDeveloperIDNotarizedApp: 0x6000011b3ea0> because it doesn't support distributing archive
2025-09-06 15:52:36 +0000 [MT] Rejected distribution method <IDEDistributionMethodSaveBuiltProducts: 0x600001184440> because it doesn't support distributing archive
2025-09-06 15:52:36 +0000 [MT] Rejected distribution method <IDEDistributionMethodDevelopmentSignedMac: 0x6000011b3f70> because it doesn't support distributing archive
2025-09-06 15:52:36 +0000 [MT] Rejected distribution method <IDEDistributionMethodMacApplication: 0x6000011b3f40> because it doesn't support distributing archive
2025-09-06 15:52:36 +0000 [MT] Rejected distribution method <IDEDistributionMethodTVOSAppStoreValidation: 0x6000011b3ff0> because it doesn't support distributing archive
2025-09-06 15:52:36 +0000 [MT] Rejected distribution method <IDEDistributionMethodMacAppStoreValidation: 0x6000011b3f50> because it doesn't support distributing archive
2025-09-06 15:52:36 +0000 [MT] Accepted distribution method <IDEDistributionMethodiOSAppStoreValidation: 0x6000011b3f20>
2025-09-06 15:52:36 +0000 [MT] Rejected distribution method <IDEDistributionMethodAppStoreValidationVisionOS: 0x6000011b3e20> because it doesn't support distributing archive
2025-09-06 15:52:36 +0000 [MT] Rejected distribution method <IDEDistributionMethodExportArchive: 0x600001184420> because it doesn't support distributing archive
2025-09-06 15:52:36 +0000 [MT] Available distribution methods: {(
    <IDEDistributionMethodiOSAppStoreDistribution: 0x6000011b3ee0>,
    <IDEDistributionMethodiOSAdHoc: 0x6000011b3f10>,
    <IDEDistributionMethodiOSEnterprise: 0x6000011b3f30>,
    <IDEDistributionMethodDevelopmentSigned: 0x6000011b3ed0>,
    <IDEDistributionMethodiOSAppStoreValidation: 0x6000011b3f20>
)}
2025-09-06 15:52:36 +0000 [MT] Rejected distribution method <IDEDistributionMethodAppStoreDistributionVisionOS: 0x600001184430> because it doesn't support distributing archive
2025-09-06 15:52:36 +0000 [MT] Rejected distribution method <IDEDistributionMethodMacAppStoreDistribution: 0x6000011b3ef0> because it doesn't support distributing archive
2025-09-06 15:52:36 +0000 [MT] Accepted distribution method <IDEDistributionMethodiOSAppStoreDistribution: 0x6000011b3ee0>
2025-09-06 15:52:36 +0000 [MT] Rejected distribution method <IDEDistributionMethodTVOSAppStoreDistribution: 0x6000011b3df0> because it doesn't support distributing archive
2025-09-06 15:52:36 +0000 [MT] Rejected distribution method <IDEDistributionMethodWatchOSAdHoc: 0x600001184410> because it doesn't support distributing archive
2025-09-06 15:52:36 +0000 [MT] Rejected distribution method <IDEDistributionMethodMacAdHoc: 0x6000011843e0> because it doesn't support distributing archive
2025-09-06 15:52:36 +0000 [MT] Rejected distribution method <IDEDistributionMethodTVOSAdHoc: 0x6000011b3fd0> because it doesn't support distributing archive
2025-09-06 15:52:36 +0000 [MT] Accepted distribution method <IDEDistributionMethodiOSAdHoc: 0x6000011b3f10>
2025-09-06 15:52:36 +0000 [MT] Rejected distribution method <IDEDistributionMethodAdHocVisionOS: 0x6000011b3f00> because it doesn't support distributing archive
2025-09-06 15:52:36 +0000 [MT] Accepted distribution method <IDEDistributionMethodiOSEnterprise: 0x6000011b3f30>
2025-09-06 15:52:36 +0000 [MT] Rejected distribution method <IDEDistributionMethodTVOSEnterprise: 0x6000011b3e90> because it doesn't support distributing archive
2025-09-06 15:52:36 +0000 [MT] Rejected distribution method <IDEDistributionMethodWatchOSEnterprise: 0x6000011b3e10> because it doesn't support distributing archive
2025-09-06 15:52:36 +0000 [MT] Rejected distribution method <IDEDistributionMethodEnterpriseVisionOS: 0x6000011b3e60> because it doesn't support distributing archive
2025-09-06 15:52:36 +0000 [MT] Rejected distribution method <IDEDistributionMethodTVOSDevelopmentSigned: 0x600001184400> because it doesn't support distributing archive
2025-09-06 15:52:36 +0000 [MT] Accepted distribution method <IDEDistributionMethodDevelopmentSigned: 0x6000011b3ed0>
2025-09-06 15:52:36 +0000 [MT] Rejected distribution method <IDEDistributionMethodDevelopmentSignedVisionOS: 0x6000011b3eb0> because it doesn't support distributing archive
2025-09-06 15:52:36 +0000 [MT] Rejected distribution method <IDEDistributionMethodWatchOSDevelopmentSigned: 0x6000011b3de0> because it doesn't support distributing archive
2025-09-06 15:52:36 +0000 [MT] Rejected distribution method <IDEDistributionMethodDeveloperID: 0x6000011b3fe0> because it doesn't support distributing archive
2025-09-06 15:52:36 +0000 [MT] Rejected distribution method <IDEDistributionMethodDeveloperIDNotarizedApp: 0x6000011b3ea0> because it doesn't support distributing archive
2025-09-06 15:52:36 +0000 [MT] Rejected distribution method <IDEDistributionMethodSaveBuiltProducts: 0x600001184440> because it doesn't support distributing archive
2025-09-06 15:52:36 +0000 [MT] Rejected distribution method <IDEDistributionMethodDevelopmentSignedMac: 0x6000011b3f70> because it doesn't support distributing archive
2025-09-06 15:52:36 +0000 [MT] Rejected distribution method <IDEDistributionMethodMacApplication: 0x6000011b3f40> because it doesn't support distributing archive
2025-09-06 15:52:36 +0000 [MT] Rejected distribution method <IDEDistributionMethodTVOSAppStoreValidation: 0x6000011b3ff0> because it doesn't support distributing archive
2025-09-06 15:52:36 +0000 [MT] Rejected distribution method <IDEDistributionMethodMacAppStoreValidation: 0x6000011b3f50> because it doesn't support distributing archive
2025-09-06 15:52:36 +0000 [MT] Rejected distribution method <IDEDistributionMethodiOSAppStoreValidation: 0x6000011b3f20> because it doesn't support distributing archive
2025-09-06 15:52:36 +0000 [MT] Rejected distribution method <IDEDistributionMethodAppStoreValidationVisionOS: 0x6000011b3e20> because it doesn't support distributing archive
2025-09-06 15:52:36 +0000 [MT] Rejected distribution method <IDEDistributionMethodExportArchive: 0x600001184420> because it doesn't support distributing archive
2025-09-06 15:52:36 +0000 [MT] Rejected distribution method <IDEDistributionMethodAppStoreDistributionVisionOS: 0x600001184430> because it doesn't support distributing archive
2025-09-06 15:52:36 +0000 [MT] Rejected distribution method <IDEDistributionMethodMacAppStoreDistribution: 0x6000011b3ef0> because it doesn't support distributing archive
2025-09-06 15:52:36 +0000 [MT] Rejected distribution method <IDEDistributionMethodiOSAppStoreDistribution: 0x6000011b3ee0> because it doesn't support distributing archive
2025-09-06 15:52:36 +0000 [MT] Rejected distribution method <IDEDistributionMethodTVOSAppStoreDistribution: 0x6000011b3df0> because it doesn't support distributing archive
2025-09-06 15:52:36 +0000 [MT] Rejected distribution method <IDEDistributionMethodWatchOSAdHoc: 0x600001184410> because it doesn't support distributing archive
2025-09-06 15:52:36 +0000 [MT] Rejected distribution method <IDEDistributionMethodMacAdHoc: 0x6000011843e0> because it doesn't support distributing archive
2025-09-06 15:52:36 +0000 [MT] Rejected distribution method <IDEDistributionMethodTVOSAdHoc: 0x6000011b3fd0> because it doesn't support distributing archive
2025-09-06 15:52:36 +0000 [MT] Rejected distribution method <IDEDistributionMethodiOSAdHoc: 0x6000011b3f10> because it doesn't support distributing archive
2025-09-06 15:52:36 +0000 [MT] Rejected distribution method <IDEDistributionMethodAdHocVisionOS: 0x6000011b3f00> because it doesn't support distributing archive
2025-09-06 15:52:36 +0000 [MT] Rejected distribution method <IDEDistributionMethodiOSEnterprise: 0x6000011b3f30> because it doesn't support distributing archive
2025-09-06 15:52:36 +0000 [MT] Rejected distribution method <IDEDistributionMethodTVOSEnterprise: 0x6000011b3e90> because it doesn't support distributing archive
2025-09-06 15:52:36 +0000 [MT] Rejected distribution method <IDEDistributionMethodWatchOSEnterprise: 0x6000011b3e10> because it doesn't support distributing archive
2025-09-06 15:52:36 +0000 [MT] Rejected distribution method <IDEDistributionMethodEnterpriseVisionOS: 0x6000011b3e60> because it doesn't support distributing archive
2025-09-06 15:52:36 +0000 [MT] Rejected distribution method <IDEDistributionMethodTVOSDevelopmentSigned: 0x600001184400> because it doesn't support distributing archive
2025-09-06 15:52:36 +0000 [MT] Rejected distribution method <IDEDistributionMethodDevelopmentSigned: 0x6000011b3ed0> because it doesn't support distributing archive
2025-09-06 15:52:36 +0000 [MT] Rejected distribution method <IDEDistributionMethodDevelopmentSignedVisionOS: 0x6000011b3eb0> because it doesn't support distributing archive
2025-09-06 15:52:36 +0000 [MT] Rejected distribution method <IDEDistributionMethodWatchOSDevelopmentSigned: 0x6000011b3de0> because it doesn't support distributing archive
2025-09-06 15:52:36 +0000 [MT] Rejected distribution method <IDEDistributionMethodDeveloperID: 0x6000011b3fe0> because it doesn't support distributing archive
2025-09-06 15:52:36 +0000 [MT] Rejected distribution method <IDEDistributionMethodDeveloperIDNotarizedApp: 0x6000011b3ea0> because it doesn't support distributing archive
2025-09-06 15:52:36 +0000 [MT] Rejected distribution method <IDEDistributionMethodSaveBuiltProducts: 0x600001184440> because it doesn't support distributing archive
2025-09-06 15:52:36 +0000 [MT] Rejected distribution method <IDEDistributionMethodDevelopmentSignedMac: 0x6000011b3f70> because it doesn't support distributing archive
2025-09-06 15:52:36 +0000 [MT] Rejected distribution method <IDEDistributionMethodMacApplication: 0x6000011b3f40> because it doesn't support distributing archive
2025-09-06 15:52:36 +0000 [MT] Rejected distribution method <IDEDistributionMethodTVOSAppStoreValidation: 0x6000011b3ff0> because it doesn't support distributing archive
2025-09-06 15:52:36 +0000 [MT] Rejected distribution method <IDEDistributionMethodMacAppStoreValidation: 0x6000011b3f50> because it doesn't support distributing archive
2025-09-06 15:52:36 +0000 [MT] Accepted distribution method <IDEDistributionMethodiOSAppStoreValidation: 0x6000011b3f20>
2025-09-06 15:52:36 +0000 [MT] Rejected distribution method <IDEDistributionMethodAppStoreValidationVisionOS: 0x6000011b3e20> because it doesn't support distributing archive
2025-09-06 15:52:36 +0000 [MT] Rejected distribution method <IDEDistributionMethodExportArchive: 0x600001184420> because it doesn't support distributing archive
2025-09-06 15:52:36 +0000 [MT] Available distribution methods: {(
    <IDEDistributionMethodiOSAppStoreDistribution: 0x6000011b3ee0>,
    <IDEDistributionMethodiOSAdHoc: 0x6000011b3f10>,
    <IDEDistributionMethodiOSEnterprise: 0x6000011b3f30>,
    <IDEDistributionMethodDevelopmentSigned: 0x6000011b3ed0>,
    <IDEDistributionMethodiOSAppStoreValidation: 0x6000011b3f20>
)}
2025-09-06 15:52:37 +0000 [MT] IDEDistributionItem init <DVTFilePath:0x60000384fbf0:'/Volumes/workspace/tmp/f29e382f-d38e-4d38-a4fd-f639c2fdaa65.xcarchive/Products/Applications/Runner.app/Frameworks/libswift_Concurrency.dylib'>
2025-09-06 15:52:37 +0000 [MT] [OPTIONAL] Can't have a profile, not a bundle at <DVTFilePath:0x60000384fbf0:'/Volumes/workspace/tmp/f29e382f-d38e-4d38-a4fd-f639c2fdaa65.xcarchive/Products/Applications/Runner.app/Frameworks/libswift_Concurrency.dylib'>
2025-09-06 15:52:37 +0000 [MT] IDEDistributionItem init <DVTFilePath:0x600003791320:'/Volumes/workspace/tmp/f29e382f-d38e-4d38-a4fd-f639c2fdaa65.xcarchive/Products/Applications/Runner.app'>
2025-09-06 15:52:37 +0000 [MT] Set distributionItems on context: (
    "<IDEDistributionItem: 0x6000037449c0; bundleID='com.fittechs.duruNotesApp', path='<DVTFilePath:0x600003791320:'/Volumes/workspace/tmp/f29e382f-d38e-4d38-a4fd-f639c2fdaa65.xcarchive/Products/Applications/Runner.app'>', codeSigningInfo='<_DVTCodeSigningInformation_Path: 0x600003744900; isSigned='1', isAdHocSigned='1', signingCertificate='(null)', entitlements='{\n    \"com.apple.security.application-groups\" =     (\n        \"group.com.fittechs.durunotes\"\n    );\n}', teamID='(null)', identifier='com.fittechs.duruNotesApp', executablePath='<DVTFilePath:0x6000037784e0:'/Volumes/workspace/tmp/f29e382f-d38e-4d38-a4fd-f639c2fdaa65.xcarchive/Products/Applications/Runner.app/Runner'>', hardenedRuntime='0'>'>"
)
2025-09-06 15:52:37 +0000 [MT] Item /Volumes/workspace/tmp/f29e382f-d38e-4d38-a4fd-f639c2fdaa65.xcarchive/Products/Applications/Runner.app doesn't have the entitlement com.apple.developer.web-browser-engine.host enabled, returning ["arm64e"]
2025-09-06 15:52:37 +0000 [MT] Archs to thin for item /Volumes/workspace/tmp/f29e382f-d38e-4d38-a4fd-f639c2fdaa65.xcarchive/Products/Applications/Runner.app are ["arm64e"]
2025-09-06 15:52:37 +0000 [MT] Item /Volumes/workspace/tmp/f29e382f-d38e-4d38-a4fd-f639c2fdaa65.xcarchive/Products/Applications/Runner.app/Frameworks/libswift_Concurrency.dylib doesn't have the entitlement com.apple.developer.web-browser-engine.host enabled, returning ["arm64e"]
2025-09-06 15:52:37 +0000 [MT] Archs to thin for item /Volumes/workspace/tmp/f29e382f-d38e-4d38-a4fd-f639c2fdaa65.xcarchive/Products/Applications/Runner.app/Frameworks/libswift_Concurrency.dylib are ["arm64e"]
2025-09-06 15:52:37 +0000 [MT] Distributable's provisioning style is Automatic
2025-09-06 15:52:37 +0000 [MT] Starting evaluation for distribution items:
(
    "<IDEDistributionItem: 0x6000037449c0; bundleID='com.fittechs.duruNotesApp', path='<DVTFilePath:0x600003791320:'/Volumes/workspace/tmp/f29e382f-d38e-4d38-a4fd-f639c2fdaa65.xcarchive/Products/Applications/Runner.app'>', codeSigningInfo='<_DVTCodeSigningInformation_Path: 0x600003744900; isSigned='1', isAdHocSigned='1', signingCertificate='(null)', entitlements='{\n    \"com.apple.security.application-groups\" =     (\n        \"group.com.fittechs.durunotes\"\n    );\n}', teamID='(null)', identifier='com.fittechs.duruNotesApp', executablePath='<DVTFilePath:0x6000037784e0:'/Volumes/workspace/tmp/f29e382f-d38e-4d38-a4fd-f639c2fdaa65.xcarchive/Products/Applications/Runner.app/Runner'>', hardenedRuntime='0'>'>"
)
2025-09-06 15:52:37 +0000 [MT] Evaluating <IDEDistributionItemProvisionable: 0x600003cc1f00; distributionItem='<IDEDistributionItem: 0x6000037449c0; bundleID='com.fittechs.duruNotesApp', path='<DVTFilePath:0x600003791320:'/Volumes/workspace/tmp/f29e382f-d38e-4d38-a4fd-f639c2fdaa65.xcarchive/Products/Applications/Runner.app'>', codeSigningInfo='<_DVTCodeSigningInformation_Path: 0x600003744900; isSigned='1', isAdHocSigned='1', signingCertificate='(null)', entitlements='{
    "com.apple.security.application-groups" =     (
        "group.com.fittechs.durunotes"
    );
}', teamID='(null)', identifier='com.fittechs.duruNotesApp', executablePath='<DVTFilePath:0x6000037784e0:'/Volumes/workspace/tmp/f29e382f-d38e-4d38-a4fd-f639c2fdaa65.xcarchive/Products/Applications/Runner.app/Runner'>', hardenedRuntime='0'>'>', team='<IDEProvisioningBasicTeam: 0x600001278ca0; teamID='3CBK9E82BZ', teamName='(null)'>', method='<IDEDistributionMethodiOSAppStoreDistribution: 0x6000011b3ee0>', provisioningStyle='0', entitlementsProcessors='(
    "<IDEiCloudEntitlementsProcessor: 0x600001f69a40>",
    "<IDEAppAttestEnvironmentEntitlementsProcessor: 0x600001f689f0>",
    "<IDEClassKitEntitlementsProcessor: 0x600001f68b10>",
    "<IDEAppIdentifierPrefixedEntitlementsProcessor: 0x600001f68cc0>"
)'> with overrides <IDEProvisionableOverrides 0x6000024a8000: configuration: Default, profileSupport: <IDEProvisioningProfileSupport: 0x6000011b36b0>, provisioningStyle: (null), certificateSigningStyle: (null), provisioningPurpose: app-store, team: (null), platform: <DVTPlatform:0x600003de1b80:'com.apple.platform.iphoneos':<DVTFilePath:0x6000038fc310:'/Applications/Xcode.app/Contents/Developer/Platforms/iPhoneOS.platform'>>, sdk: (null), sdkVariant: (null), profileSpecifier: (null), certificateIdentifier: (null), bundleIdentifier: (null), entitlements: (null), entitlementsFile: (null), baseEntitlements: (null), entitlementsExpansion: (null), entitlementsDestination: (null), allowSigningWithoutTeamSelection: (null), signingRequiresTeam: (null), appIDFeatures: (null)>
2025-09-06 15:52:37 +0000 [MT] Applying entitlements delta for <IDEDistributionItem: 0x6000037449c0; bundleID='com.fittechs.duruNotesApp', path='<DVTFilePath:0x600003791320:'/Volumes/workspace/tmp/f29e382f-d38e-4d38-a4fd-f639c2fdaa65.xcarchive/Products/Applications/Runner.app'>', codeSigningInfo='<_DVTCodeSigningInformation_Path: 0x600003744900; isSigned='1', isAdHocSigned='1', signingCertificate='(null)', entitlements='{
    "com.apple.security.application-groups" =     (
        "group.com.fittechs.durunotes"
    );
}', teamID='(null)', identifier='com.fittechs.duruNotesApp', executablePath='<DVTFilePath:0x6000037784e0:'/Volumes/workspace/tmp/f29e382f-d38e-4d38-a4fd-f639c2fdaa65.xcarchive/Products/Applications/Runner.app/Runner'>', hardenedRuntime='0'>'> from <IDEiCloudEntitlementsProcessor: 0x600001f69a40>: {
}
2025-09-06 15:52:37 +0000 [MT] Applying entitlements delta for <IDEDistributionItem: 0x6000037449c0; bundleID='com.fittechs.duruNotesApp', path='<DVTFilePath:0x600003791320:'/Volumes/workspace/tmp/f29e382f-d38e-4d38-a4fd-f639c2fdaa65.xcarchive/Products/Applications/Runner.app'>', codeSigningInfo='<_DVTCodeSigningInformation_Path: 0x600003744900; isSigned='1', isAdHocSigned='1', signingCertificate='(null)', entitlements='{
    "com.apple.security.application-groups" =     (
        "group.com.fittechs.durunotes"
    );
}', teamID='(null)', identifier='com.fittechs.duruNotesApp', executablePath='<DVTFilePath:0x6000037784e0:'/Volumes/workspace/tmp/f29e382f-d38e-4d38-a4fd-f639c2fdaa65.xcarchive/Products/Applications/Runner.app/Runner'>', hardenedRuntime='0'>'> from <IDEAppAttestEnvironmentEntitlementsProcessor: 0x600001f689f0>: {
}
2025-09-06 15:52:37 +0000 [MT] Applying entitlements delta for <IDEDistributionItem: 0x6000037449c0; bundleID='com.fittechs.duruNotesApp', path='<DVTFilePath:0x600003791320:'/Volumes/workspace/tmp/f29e382f-d38e-4d38-a4fd-f639c2fdaa65.xcarchive/Products/Applications/Runner.app'>', codeSigningInfo='<_DVTCodeSigningInformation_Path: 0x600003744900; isSigned='1', isAdHocSigned='1', signingCertificate='(null)', entitlements='{
    "com.apple.security.application-groups" =     (
        "group.com.fittechs.durunotes"
    );
}', teamID='(null)', identifier='com.fittechs.duruNotesApp', executablePath='<DVTFilePath:0x6000037784e0:'/Volumes/workspace/tmp/f29e382f-d38e-4d38-a4fd-f639c2fdaa65.xcarchive/Products/Applications/Runner.app/Runner'>', hardenedRuntime='0'>'> from <IDEClassKitEntitlementsProcessor: 0x600001f68b10>: {
}
2025-09-06 15:52:37 +0000 [MT] Applying entitlements delta for <IDEDistributionItem: 0x6000037449c0; bundleID='com.fittechs.duruNotesApp', path='<DVTFilePath:0x600003791320:'/Volumes/workspace/tmp/f29e382f-d38e-4d38-a4fd-f639c2fdaa65.xcarchive/Products/Applications/Runner.app'>', codeSigningInfo='<_DVTCodeSigningInformation_Path: 0x600003744900; isSigned='1', isAdHocSigned='1', signingCertificate='(null)', entitlements='{
    "com.apple.security.application-groups" =     (
        "group.com.fittechs.durunotes"
    );
}', teamID='(null)', identifier='com.fittechs.duruNotesApp', executablePath='<DVTFilePath:0x6000037784e0:'/Volumes/workspace/tmp/f29e382f-d38e-4d38-a4fd-f639c2fdaa65.xcarchive/Products/Applications/Runner.app/Runner'>', hardenedRuntime='0'>'> from <IDEAppIdentifierPrefixedEntitlementsProcessor: 0x600001f68cc0>: {
}
2025-09-06 15:52:37 +0000 [MT] Evaluating <IDEDistributionItemProvisionable: 0x600003cc1e80; distributionItem='<IDEDistributionItem: 0x600003744840; bundleID='com.apple.dt.runtime.swiftConcurrency', path='<DVTFilePath:0x60000384fbf0:'/Volumes/workspace/tmp/f29e382f-d38e-4d38-a4fd-f639c2fdaa65.xcarchive/Products/Applications/Runner.app/Frameworks/libswift_Concurrency.dylib'>', codeSigningInfo='<_DVTCodeSigningInformation_Path: 0x6000037445a0; isSigned='1', isAdHocSigned='1', signingCertificate='(null)', entitlements='(null)', teamID='(null)', identifier='com.apple.dt.runtime.swiftConcurrency', executablePath='<DVTFilePath:0x60000384fbf0:'/Volumes/workspace/tmp/f29e382f-d38e-4d38-a4fd-f639c2fdaa65.xcarchive/Products/Applications/Runner.app/Frameworks/libswift_Concurrency.dylib'>', hardenedRuntime='0'>'>', team='<IDEProvisioningBasicTeam: 0x600001278ca0; teamID='3CBK9E82BZ', teamName='(null)'>', method='<IDEDistributionMethodiOSAppStoreDistribution: 0x6000011b3ee0>', provisioningStyle='0', entitlementsProcessors='(
    "<IDEiCloudEntitlementsProcessor: 0x600001f69a10>",
    "<IDEAppAttestEnvironmentEntitlementsProcessor: 0x600001f699b0>",
    "<IDEClassKitEntitlementsProcessor: 0x600001f68d50>",
    "<IDEAppIdentifierPrefixedEntitlementsProcessor: 0x600001f69a70>"
)'> with overrides <IDEProvisionableOverrides 0x6000024d5810: configuration: Default, profileSupport: <IDEProvisioningProfileSupport: 0x6000011b0180>, provisioningStyle: (null), certificateSigningStyle: (null), provisioningPurpose: app-store, team: (null), platform: <DVTPlatform:0x600003de1b80:'com.apple.platform.iphoneos':<DVTFilePath:0x6000038fc310:'/Applications/Xcode.app/Contents/Developer/Platforms/iPhoneOS.platform'>>, sdk: (null), sdkVariant: (null), profileSpecifier: (null), certificateIdentifier: (null), bundleIdentifier: (null), entitlements: (null), entitlementsFile: (null), baseEntitlements: (null), entitlementsExpansion: (null), entitlementsDestination: (null), allowSigningWithoutTeamSelection: (null), signingRequiresTeam: (null), appIDFeatures: (null)>
2025-09-06 15:52:37 +0000 [MT] Applying entitlements delta for <IDEDistributionItem: 0x600003744840; bundleID='com.apple.dt.runtime.swiftConcurrency', path='<DVTFilePath:0x60000384fbf0:'/Volumes/workspace/tmp/f29e382f-d38e-4d38-a4fd-f639c2fdaa65.xcarchive/Products/Applications/Runner.app/Frameworks/libswift_Concurrency.dylib'>', codeSigningInfo='<_DVTCodeSigningInformation_Path: 0x6000037445a0; isSigned='1', isAdHocSigned='1', signingCertificate='(null)', entitlements='(null)', teamID='(null)', identifier='com.apple.dt.runtime.swiftConcurrency', executablePath='<DVTFilePath:0x60000384fbf0:'/Volumes/workspace/tmp/f29e382f-d38e-4d38-a4fd-f639c2fdaa65.xcarchive/Products/Applications/Runner.app/Frameworks/libswift_Concurrency.dylib'>', hardenedRuntime='0'>'> from <IDEiCloudEntitlementsProcessor: 0x600001f69a10>: {
}
2025-09-06 15:52:37 +0000 [MT] Applying entitlements delta for <IDEDistributionItem: 0x600003744840; bundleID='com.apple.dt.runtime.swiftConcurrency', path='<DVTFilePath:0x60000384fbf0:'/Volumes/workspace/tmp/f29e382f-d38e-4d38-a4fd-f639c2fdaa65.xcarchive/Products/Applications/Runner.app/Frameworks/libswift_Concurrency.dylib'>', codeSigningInfo='<_DVTCodeSigningInformation_Path: 0x6000037445a0; isSigned='1', isAdHocSigned='1', signingCertificate='(null)', entitlements='(null)', teamID='(null)', identifier='com.apple.dt.runtime.swiftConcurrency', executablePath='<DVTFilePath:0x60000384fbf0:'/Volumes/workspace/tmp/f29e382f-d38e-4d38-a4fd-f639c2fdaa65.xcarchive/Products/Applications/Runner.app/Frameworks/libswift_Concurrency.dylib'>', hardenedRuntime='0'>'> from <IDEAppAttestEnvironmentEntitlementsProcessor: 0x600001f699b0>: {
}
2025-09-06 15:52:37 +0000 [MT] Applying entitlements delta for <IDEDistributionItem: 0x600003744840; bundleID='com.apple.dt.runtime.swiftConcurrency', path='<DVTFilePath:0x60000384fbf0:'/Volumes/workspace/tmp/f29e382f-d38e-4d38-a4fd-f639c2fdaa65.xcarchive/Products/Applications/Runner.app/Frameworks/libswift_Concurrency.dylib'>', codeSigningInfo='<_DVTCodeSigningInformation_Path: 0x6000037445a0; isSigned='1', isAdHocSigned='1', signingCertificate='(null)', entitlements='(null)', teamID='(null)', identifier='com.apple.dt.runtime.swiftConcurrency', executablePath='<DVTFilePath:0x60000384fbf0:'/Volumes/workspace/tmp/f29e382f-d38e-4d38-a4fd-f639c2fdaa65.xcarchive/Products/Applications/Runner.app/Frameworks/libswift_Concurrency.dylib'>', hardenedRuntime='0'>'> from <IDEClassKitEntitlementsProcessor: 0x600001f68d50>: {
}
2025-09-06 15:52:37 +0000 [MT] Applying entitlements delta for <IDEDistributionItem: 0x600003744840; bundleID='com.apple.dt.runtime.swiftConcurrency', path='<DVTFilePath:0x60000384fbf0:'/Volumes/workspace/tmp/f29e382f-d38e-4d38-a4fd-f639c2fdaa65.xcarchive/Products/Applications/Runner.app/Frameworks/libswift_Concurrency.dylib'>', codeSigningInfo='<_DVTCodeSigningInformation_Path: 0x6000037445a0; isSigned='1', isAdHocSigned='1', signingCertificate='(null)', entitlements='(null)', teamID='(null)', identifier='com.apple.dt.runtime.swiftConcurrency', executablePath='<DVTFilePath:0x60000384fbf0:'/Volumes/workspace/tmp/f29e382f-d38e-4d38-a4fd-f639c2fdaa65.xcarchive/Products/Applications/Runner.app/Frameworks/libswift_Concurrency.dylib'>', hardenedRuntime='0'>'> from <IDEAppIdentifierPrefixedEntitlementsProcessor: 0x600001f69a70>: {
}
2025-09-06 15:52:48 +0000 [MT] Evaluation for Runner.app is <IDEProvisionableStatusEvaluation 0x6000038febc0: inputs: <IDEProvisionableStatusEvalutorInputs 0x6000006aa6c0: provisionableSnapshot: <IDEProvisionableSnapshot 0x600001f946c0: name: Runner.app, configurations: {
    Default = "<_IDEProvisionableConfigurationSnapshot 0x6000022aa440: name: Default, provisioningStyle: 0, certificateSigningStyle: 2, team: <IDEProvisioningBasicTeam: 0x600001278ca0; teamID='3CBK9E82BZ', teamName='(null)'>, profileSupport: <IDEProvisioningProfileSupport: 0x6000011b1f80>, platform: <DVTPlatform:0x600003de1b80:'com.apple.platform.iphoneos':<DVTFilePath:0x6000038fc310:'/Applications/Xcode.app/Contents/Developer/Platforms/iPhoneOS.platform'>>, sdk: (null), sdkVariant: (null), bundleIdentifier: com.fittechs.duruNotesApp, profileSpecifier: (null), certificateIdentifier: iPhone Distribution, entitlementsFilePath: (null), baseEntitlements: <IDEProvisionableEntitlements: 0x6000012640e0; signedEntitlements='{\n    \"com.apple.security.application-groups\" =     (\n        \"group.com.fittechs.durunotes\"\n    );\n}', simulatedEntitlements='(null)'>, entitlementsExpansion: <IDEDistributionProvisioningEntitlementsExpansion: 0x6000011b0a30>, entitlementsDestination: 1, allowSigningWithoutTeamSelection: 0, signingRequiresTeam: 0, appIDFeatures: <DVTPortalAppIDFeatures 0x600001241c40: Features: {\n    \"<DVTPortalProfileFeature: 0x60000385cd20; id='APP_GROUPS', userDescription='App Groups', platforms='.macosx, .appletvos, .iphoneos, .xros, .watchos'>\" = 1;\n}, Containers: {\n    \"Xcode.Portal.Container.Type.AppGroup\" = \"{(\\n    \\\"group.com.fittechs.durunotes\\\"\\n)}\";\n}>, provisioningPurpose: app-store, supportsIOSMac: 0>";
}, overrides: <IDEProvisionableOverrides 0x6000024a8000: configuration: Default, profileSupport: <IDEProvisioningProfileSupport: 0x6000011b36b0>, provisioningStyle: (null), certificateSigningStyle: (null), provisioningPurpose: app-store, team: (null), platform: <DVTPlatform:0x600003de1b80:'com.apple.platform.iphoneos':<DVTFilePath:0x6000038fc310:'/Applications/Xcode.app/Contents/Developer/Platforms/iPhoneOS.platform'>>, sdk: (null), sdkVariant: (null), profileSpecifier: (null), certificateIdentifier: (null), bundleIdentifier: (null), entitlements: (null), entitlementsFile: (null), baseEntitlements: (null), entitlementsExpansion: (null), entitlementsDestination: (null), allowSigningWithoutTeamSelection: (null), signingRequiresTeam: (null), appIDFeatures: (null)>>>, configuration: Default, codesignParameterSnapshot: <IDECodesignParameterSnapshot: 0x600001fa0b70>:
Profile:  <DVTEmbeddedProvisioningProfile 0x6000026cef40: name: iOS Team Store Provisioning Profile: com.fittechs.duruNotesApp, UUID: 9da51720-26da-46b5-a651-c96bdca69461, teamName: Fittechs Yazilim Anonim Sirketi, teamIdentifierPrefixes: (
    3CBK9E82BZ
), entitlements: {
    "application-identifier" = "3CBK9E82BZ.com.fittechs.duruNotesApp";
    "beta-reports-active" = 1;
    "com.apple.developer.team-identifier" = 3CBK9E82BZ;
    "com.apple.security.application-groups" =     (
        "group.com.fittechs.durunotes"
    );
    "get-task-allow" = 0;
    "keychain-access-groups" =     (
        "3CBK9E82BZ.*",
        "com.apple.token"
    );
}, appIdentifierName: XC com fittechs duruNotesApp, applicationIdentifierPrefixes: (
    3CBK9E82BZ
), dateCreated: 2025-09-06 15:52:47 +0000, dateExpired: 2026-09-06 15:42:45 +0000, certificateKinds: {(
    "1.2.840.113635.100.6.1.7",
    "1.2.840.113635.100.6.1.4"
)}, certificateSHA1Hashes: {(
    3B861E19F8F1689C75DB5CAC1FC0FD9A48FD69D6,
    2785E99AD4E9F67E47A793A02D22C16E4C398DA6
)}, supportedUDIDs: {(
)}, isUniversal: 0, isXcodeManaged: 1, platforms: {(
    <DVTPlatform:0x600003de1c80:'com.apple.platform.xros':<DVTFilePath:0x6000037f8b40:'/Applications/Xcode.app/Contents/Developer/Platforms/XROS.platform'>>,
    <DVTPlatform:0x600003de1c00:'com.apple.platform.watchos':<DVTFilePath:0x6000038fc3f0:'/Applications/Xcode.app/Contents/Developer/Platforms/WatchOS.platform'>>,
    <DVTPlatform:0x600003de1b80:'com.apple.platform.iphoneos':<DVTFilePath:0x6000038fc310:'/Applications/Xcode.app/Contents/Developer/Platforms/iPhoneOS.platform'>>
)}, filePath: <DVTFilePath:0x6000021acb40:'/Users/local/Library/Developer/Xcode/UserData/Provisioning Profiles/9da51720-26da-46b5-a651-c96bdca69461.mobileprovision'>>
Identity: 2785E99AD4E9F67E47A793A02D22C16E4C398DA6
Certificate <DVTSigningCertificate: 0x6000026fd680; name='Apple Distribution: Fittechs Yazilim Anonim Sirketi (3CBK9E82BZ)', hash='2785E99AD4E9F67E47A793A02D22C16E4C398DA6', serialNumber='78470D24FE69677E568EE319279E203C', certificateKinds='(
    "1.2.840.113635.100.6.1.7",
    "1.2.840.113635.100.6.1.4"
), issueDate='2025-09-06 15:42:46 +0000''>>, errors: (null)>
2025-09-06 15:52:49 +0000 [MT] Evaluation for libswift_Concurrency.dylib is <IDEProvisionableStatusEvaluation 0x60000383bb80: inputs: <IDEProvisionableStatusEvalutorInputs 0x6000009b3b00: provisionableSnapshot: <IDEProvisionableSnapshot 0x600001fd3c60: name: libswift_Concurrency.dylib, configurations: {
    Default = "<_IDEProvisionableConfigurationSnapshot 0x6000022aa620: name: Default, provisioningStyle: 0, certificateSigningStyle: 2, team: <IDEProvisioningBasicTeam: 0x600001278ca0; teamID='3CBK9E82BZ', teamName='(null)'>, profileSupport: <IDEProvisioningProfileSupport: 0x6000011bf780>, platform: <DVTPlatform:0x600003de1b80:'com.apple.platform.iphoneos':<DVTFilePath:0x6000038fc310:'/Applications/Xcode.app/Contents/Developer/Platforms/iPhoneOS.platform'>>, sdk: (null), sdkVariant: (null), bundleIdentifier: com.apple.dt.runtime.swiftConcurrency, profileSpecifier: (null), certificateIdentifier: iPhone Distribution, entitlementsFilePath: (null), baseEntitlements: <IDEProvisionableEntitlements: 0x600001241e20; signedEntitlements='{\n}', simulatedEntitlements='(null)'>, entitlementsExpansion: <IDEDistributionProvisioningEntitlementsExpansion: 0x6000011bddf0>, entitlementsDestination: 1, allowSigningWithoutTeamSelection: 0, signingRequiresTeam: 0, appIDFeatures: <DVTPortalAppIDFeatures 0x60000125f3c0: Features: {\n}, Containers: {\n}>, provisioningPurpose: app-store, supportsIOSMac: 0>";
}, overrides: <IDEProvisionableOverrides 0x6000024d5810: configuration: Default, profileSupport: <IDEProvisioningProfileSupport: 0x6000011b0180>, provisioningStyle: (null), certificateSigningStyle: (null), provisioningPurpose: app-store, team: (null), platform: <DVTPlatform:0x600003de1b80:'com.apple.platform.iphoneos':<DVTFilePath:0x6000038fc310:'/Applications/Xcode.app/Contents/Developer/Platforms/iPhoneOS.platform'>>, sdk: (null), sdkVariant: (null), profileSpecifier: (null), certificateIdentifier: (null), bundleIdentifier: (null), entitlements: (null), entitlementsFile: (null), baseEntitlements: (null), entitlementsExpansion: (null), entitlementsDestination: (null), allowSigningWithoutTeamSelection: (null), signingRequiresTeam: (null), appIDFeatures: (null)>>>, configuration: Default, codesignParameterSnapshot: <IDECodesignParameterSnapshot: 0x600001f3fcf0>:
Identity: 2785E99AD4E9F67E47A793A02D22C16E4C398DA6
Certificate <DVTSigningCertificate: 0x6000026df0c0; name='Apple Distribution: Fittechs Yazilim Anonim Sirketi (3CBK9E82BZ)', hash='2785E99AD4E9F67E47A793A02D22C16E4C398DA6', serialNumber='78470D24FE69677E568EE319279E203C', certificateKinds='(
    "1.2.840.113635.100.6.1.7",
    "1.2.840.113635.100.6.1.4"
), issueDate='2025-09-06 15:42:46 +0000''>>, errors: (null)>