2025-09-06 15:52:36 +0000 [MT] Starting export with options: {"iCloudContainerEnvironment":"Production","testFlightInternalTestingOnly":false,"uploadSymbols":true,"stripSwiftSymbols":true,"thinning":"<none>","generateAppStoreInformation":false,"destination":"export","manageAppVersionAndBuildNumber":false,"buildNumber":"68","teamID":"3CBK9E82BZ","method":"app-store","raiseProfileSupportOptionalToRequired":false,"embedOnDemandResourcesAssetPacksInBundle":true}
2025-09-06 15:52:36 +0000 [MT] Running step: IDEDistributionAnalyzeArchiveStep with <IDEDistributionContext: 0x7f908781f600; archive(resolved)="<IDEArchive: 0x6000038480e0>", distributionTask(resolved)="2", distributionDestination(resolved)="1", distributionMethod(resolved)="<IDEDistributionMethodiOSAppStoreDistribution: 0x6000011b3ee0>", team(resolved)="(null)">
	Chain (3, self inclusive):
	<IDEDistributionContext: 0x7f908781f600; archive = "<IDEArchive: 0x6000038480e0>", distributionMethod="<IDEDistributionMethodiOSAppStoreDistribution: 0x6000011b3ee0>", team="(null)">
	<IDEDistributionContext: 0x7f9087804080; archive = "<IDEArchive: 0x6000038480e0>", distributionMethod="<IDEDistributionMethodiOSAppStoreDistribution: 0x6000011b3ee0>", team="(null)">
	<IDEDistributionContext: 0x7f90e6782bf0; archive = "<IDEArchive: 0x6000038480e0>", distributionMethod="(null)", team="(null)">
</IDEDistributionContext: 0x7f908781f600>
2025-09-06 15:52:37 +0000 [MT] [OPTIONAL] Didn't find embedded provisioning profile for <DVTFilePath:0x600003791320:'/Volumes/workspace/tmp/f29e382f-d38e-4d38-a4fd-f639c2fdaa65.xcarchive/Products/Applications/Runner.app'>: Error Domain=NSCocoaErrorDomain Code=4 "No file at <DVTFilePath:0x60000385d730:'/Volumes/workspace/tmp/f29e382f-d38e-4d38-a4fd-f639c2fdaa65.xcarchive/Products/Applications/Runner.app/embedded.mobileprovision'>" UserInfo={NSLocalizedDescription=No file at <DVTFilePath:0x60000385d730:'/Volumes/workspace/tmp/f29e382f-d38e-4d38-a4fd-f639c2fdaa65.xcarchive/Products/Applications/Runner.app/embedded.mobileprovision'>}
2025-09-06 15:52:37 +0000 [MT] [OPTIONAL] Didn't find platform <DVTPlatform:0x600003de1b80:'com.apple.platform.iphoneos':<DVTFilePath:0x6000038fc310:'/Applications/Xcode.app/Contents/Developer/Platforms/iPhoneOS.platform'>> or cert (null) for <DVTFilePath:0x600003791320:'/Volumes/workspace/tmp/f29e382f-d38e-4d38-a4fd-f639c2fdaa65.xcarchive/Products/Applications/Runner.app'>: (null)
2025-09-06 15:52:37 +0000 [MT] Running step: IDEDistributionTeamStep with <IDEDistributionContext: 0x7f908781ffe0; archive(resolved)="<IDEArchive: 0x6000038480e0>", distributionTask(resolved)="2", distributionDestination(resolved)="1", distributionMethod(resolved)="<IDEDistributionMethodiOSAppStoreDistribution: 0x6000011b3ee0>", team(resolved)="<IDEProvisioningBasicTeam: 0x600001278ca0; teamID='3CBK9E82BZ', teamName='(null)'>">
	Chain (4, self inclusive):
	<IDEDistributionContext: 0x7f908781ffe0; archive = "<IDEArchive: 0x6000038480e0>", distributionMethod="<IDEDistributionMethodiOSAppStoreDistribution: 0x6000011b3ee0>", team="<IDEProvisioningBasicTeam: 0x600001278ca0; teamID='3CBK9E82BZ', teamName='(null)'>">
	<IDEDistributionContext: 0x7f908781f600; archive = "<IDEArchive: 0x6000038480e0>", distributionMethod="<IDEDistributionMethodiOSAppStoreDistribution: 0x6000011b3ee0>", team="(null)">
	<IDEDistributionContext: 0x7f9087804080; archive = "<IDEArchive: 0x6000038480e0>", distributionMethod="<IDEDistributionMethodiOSAppStoreDistribution: 0x6000011b3ee0>", team="(null)">
	<IDEDistributionContext: 0x7f90e6782bf0; archive = "<IDEArchive: 0x6000038480e0>", distributionMethod="(null)", team="(null)">
</IDEDistributionContext: 0x7f908781ffe0>
2025-09-06 15:52:37 +0000 [MT] Running step: IDEDistributionUploadAccountStep with <IDEDistributionContext: 0x7f90878203f0; archive(resolved)="<IDEArchive: 0x6000038480e0>", distributionTask(resolved)="2", distributionDestination(resolved)="1", distributionMethod(resolved)="<IDEDistributionMethodiOSAppStoreDistribution: 0x6000011b3ee0>", team(resolved)="<IDEProvisioningBasicTeam: 0x600001278ca0; teamID='3CBK9E82BZ', teamName='(null)'>">
	Chain (5, self inclusive):
	<IDEDistributionContext: 0x7f90878203f0; archive = "<IDEArchive: 0x6000038480e0>", distributionMethod="<IDEDistributionMethodiOSAppStoreDistribution: 0x6000011b3ee0>", team="<IDEProvisioningBasicTeam: 0x600001278ca0; teamID='3CBK9E82BZ', teamName='(null)'>">
	<IDEDistributionContext: 0x7f908781ffe0; archive = "<IDEArchive: 0x6000038480e0>", distributionMethod="<IDEDistributionMethodiOSAppStoreDistribution: 0x6000011b3ee0>", team="<IDEProvisioningBasicTeam: 0x600001278ca0; teamID='3CBK9E82BZ', teamName='(null)'>">
	<IDEDistributionContext: 0x7f908781f600; archive = "<IDEArchive: 0x6000038480e0>", distributionMethod="<IDEDistributionMethodiOSAppStoreDistribution: 0x6000011b3ee0>", team="(null)">
	<IDEDistributionContext: 0x7f9087804080; archive = "<IDEArchive: 0x6000038480e0>", distributionMethod="<IDEDistributionMethodiOSAppStoreDistribution: 0x6000011b3ee0>", team="(null)">
	<IDEDistributionContext: 0x7f90e6782bf0; archive = "<IDEArchive: 0x6000038480e0>", distributionMethod="(null)", team="(null)">
</IDEDistributionContext: 0x7f90878203f0>
2025-09-06 15:52:37 +0000 [MT] Failed to find an account with App Store Connect access for team <IDEProvisioningBasicTeam: 0x600001278ca0; teamID='3CBK9E82BZ', teamName='(null)'>
2025-09-06 15:52:37 +0000 [MT] Running step: IDEDistributionFetchAppRecordStep with <IDEDistributionContext: 0x7f9087820600; archive(resolved)="<IDEArchive: 0x6000038480e0>", distributionTask(resolved)="2", distributionDestination(resolved)="1", distributionMethod(resolved)="<IDEDistributionMethodiOSAppStoreDistribution: 0x6000011b3ee0>", team(resolved)="<IDEProvisioningBasicTeam: 0x600001278ca0; teamID='3CBK9E82BZ', teamName='(null)'>">
	Chain (6, self inclusive):
	<IDEDistributionContext: 0x7f9087820600; archive = "<IDEArchive: 0x6000038480e0>", distributionMethod="<IDEDistributionMethodiOSAppStoreDistribution: 0x6000011b3ee0>", team="<IDEProvisioningBasicTeam: 0x600001278ca0; teamID='3CBK9E82BZ', teamName='(null)'>">
	<IDEDistributionContext: 0x7f90878203f0; archive = "<IDEArchive: 0x6000038480e0>", distributionMethod="<IDEDistributionMethodiOSAppStoreDistribution: 0x6000011b3ee0>", team="<IDEProvisioningBasicTeam: 0x600001278ca0; teamID='3CBK9E82BZ', teamName='(null)'>">
	<IDEDistributionContext: 0x7f908781ffe0; archive = "<IDEArchive: 0x6000038480e0>", distributionMethod="<IDEDistributionMethodiOSAppStoreDistribution: 0x6000011b3ee0>", team="<IDEProvisioningBasicTeam: 0x600001278ca0; teamID='3CBK9E82BZ', teamName='(null)'>">
	<IDEDistributionContext: 0x7f908781f600; archive = "<IDEArchive: 0x6000038480e0>", distributionMethod="<IDEDistributionMethodiOSAppStoreDistribution: 0x6000011b3ee0>", team="(null)">
	<IDEDistributionContext: 0x7f9087804080; archive = "<IDEArchive: 0x6000038480e0>", distributionMethod="<IDEDistributionMethodiOSAppStoreDistribution: 0x6000011b3ee0>", team="(null)">
	<IDEDistributionContext: 0x7f90e6782bf0; archive = "<IDEArchive: 0x6000038480e0>", distributionMethod="(null)", team="(null)">
</IDEDistributionContext: 0x7f9087820600>
2025-09-06 15:52:37 +0000 [MT] Running step: IDEDistributionCreateAppRecordStep with <IDEDistributionContext: 0x7f9087820a10; archive(resolved)="<IDEArchive: 0x6000038480e0>", distributionTask(resolved)="2", distributionDestination(resolved)="1", distributionMethod(resolved)="<IDEDistributionMethodiOSAppStoreDistribution: 0x6000011b3ee0>", team(resolved)="<IDEProvisioningBasicTeam: 0x600001278ca0; teamID='3CBK9E82BZ', teamName='(null)'>">
	Chain (7, self inclusive):
	<IDEDistributionContext: 0x7f9087820a10; archive = "<IDEArchive: 0x6000038480e0>", distributionMethod="<IDEDistributionMethodiOSAppStoreDistribution: 0x6000011b3ee0>", team="<IDEProvisioningBasicTeam: 0x600001278ca0; teamID='3CBK9E82BZ', teamName='(null)'>">
	<IDEDistributionContext: 0x7f9087820600; archive = "<IDEArchive: 0x6000038480e0>", distributionMethod="<IDEDistributionMethodiOSAppStoreDistribution: 0x6000011b3ee0>", team="<IDEProvisioningBasicTeam: 0x600001278ca0; teamID='3CBK9E82BZ', teamName='(null)'>">
	<IDEDistributionContext: 0x7f90878203f0; archive = "<IDEArchive: 0x6000038480e0>", distributionMethod="<IDEDistributionMethodiOSAppStoreDistribution: 0x6000011b3ee0>", team="<IDEProvisioningBasicTeam: 0x600001278ca0; teamID='3CBK9E82BZ', teamName='(null)'>">
	<IDEDistributionContext: 0x7f908781ffe0; archive = "<IDEArchive: 0x6000038480e0>", distributionMethod="<IDEDistributionMethodiOSAppStoreDistribution: 0x6000011b3ee0>", team="<IDEProvisioningBasicTeam: 0x600001278ca0; teamID='3CBK9E82BZ', teamName='(null)'>">
	<IDEDistributionContext: 0x7f908781f600; archive = "<IDEArchive: 0x6000038480e0>", distributionMethod="<IDEDistributionMethodiOSAppStoreDistribution: 0x6000011b3ee0>", team="(null)">
	<IDEDistributionContext: 0x7f9087804080; archive = "<IDEArchive: 0x6000038480e0>", distributionMethod="<IDEDistributionMethodiOSAppStoreDistribution: 0x6000011b3ee0>", team="(null)">
	<IDEDistributionContext: 0x7f90e6782bf0; archive = "<IDEArchive: 0x6000038480e0>", distributionMethod="(null)", team="(null)">
</IDEDistributionContext: 0x7f9087820a10>
2025-09-06 15:52:37 +0000 [MT] Running step: IDEDistributionAnalyzeVersionStep with <IDEDistributionContext: 0x7f9087820c20; archive(resolved)="<IDEArchive: 0x6000038480e0>", distributionTask(resolved)="2", distributionDestination(resolved)="1", distributionMethod(resolved)="<IDEDistributionMethodiOSAppStoreDistribution: 0x6000011b3ee0>", team(resolved)="<IDEProvisioningBasicTeam: 0x600001278ca0; teamID='3CBK9E82BZ', teamName='(null)'>">
	Chain (8, self inclusive):
	<IDEDistributionContext: 0x7f9087820c20; archive = "<IDEArchive: 0x6000038480e0>", distributionMethod="<IDEDistributionMethodiOSAppStoreDistribution: 0x6000011b3ee0>", team="<IDEProvisioningBasicTeam: 0x600001278ca0; teamID='3CBK9E82BZ', teamName='(null)'>">
	<IDEDistributionContext: 0x7f9087820a10; archive = "<IDEArchive: 0x6000038480e0>", distributionMethod="<IDEDistributionMethodiOSAppStoreDistribution: 0x6000011b3ee0>", team="<IDEProvisioningBasicTeam: 0x600001278ca0; teamID='3CBK9E82BZ', teamName='(null)'>">
	<IDEDistributionContext: 0x7f9087820600; archive = "<IDEArchive: 0x6000038480e0>", distributionMethod="<IDEDistributionMethodiOSAppStoreDistribution: 0x6000011b3ee0>", team="<IDEProvisioningBasicTeam: 0x600001278ca0; teamID='3CBK9E82BZ', teamName='(null)'>">
	<IDEDistributionContext: 0x7f90878203f0; archive = "<IDEArchive: 0x6000038480e0>", distributionMethod="<IDEDistributionMethodiOSAppStoreDistribution: 0x6000011b3ee0>", team="<IDEProvisioningBasicTeam: 0x600001278ca0; teamID='3CBK9E82BZ', teamName='(null)'>">
	<IDEDistributionContext: 0x7f908781ffe0; archive = "<IDEArchive: 0x6000038480e0>", distributionMethod="<IDEDistributionMethodiOSAppStoreDistribution: 0x6000011b3ee0>", team="<IDEProvisioningBasicTeam: 0x600001278ca0; teamID='3CBK9E82BZ', teamName='(null)'>">
	<IDEDistributionContext: 0x7f908781f600; archive = "<IDEArchive: 0x6000038480e0>", distributionMethod="<IDEDistributionMethodiOSAppStoreDistribution: 0x6000011b3ee0>", team="(null)">
	<IDEDistributionContext: 0x7f9087804080; archive = "<IDEArchive: 0x6000038480e0>", distributionMethod="<IDEDistributionMethodiOSAppStoreDistribution: 0x6000011b3ee0>", team="(null)">
	<IDEDistributionContext: 0x7f90e6782bf0; archive = "<IDEArchive: 0x6000038480e0>", distributionMethod="(null)", team="(null)">
</IDEDistributionContext: 0x7f9087820c20>
2025-09-06 15:52:37 +0000 [MT] Running step: IDEDistributionOptionsStep with <IDEDistributionContext: 0x7f9087820e30; archive(resolved)="<IDEArchive: 0x6000038480e0>", distributionTask(resolved)="2", distributionDestination(resolved)="1", distributionMethod(resolved)="<IDEDistributionMethodiOSAppStoreDistribution: 0x6000011b3ee0>", team(resolved)="<IDEProvisioningBasicTeam: 0x600001278ca0; teamID='3CBK9E82BZ', teamName='(null)'>">
	Chain (9, self inclusive):
	<IDEDistributionContext: 0x7f9087820e30; archive = "<IDEArchive: 0x6000038480e0>", distributionMethod="<IDEDistributionMethodiOSAppStoreDistribution: 0x6000011b3ee0>", team="<IDEProvisioningBasicTeam: 0x600001278ca0; teamID='3CBK9E82BZ', teamName='(null)'>">
	<IDEDistributionContext: 0x7f9087820c20; archive = "<IDEArchive: 0x6000038480e0>", distributionMethod="<IDEDistributionMethodiOSAppStoreDistribution: 0x6000011b3ee0>", team="<IDEProvisioningBasicTeam: 0x600001278ca0; teamID='3CBK9E82BZ', teamName='(null)'>">
	<IDEDistributionContext: 0x7f9087820a10; archive = "<IDEArchive: 0x6000038480e0>", distributionMethod="<IDEDistributionMethodiOSAppStoreDistribution: 0x6000011b3ee0>", team="<IDEProvisioningBasicTeam: 0x600001278ca0; teamID='3CBK9E82BZ', teamName='(null)'>">
	<IDEDistributionContext: 0x7f9087820600; archive = "<IDEArchive: 0x6000038480e0>", distributionMethod="<IDEDistributionMethodiOSAppStoreDistribution: 0x6000011b3ee0>", team="<IDEProvisioningBasicTeam: 0x600001278ca0; teamID='3CBK9E82BZ', teamName='(null)'>">
	<IDEDistributionContext: 0x7f90878203f0; archive = "<IDEArchive: 0x6000038480e0>", distributionMethod="<IDEDistributionMethodiOSAppStoreDistribution: 0x6000011b3ee0>", team="<IDEProvisioningBasicTeam: 0x600001278ca0; teamID='3CBK9E82BZ', teamName='(null)'>">
	<IDEDistributionContext: 0x7f908781ffe0; archive = "<IDEArchive: 0x6000038480e0>", distributionMethod="<IDEDistributionMethodiOSAppStoreDistribution: 0x6000011b3ee0>", team="<IDEProvisioningBasicTeam: 0x600001278ca0; teamID='3CBK9E82BZ', teamName='(null)'>">
	<IDEDistributionContext: 0x7f908781f600; archive = "<IDEArchive: 0x6000038480e0>", distributionMethod="<IDEDistributionMethodiOSAppStoreDistribution: 0x6000011b3ee0>", team="(null)">
	<IDEDistributionContext: 0x7f9087804080; archive = "<IDEArchive: 0x6000038480e0>", distributionMethod="<IDEDistributionMethodiOSAppStoreDistribution: 0x6000011b3ee0>", team="(null)">
	<IDEDistributionContext: 0x7f90e6782bf0; archive = "<IDEArchive: 0x6000038480e0>", distributionMethod="(null)", team="(null)">
</IDEDistributionContext: 0x7f9087820e30>
2025-09-06 15:52:37 +0000 [MT] Running step: IDEDistributionSigningMethodStep with <IDEDistributionContext: 0x7f9087821040; archive(resolved)="<IDEArchive: 0x6000038480e0>", distributionTask(resolved)="2", distributionDestination(resolved)="1", distributionMethod(resolved)="<IDEDistributionMethodiOSAppStoreDistribution: 0x6000011b3ee0>", team(resolved)="<IDEProvisioningBasicTeam: 0x600001278ca0; teamID='3CBK9E82BZ', teamName='(null)'>">
	Chain (10, self inclusive):
	<IDEDistributionContext: 0x7f9087821040; archive = "<IDEArchive: 0x6000038480e0>", distributionMethod="<IDEDistributionMethodiOSAppStoreDistribution: 0x6000011b3ee0>", team="<IDEProvisioningBasicTeam: 0x600001278ca0; teamID='3CBK9E82BZ', teamName='(null)'>">
	<IDEDistributionContext: 0x7f9087820e30; archive = "<IDEArchive: 0x6000038480e0>", distributionMethod="<IDEDistributionMethodiOSAppStoreDistribution: 0x6000011b3ee0>", team="<IDEProvisioningBasicTeam: 0x600001278ca0; teamID='3CBK9E82BZ', teamName='(null)'>">
	<IDEDistributionContext: 0x7f9087820c20; archive = "<IDEArchive: 0x6000038480e0>", distributionMethod="<IDEDistributionMethodiOSAppStoreDistribution: 0x6000011b3ee0>", team="<IDEProvisioningBasicTeam: 0x600001278ca0; teamID='3CBK9E82BZ', teamName='(null)'>">
	<IDEDistributionContext: 0x7f9087820a10; archive = "<IDEArchive: 0x6000038480e0>", distributionMethod="<IDEDistributionMethodiOSAppStoreDistribution: 0x6000011b3ee0>", team="<IDEProvisioningBasicTeam: 0x600001278ca0; teamID='3CBK9E82BZ', teamName='(null)'>">
	<IDEDistributionContext: 0x7f9087820600; archive = "<IDEArchive: 0x6000038480e0>", distributionMethod="<IDEDistributionMethodiOSAppStoreDistribution: 0x6000011b3ee0>", team="<IDEProvisioningBasicTeam: 0x600001278ca0; teamID='3CBK9E82BZ', teamName='(null)'>">
	<IDEDistributionContext: 0x7f90878203f0; archive = "<IDEArchive: 0x6000038480e0>", distributionMethod="<IDEDistributionMethodiOSAppStoreDistribution: 0x6000011b3ee0>", team="<IDEProvisioningBasicTeam: 0x600001278ca0; teamID='3CBK9E82BZ', teamName='(null)'>">
	<IDEDistributionContext: 0x7f908781ffe0; archive = "<IDEArchive: 0x6000038480e0>", distributionMethod="<IDEDistributionMethodiOSAppStoreDistribution: 0x6000011b3ee0>", team="<IDEProvisioningBasicTeam: 0x600001278ca0; teamID='3CBK9E82BZ', teamName='(null)'>">
	<IDEDistributionContext: 0x7f908781f600; archive = "<IDEArchive: 0x6000038480e0>", distributionMethod="<IDEDistributionMethodiOSAppStoreDistribution: 0x6000011b3ee0>", team="(null)">
	<IDEDistributionContext: 0x7f9087804080; archive = "<IDEArchive: 0x6000038480e0>", distributionMethod="<IDEDistributionMethodiOSAppStoreDistribution: 0x6000011b3ee0>", team="(null)">
	<IDEDistributionContext: 0x7f90e6782bf0; archive = "<IDEArchive: 0x6000038480e0>", distributionMethod="(null)", team="(null)">
</IDEDistributionContext: 0x7f9087821040>
2025-09-06 15:52:37 +0000 [MT] Running step: IDEDistributionSigningAssetsStep with <IDEDistributionContext: 0x7f9087821670; archive(resolved)="<IDEArchive: 0x6000038480e0>", distributionTask(resolved)="2", distributionDestination(resolved)="1", distributionMethod(resolved)="<IDEDistributionMethodiOSAppStoreDistribution: 0x6000011b3ee0>", team(resolved)="<IDEProvisioningBasicTeam: 0x600001278ca0; teamID='3CBK9E82BZ', teamName='(null)'>">
	Chain (11, self inclusive):
	<IDEDistributionContext: 0x7f9087821670; archive = "<IDEArchive: 0x6000038480e0>", distributionMethod="<IDEDistributionMethodiOSAppStoreDistribution: 0x6000011b3ee0>", team="<IDEProvisioningBasicTeam: 0x600001278ca0; teamID='3CBK9E82BZ', teamName='(null)'>">
	<IDEDistributionContext: 0x7f9087821040; archive = "<IDEArchive: 0x6000038480e0>", distributionMethod="<IDEDistributionMethodiOSAppStoreDistribution: 0x6000011b3ee0>", team="<IDEProvisioningBasicTeam: 0x600001278ca0; teamID='3CBK9E82BZ', teamName='(null)'>">
	<IDEDistributionContext: 0x7f9087820e30; archive = "<IDEArchive: 0x6000038480e0>", distributionMethod="<IDEDistributionMethodiOSAppStoreDistribution: 0x6000011b3ee0>", team="<IDEProvisioningBasicTeam: 0x600001278ca0; teamID='3CBK9E82BZ', teamName='(null)'>">
	<IDEDistributionContext: 0x7f9087820c20; archive = "<IDEArchive: 0x6000038480e0>", distributionMethod="<IDEDistributionMethodiOSAppStoreDistribution: 0x6000011b3ee0>", team="<IDEProvisioningBasicTeam: 0x600001278ca0; teamID='3CBK9E82BZ', teamName='(null)'>">
	<IDEDistributionContext: 0x7f9087820a10; archive = "<IDEArchive: 0x6000038480e0>", distributionMethod="<IDEDistributionMethodiOSAppStoreDistribution: 0x6000011b3ee0>", team="<IDEProvisioningBasicTeam: 0x600001278ca0; teamID='3CBK9E82BZ', teamName='(null)'>">
	<IDEDistributionContext: 0x7f9087820600; archive = "<IDEArchive: 0x6000038480e0>", distributionMethod="<IDEDistributionMethodiOSAppStoreDistribution: 0x6000011b3ee0>", team="<IDEProvisioningBasicTeam: 0x600001278ca0; teamID='3CBK9E82BZ', teamName='(null)'>">
	<IDEDistributionContext: 0x7f90878203f0; archive = "<IDEArchive: 0x6000038480e0>", distributionMethod="<IDEDistributionMethodiOSAppStoreDistribution: 0x6000011b3ee0>", team="<IDEProvisioningBasicTeam: 0x600001278ca0; teamID='3CBK9E82BZ', teamName='(null)'>">
	<IDEDistributionContext: 0x7f908781ffe0; archive = "<IDEArchive: 0x6000038480e0>", distributionMethod="<IDEDistributionMethodiOSAppStoreDistribution: 0x6000011b3ee0>", team="<IDEProvisioningBasicTeam: 0x600001278ca0; teamID='3CBK9E82BZ', teamName='(null)'>">
	<IDEDistributionContext: 0x7f908781f600; archive = "<IDEArchive: 0x6000038480e0>", distributionMethod="<IDEDistributionMethodiOSAppStoreDistribution: 0x6000011b3ee0>", team="(null)">
	<IDEDistributionContext: 0x7f9087804080; archive = "<IDEArchive: 0x6000038480e0>", distributionMethod="<IDEDistributionMethodiOSAppStoreDistribution: 0x6000011b3ee0>", team="(null)">
	<IDEDistributionContext: 0x7f90e6782bf0; archive = "<IDEArchive: 0x6000038480e0>", distributionMethod="(null)", team="(null)">
</IDEDistributionContext: 0x7f9087821670>
2025-09-06 15:52:49 +0000 [MT] Running step: IDEDistributionPackagingStep with <IDEDistributionContext: 0x7f9087821880; archive(resolved)="<IDEArchive: 0x6000038480e0>", distributionTask(resolved)="2", distributionDestination(resolved)="1", distributionMethod(resolved)="<IDEDistributionMethodiOSAppStoreDistribution: 0x6000011b3ee0>", team(resolved)="<IDEProvisioningBasicTeam: 0x600001278ca0; teamID='3CBK9E82BZ', teamName='(null)'>">
	Chain (12, self inclusive):
	<IDEDistributionContext: 0x7f9087821880; archive = "<IDEArchive: 0x6000038480e0>", distributionMethod="<IDEDistributionMethodiOSAppStoreDistribution: 0x6000011b3ee0>", team="<IDEProvisioningBasicTeam: 0x600001278ca0; teamID='3CBK9E82BZ', teamName='(null)'>">
	<IDEDistributionContext: 0x7f9087821670; archive = "<IDEArchive: 0x6000038480e0>", distributionMethod="<IDEDistributionMethodiOSAppStoreDistribution: 0x6000011b3ee0>", team="<IDEProvisioningBasicTeam: 0x600001278ca0; teamID='3CBK9E82BZ', teamName='(null)'>">
	<IDEDistributionContext: 0x7f9087821040; archive = "<IDEArchive: 0x6000038480e0>", distributionMethod="<IDEDistributionMethodiOSAppStoreDistribution: 0x6000011b3ee0>", team="<IDEProvisioningBasicTeam: 0x600001278ca0; teamID='3CBK9E82BZ', teamName='(null)'>">
	<IDEDistributionContext: 0x7f9087820e30; archive = "<IDEArchive: 0x6000038480e0>", distributionMethod="<IDEDistributionMethodiOSAppStoreDistribution: 0x6000011b3ee0>", team="<IDEProvisioningBasicTeam: 0x600001278ca0; teamID='3CBK9E82BZ', teamName='(null)'>">
	<IDEDistributionContext: 0x7f9087820c20; archive = "<IDEArchive: 0x6000038480e0>", distributionMethod="<IDEDistributionMethodiOSAppStoreDistribution: 0x6000011b3ee0>", team="<IDEProvisioningBasicTeam: 0x600001278ca0; teamID='3CBK9E82BZ', teamName='(null)'>">
	<IDEDistributionContext: 0x7f9087820a10; archive = "<IDEArchive: 0x6000038480e0>", distributionMethod="<IDEDistributionMethodiOSAppStoreDistribution: 0x6000011b3ee0>", team="<IDEProvisioningBasicTeam: 0x600001278ca0; teamID='3CBK9E82BZ', teamName='(null)'>">
	<IDEDistributionContext: 0x7f9087820600; archive = "<IDEArchive: 0x6000038480e0>", distributionMethod="<IDEDistributionMethodiOSAppStoreDistribution: 0x6000011b3ee0>", team="<IDEProvisioningBasicTeam: 0x600001278ca0; teamID='3CBK9E82BZ', teamName='(null)'>">
	<IDEDistributionContext: 0x7f90878203f0; archive = "<IDEArchive: 0x6000038480e0>", distributionMethod="<IDEDistributionMethodiOSAppStoreDistribution: 0x6000011b3ee0>", team="<IDEProvisioningBasicTeam: 0x600001278ca0; teamID='3CBK9E82BZ', teamName='(null)'>">
	<IDEDistributionContext: 0x7f908781ffe0; archive = "<IDEArchive: 0x6000038480e0>", distributionMethod="<IDEDistributionMethodiOSAppStoreDistribution: 0x6000011b3ee0>", team="<IDEProvisioningBasicTeam: 0x600001278ca0; teamID='3CBK9E82BZ', teamName='(null)'>">
	<IDEDistributionContext: 0x7f908781f600; archive = "<IDEArchive: 0x6000038480e0>", distributionMethod="<IDEDistributionMethodiOSAppStoreDistribution: 0x6000011b3ee0>", team="(null)">
	<IDEDistributionContext: 0x7f9087804080; archive = "<IDEArchive: 0x6000038480e0>", distributionMethod="<IDEDistributionMethodiOSAppStoreDistribution: 0x6000011b3ee0>", team="(null)">
	<IDEDistributionContext: 0x7f90e6782bf0; archive = "<IDEArchive: 0x6000038480e0>", distributionMethod="(null)", team="(null)">
</IDEDistributionContext: 0x7f9087821880>
2025-09-06 15:52:59 +0000 [MT] Running step: IDEDistributionSummaryStep with <IDEDistributionContext: 0x7f9087841300; archive(resolved)="<IDEArchive: 0x6000038480e0>", distributionTask(resolved)="2", distributionDestination(resolved)="1", distributionMethod(resolved)="<IDEDistributionMethodiOSAppStoreDistribution: 0x6000011b3ee0>", team(resolved)="<IDEProvisioningBasicTeam: 0x600001278ca0; teamID='3CBK9E82BZ', teamName='(null)'>">
	Chain (13, self inclusive):
	<IDEDistributionContext: 0x7f9087841300; archive = "<IDEArchive: 0x6000038480e0>", distributionMethod="<IDEDistributionMethodiOSAppStoreDistribution: 0x6000011b3ee0>", team="<IDEProvisioningBasicTeam: 0x600001278ca0; teamID='3CBK9E82BZ', teamName='(null)'>">
	<IDEDistributionContext: 0x7f9087821880; archive = "<IDEArchive: 0x6000038480e0>", distributionMethod="<IDEDistributionMethodiOSAppStoreDistribution: 0x6000011b3ee0>", team="<IDEProvisioningBasicTeam: 0x600001278ca0; teamID='3CBK9E82BZ', teamName='(null)'>">
	<IDEDistributionContext: 0x7f9087821670; archive = "<IDEArchive: 0x6000038480e0>", distributionMethod="<IDEDistributionMethodiOSAppStoreDistribution: 0x6000011b3ee0>", team="<IDEProvisioningBasicTeam: 0x600001278ca0; teamID='3CBK9E82BZ', teamName='(null)'>">
	<IDEDistributionContext: 0x7f9087821040; archive = "<IDEArchive: 0x6000038480e0>", distributionMethod="<IDEDistributionMethodiOSAppStoreDistribution: 0x6000011b3ee0>", team="<IDEProvisioningBasicTeam: 0x600001278ca0; teamID='3CBK9E82BZ', teamName='(null)'>">
	<IDEDistributionContext: 0x7f9087820e30; archive = "<IDEArchive: 0x6000038480e0>", distributionMethod="<IDEDistributionMethodiOSAppStoreDistribution: 0x6000011b3ee0>", team="<IDEProvisioningBasicTeam: 0x600001278ca0; teamID='3CBK9E82BZ', teamName='(null)'>">
	<IDEDistributionContext: 0x7f9087820c20; archive = "<IDEArchive: 0x6000038480e0>", distributionMethod="<IDEDistributionMethodiOSAppStoreDistribution: 0x6000011b3ee0>", team="<IDEProvisioningBasicTeam: 0x600001278ca0; teamID='3CBK9E82BZ', teamName='(null)'>">
	<IDEDistributionContext: 0x7f9087820a10; archive = "<IDEArchive: 0x6000038480e0>", distributionMethod="<IDEDistributionMethodiOSAppStoreDistribution: 0x6000011b3ee0>", team="<IDEProvisioningBasicTeam: 0x600001278ca0; teamID='3CBK9E82BZ', teamName='(null)'>">
	<IDEDistributionContext: 0x7f9087820600; archive = "<IDEArchive: 0x6000038480e0>", distributionMethod="<IDEDistributionMethodiOSAppStoreDistribution: 0x6000011b3ee0>", team="<IDEProvisioningBasicTeam: 0x600001278ca0; teamID='3CBK9E82BZ', teamName='(null)'>">
	<IDEDistributionContext: 0x7f90878203f0; archive = "<IDEArchive: 0x6000038480e0>", distributionMethod="<IDEDistributionMethodiOSAppStoreDistribution: 0x6000011b3ee0>", team="<IDEProvisioningBasicTeam: 0x600001278ca0; teamID='3CBK9E82BZ', teamName='(null)'>">
	<IDEDistributionContext: 0x7f908781ffe0; archive = "<IDEArchive: 0x6000038480e0>", distributionMethod="<IDEDistributionMethodiOSAppStoreDistribution: 0x6000011b3ee0>", team="<IDEProvisioningBasicTeam: 0x600001278ca0; teamID='3CBK9E82BZ', teamName='(null)'>">
	<IDEDistributionContext: 0x7f908781f600; archive = "<IDEArchive: 0x6000038480e0>", distributionMethod="<IDEDistributionMethodiOSAppStoreDistribution: 0x6000011b3ee0>", team="(null)">
	<IDEDistributionContext: 0x7f9087804080; archive = "<IDEArchive: 0x6000038480e0>", distributionMethod="<IDEDistributionMethodiOSAppStoreDistribution: 0x6000011b3ee0>", team="(null)">
	<IDEDistributionContext: 0x7f90e6782bf0; archive = "<IDEArchive: 0x6000038480e0>", distributionMethod="(null)", team="(null)">
</IDEDistributionContext: 0x7f9087841300>