2025-09-06 15:52:36 +0000 [MT] Starting export with options: {"embedOnDemandResourcesAssetPacksInBundle":true,"manageAppVersionAndBuildNumber":false,"reformatterBundleIdentifier":"com.fittechs.duruNotesApp","iCloudContainerEnvironment":"Development","uploadSymbols":true,"stripSwiftSymbols":true,"teamID":"3CBK9E82BZ","method":"development","destination":"export","testFlightInternalTestingOnly":false,"thinning":"<none>","raiseProfileSupportOptionalToRequired":false,"buildNumber":"68","generateAppStoreInformation":false}
2025-09-06 15:52:36 +0000 [MT] Running step: IDEDistributionReformatterSelectionStep with <IDEDistributionContext: 0x7fae5f86e490; archive(resolved)="<IDEArchive: 0x600000b4b020>", distributionTask(resolved)="2", distributionDestination(resolved)="1", distributionMethod(resolved)="<IDEDistributionMethodDevelopmentSigned: 0x6000022f9820>", team(resolved)="(null)">
	Chain (3, self inclusive):
	<IDEDistributionContext: 0x7fae5f86e490; archive = "<IDEArchive: 0x600000b4b020>", distributionMethod="<IDEDistributionMethodDevelopmentSigned: 0x6000022f9820>", team="(null)">
	<IDEDistributionContext: 0x7fae63823600; archive = "<IDEArchive: 0x600000b4b020>", distributionMethod="<IDEDistributionMethodDevelopmentSigned: 0x6000022f9820>", team="(null)">
	<IDEDistributionContext: 0x7fae5e70a1c0; archive = "<IDEArchive: 0x600000b4b020>", distributionMethod="(null)", team="(null)">
</IDEDistributionContext: 0x7fae5f86e490>
2025-09-06 15:52:36 +0000 [MT] Skipping reformatter selection. Selection is not required. There was no failure determining reformatter requirements.
2025-09-06 15:52:36 +0000 [MT] Running step: IDEDistributionReformatArchiveStep with <IDEDistributionContext: 0x7fae5f8c1ca0; archive(resolved)="<IDEArchive: 0x600000b4b020>", distributionTask(resolved)="2", distributionDestination(resolved)="1", distributionMethod(resolved)="<IDEDistributionMethodDevelopmentSigned: 0x6000022f9820>", team(resolved)="(null)">
	Chain (4, self inclusive):
	<IDEDistributionContext: 0x7fae5f8c1ca0; archive = "<IDEArchive: 0x600000b4b020>", distributionMethod="<IDEDistributionMethodDevelopmentSigned: 0x6000022f9820>", team="(null)">
	<IDEDistributionContext: 0x7fae5f86e490; archive = "<IDEArchive: 0x600000b4b020>", distributionMethod="<IDEDistributionMethodDevelopmentSigned: 0x6000022f9820>", team="(null)">
	<IDEDistributionContext: 0x7fae63823600; archive = "<IDEArchive: 0x600000b4b020>", distributionMethod="<IDEDistributionMethodDevelopmentSigned: 0x6000022f9820>", team="(null)">
	<IDEDistributionContext: 0x7fae5e70a1c0; archive = "<IDEArchive: 0x600000b4b020>", distributionMethod="(null)", team="(null)">
</IDEDistributionContext: 0x7fae5f8c1ca0>
2025-09-06 15:52:36 +0000 [MT] Running step: IDEDistributionAnalyzeArchiveStep with <IDEDistributionContext: 0x7fae5f871880; archive(resolved)="<IDEArchive: 0x600000b4b020>", distributionTask(resolved)="2", distributionDestination(resolved)="1", distributionMethod(resolved)="<IDEDistributionMethodDevelopmentSigned: 0x6000022f9820>", team(resolved)="(null)">
	Chain (5, self inclusive):
	<IDEDistributionContext: 0x7fae5f871880; archive = "<IDEArchive: 0x600000b4b020>", distributionMethod="<IDEDistributionMethodDevelopmentSigned: 0x6000022f9820>", team="(null)">
	<IDEDistributionContext: 0x7fae5f8c1ca0; archive = "<IDEArchive: 0x600000b4b020>", distributionMethod="<IDEDistributionMethodDevelopmentSigned: 0x6000022f9820>", team="(null)">
	<IDEDistributionContext: 0x7fae5f86e490; archive = "<IDEArchive: 0x600000b4b020>", distributionMethod="<IDEDistributionMethodDevelopmentSigned: 0x6000022f9820>", team="(null)">
	<IDEDistributionContext: 0x7fae63823600; archive = "<IDEArchive: 0x600000b4b020>", distributionMethod="<IDEDistributionMethodDevelopmentSigned: 0x6000022f9820>", team="(null)">
	<IDEDistributionContext: 0x7fae5e70a1c0; archive = "<IDEArchive: 0x600000b4b020>", distributionMethod="(null)", team="(null)">
</IDEDistributionContext: 0x7fae5f871880>
2025-09-06 15:52:37 +0000 [MT] [OPTIONAL] Didn't find embedded provisioning profile for <DVTFilePath:0x6000004a3c60:'/Volumes/workspace/tmp/2ad76f71-2654-49fc-a901-2a0ae184988e.xcarchive/Products/Applications/Runner.app'>: Error Domain=NSCocoaErrorDomain Code=4 "No file at <DVTFilePath:0x600000b44700:'/Volumes/workspace/tmp/2ad76f71-2654-49fc-a901-2a0ae184988e.xcarchive/Products/Applications/Runner.app/embedded.mobileprovision'>" UserInfo={NSLocalizedDescription=No file at <DVTFilePath:0x600000b44700:'/Volumes/workspace/tmp/2ad76f71-2654-49fc-a901-2a0ae184988e.xcarchive/Products/Applications/Runner.app/embedded.mobileprovision'>}
2025-09-06 15:52:37 +0000 [MT] [OPTIONAL] Didn't find platform <DVTPlatform:0x600000ec2b00:'com.apple.platform.iphoneos':<DVTFilePath:0x600000bfdc70:'/Applications/Xcode.app/Contents/Developer/Platforms/iPhoneOS.platform'>> or cert (null) for <DVTFilePath:0x6000004a3c60:'/Volumes/workspace/tmp/2ad76f71-2654-49fc-a901-2a0ae184988e.xcarchive/Products/Applications/Runner.app'>: (null)
2025-09-06 15:52:37 +0000 [MT] Running step: IDEDistributionTeamStep with <IDEDistributionContext: 0x7fae5f8c1eb0; archive(resolved)="<IDEArchive: 0x600000b4b020>", distributionTask(resolved)="2", distributionDestination(resolved)="1", distributionMethod(resolved)="<IDEDistributionMethodDevelopmentSigned: 0x6000022f9820>", team(resolved)="<IDEProvisioningBasicTeam: 0x600002170e00; teamID='3CBK9E82BZ', teamName='(null)'>">
	Chain (6, self inclusive):
	<IDEDistributionContext: 0x7fae5f8c1eb0; archive = "<IDEArchive: 0x600000b4b020>", distributionMethod="<IDEDistributionMethodDevelopmentSigned: 0x6000022f9820>", team="<IDEProvisioningBasicTeam: 0x600002170e00; teamID='3CBK9E82BZ', teamName='(null)'>">
	<IDEDistributionContext: 0x7fae5f871880; archive = "<IDEArchive: 0x600000b4b020>", distributionMethod="<IDEDistributionMethodDevelopmentSigned: 0x6000022f9820>", team="(null)">
	<IDEDistributionContext: 0x7fae5f8c1ca0; archive = "<IDEArchive: 0x600000b4b020>", distributionMethod="<IDEDistributionMethodDevelopmentSigned: 0x6000022f9820>", team="(null)">
	<IDEDistributionContext: 0x7fae5f86e490; archive = "<IDEArchive: 0x600000b4b020>", distributionMethod="<IDEDistributionMethodDevelopmentSigned: 0x6000022f9820>", team="(null)">
	<IDEDistributionContext: 0x7fae63823600; archive = "<IDEArchive: 0x600000b4b020>", distributionMethod="<IDEDistributionMethodDevelopmentSigned: 0x6000022f9820>", team="(null)">
	<IDEDistributionContext: 0x7fae5e70a1c0; archive = "<IDEArchive: 0x600000b4b020>", distributionMethod="(null)", team="(null)">
</IDEDistributionContext: 0x7fae5f8c1eb0>
2025-09-06 15:52:37 +0000 [MT] Running step: IDEDistributionOptionsStep with <IDEDistributionContext: 0x7fae5f8c9190; archive(resolved)="<IDEArchive: 0x600000b4b020>", distributionTask(resolved)="2", distributionDestination(resolved)="1", distributionMethod(resolved)="<IDEDistributionMethodDevelopmentSigned: 0x6000022f9820>", team(resolved)="<IDEProvisioningBasicTeam: 0x600002170e00; teamID='3CBK9E82BZ', teamName='(null)'>">
	Chain (7, self inclusive):
	<IDEDistributionContext: 0x7fae5f8c9190; archive = "<IDEArchive: 0x600000b4b020>", distributionMethod="<IDEDistributionMethodDevelopmentSigned: 0x6000022f9820>", team="<IDEProvisioningBasicTeam: 0x600002170e00; teamID='3CBK9E82BZ', teamName='(null)'>">
	<IDEDistributionContext: 0x7fae5f8c1eb0; archive = "<IDEArchive: 0x600000b4b020>", distributionMethod="<IDEDistributionMethodDevelopmentSigned: 0x6000022f9820>", team="<IDEProvisioningBasicTeam: 0x600002170e00; teamID='3CBK9E82BZ', teamName='(null)'>">
	<IDEDistributionContext: 0x7fae5f871880; archive = "<IDEArchive: 0x600000b4b020>", distributionMethod="<IDEDistributionMethodDevelopmentSigned: 0x6000022f9820>", team="(null)">
	<IDEDistributionContext: 0x7fae5f8c1ca0; archive = "<IDEArchive: 0x600000b4b020>", distributionMethod="<IDEDistributionMethodDevelopmentSigned: 0x6000022f9820>", team="(null)">
	<IDEDistributionContext: 0x7fae5f86e490; archive = "<IDEArchive: 0x600000b4b020>", distributionMethod="<IDEDistributionMethodDevelopmentSigned: 0x6000022f9820>", team="(null)">
	<IDEDistributionContext: 0x7fae63823600; archive = "<IDEArchive: 0x600000b4b020>", distributionMethod="<IDEDistributionMethodDevelopmentSigned: 0x6000022f9820>", team="(null)">
	<IDEDistributionContext: 0x7fae5e70a1c0; archive = "<IDEArchive: 0x600000b4b020>", distributionMethod="(null)", team="(null)">
</IDEDistributionContext: 0x7fae5f8c9190>
2025-09-06 15:52:37 +0000 [MT] Running step: IDEDistributionManifestStep with <IDEDistributionContext: 0x7fae5f8c20c0; archive(resolved)="<IDEArchive: 0x600000b4b020>", distributionTask(resolved)="2", distributionDestination(resolved)="1", distributionMethod(resolved)="<IDEDistributionMethodDevelopmentSigned: 0x6000022f9820>", team(resolved)="<IDEProvisioningBasicTeam: 0x600002170e00; teamID='3CBK9E82BZ', teamName='(null)'>">
	Chain (8, self inclusive):
	<IDEDistributionContext: 0x7fae5f8c20c0; archive = "<IDEArchive: 0x600000b4b020>", distributionMethod="<IDEDistributionMethodDevelopmentSigned: 0x6000022f9820>", team="<IDEProvisioningBasicTeam: 0x600002170e00; teamID='3CBK9E82BZ', teamName='(null)'>">
	<IDEDistributionContext: 0x7fae5f8c9190; archive = "<IDEArchive: 0x600000b4b020>", distributionMethod="<IDEDistributionMethodDevelopmentSigned: 0x6000022f9820>", team="<IDEProvisioningBasicTeam: 0x600002170e00; teamID='3CBK9E82BZ', teamName='(null)'>">
	<IDEDistributionContext: 0x7fae5f8c1eb0; archive = "<IDEArchive: 0x600000b4b020>", distributionMethod="<IDEDistributionMethodDevelopmentSigned: 0x6000022f9820>", team="<IDEProvisioningBasicTeam: 0x600002170e00; teamID='3CBK9E82BZ', teamName='(null)'>">
	<IDEDistributionContext: 0x7fae5f871880; archive = "<IDEArchive: 0x600000b4b020>", distributionMethod="<IDEDistributionMethodDevelopmentSigned: 0x6000022f9820>", team="(null)">
	<IDEDistributionContext: 0x7fae5f8c1ca0; archive = "<IDEArchive: 0x600000b4b020>", distributionMethod="<IDEDistributionMethodDevelopmentSigned: 0x6000022f9820>", team="(null)">
	<IDEDistributionContext: 0x7fae5f86e490; archive = "<IDEArchive: 0x600000b4b020>", distributionMethod="<IDEDistributionMethodDevelopmentSigned: 0x6000022f9820>", team="(null)">
	<IDEDistributionContext: 0x7fae63823600; archive = "<IDEArchive: 0x600000b4b020>", distributionMethod="<IDEDistributionMethodDevelopmentSigned: 0x6000022f9820>", team="(null)">
	<IDEDistributionContext: 0x7fae5e70a1c0; archive = "<IDEArchive: 0x600000b4b020>", distributionMethod="(null)", team="(null)">
</IDEDistributionContext: 0x7fae5f8c20c0>
2025-09-06 15:52:37 +0000 [MT] Running step: IDEDistributionSigningMethodStep with <IDEDistributionContext: 0x7fae5f8c2820; archive(resolved)="<IDEArchive: 0x600000b4b020>", distributionTask(resolved)="2", distributionDestination(resolved)="1", distributionMethod(resolved)="<IDEDistributionMethodDevelopmentSigned: 0x6000022f9820>", team(resolved)="<IDEProvisioningBasicTeam: 0x600002170e00; teamID='3CBK9E82BZ', teamName='(null)'>">
	Chain (9, self inclusive):
	<IDEDistributionContext: 0x7fae5f8c2820; archive = "<IDEArchive: 0x600000b4b020>", distributionMethod="<IDEDistributionMethodDevelopmentSigned: 0x6000022f9820>", team="<IDEProvisioningBasicTeam: 0x600002170e00; teamID='3CBK9E82BZ', teamName='(null)'>">
	<IDEDistributionContext: 0x7fae5f8c20c0; archive = "<IDEArchive: 0x600000b4b020>", distributionMethod="<IDEDistributionMethodDevelopmentSigned: 0x6000022f9820>", team="<IDEProvisioningBasicTeam: 0x600002170e00; teamID='3CBK9E82BZ', teamName='(null)'>">
	<IDEDistributionContext: 0x7fae5f8c9190; archive = "<IDEArchive: 0x600000b4b020>", distributionMethod="<IDEDistributionMethodDevelopmentSigned: 0x6000022f9820>", team="<IDEProvisioningBasicTeam: 0x600002170e00; teamID='3CBK9E82BZ', teamName='(null)'>">
	<IDEDistributionContext: 0x7fae5f8c1eb0; archive = "<IDEArchive: 0x600000b4b020>", distributionMethod="<IDEDistributionMethodDevelopmentSigned: 0x6000022f9820>", team="<IDEProvisioningBasicTeam: 0x600002170e00; teamID='3CBK9E82BZ', teamName='(null)'>">
	<IDEDistributionContext: 0x7fae5f871880; archive = "<IDEArchive: 0x600000b4b020>", distributionMethod="<IDEDistributionMethodDevelopmentSigned: 0x6000022f9820>", team="(null)">
	<IDEDistributionContext: 0x7fae5f8c1ca0; archive = "<IDEArchive: 0x600000b4b020>", distributionMethod="<IDEDistributionMethodDevelopmentSigned: 0x6000022f9820>", team="(null)">
	<IDEDistributionContext: 0x7fae5f86e490; archive = "<IDEArchive: 0x600000b4b020>", distributionMethod="<IDEDistributionMethodDevelopmentSigned: 0x6000022f9820>", team="(null)">
	<IDEDistributionContext: 0x7fae63823600; archive = "<IDEArchive: 0x600000b4b020>", distributionMethod="<IDEDistributionMethodDevelopmentSigned: 0x6000022f9820>", team="(null)">
	<IDEDistributionContext: 0x7fae5e70a1c0; archive = "<IDEArchive: 0x600000b4b020>", distributionMethod="(null)", team="(null)">
</IDEDistributionContext: 0x7fae5f8c2820>
2025-09-06 15:52:37 +0000 [MT] Running step: IDEDistributionSigningAssetsStep with <IDEDistributionContext: 0x7fae5f8c2a30; archive(resolved)="<IDEArchive: 0x600000b4b020>", distributionTask(resolved)="2", distributionDestination(resolved)="1", distributionMethod(resolved)="<IDEDistributionMethodDevelopmentSigned: 0x6000022f9820>", team(resolved)="<IDEProvisioningBasicTeam: 0x600002170e00; teamID='3CBK9E82BZ', teamName='(null)'>">
	Chain (10, self inclusive):
	<IDEDistributionContext: 0x7fae5f8c2a30; archive = "<IDEArchive: 0x600000b4b020>", distributionMethod="<IDEDistributionMethodDevelopmentSigned: 0x6000022f9820>", team="<IDEProvisioningBasicTeam: 0x600002170e00; teamID='3CBK9E82BZ', teamName='(null)'>">
	<IDEDistributionContext: 0x7fae5f8c2820; archive = "<IDEArchive: 0x600000b4b020>", distributionMethod="<IDEDistributionMethodDevelopmentSigned: 0x6000022f9820>", team="<IDEProvisioningBasicTeam: 0x600002170e00; teamID='3CBK9E82BZ', teamName='(null)'>">
	<IDEDistributionContext: 0x7fae5f8c20c0; archive = "<IDEArchive: 0x600000b4b020>", distributionMethod="<IDEDistributionMethodDevelopmentSigned: 0x6000022f9820>", team="<IDEProvisioningBasicTeam: 0x600002170e00; teamID='3CBK9E82BZ', teamName='(null)'>">
	<IDEDistributionContext: 0x7fae5f8c9190; archive = "<IDEArchive: 0x600000b4b020>", distributionMethod="<IDEDistributionMethodDevelopmentSigned: 0x6000022f9820>", team="<IDEProvisioningBasicTeam: 0x600002170e00; teamID='3CBK9E82BZ', teamName='(null)'>">
	<IDEDistributionContext: 0x7fae5f8c1eb0; archive = "<IDEArchive: 0x600000b4b020>", distributionMethod="<IDEDistributionMethodDevelopmentSigned: 0x6000022f9820>", team="<IDEProvisioningBasicTeam: 0x600002170e00; teamID='3CBK9E82BZ', teamName='(null)'>">
	<IDEDistributionContext: 0x7fae5f871880; archive = "<IDEArchive: 0x600000b4b020>", distributionMethod="<IDEDistributionMethodDevelopmentSigned: 0x6000022f9820>", team="(null)">
	<IDEDistributionContext: 0x7fae5f8c1ca0; archive = "<IDEArchive: 0x600000b4b020>", distributionMethod="<IDEDistributionMethodDevelopmentSigned: 0x6000022f9820>", team="(null)">
	<IDEDistributionContext: 0x7fae5f86e490; archive = "<IDEArchive: 0x600000b4b020>", distributionMethod="<IDEDistributionMethodDevelopmentSigned: 0x6000022f9820>", team="(null)">
	<IDEDistributionContext: 0x7fae63823600; archive = "<IDEArchive: 0x600000b4b020>", distributionMethod="<IDEDistributionMethodDevelopmentSigned: 0x6000022f9820>", team="(null)">
	<IDEDistributionContext: 0x7fae5e70a1c0; archive = "<IDEArchive: 0x600000b4b020>", distributionMethod="(null)", team="(null)">
</IDEDistributionContext: 0x7fae5f8c2a30>
2025-09-06 15:52:53 +0000 [MT] Running step: IDEDistributionPackagingStep with <IDEDistributionContext: 0x7fae5f8c2c40; archive(resolved)="<IDEArchive: 0x600000b4b020>", distributionTask(resolved)="2", distributionDestination(resolved)="1", distributionMethod(resolved)="<IDEDistributionMethodDevelopmentSigned: 0x6000022f9820>", team(resolved)="<IDEProvisioningBasicTeam: 0x600002170e00; teamID='3CBK9E82BZ', teamName='(null)'>">
	Chain (11, self inclusive):
	<IDEDistributionContext: 0x7fae5f8c2c40; archive = "<IDEArchive: 0x600000b4b020>", distributionMethod="<IDEDistributionMethodDevelopmentSigned: 0x6000022f9820>", team="<IDEProvisioningBasicTeam: 0x600002170e00; teamID='3CBK9E82BZ', teamName='(null)'>">
	<IDEDistributionContext: 0x7fae5f8c2a30; archive = "<IDEArchive: 0x600000b4b020>", distributionMethod="<IDEDistributionMethodDevelopmentSigned: 0x6000022f9820>", team="<IDEProvisioningBasicTeam: 0x600002170e00; teamID='3CBK9E82BZ', teamName='(null)'>">
	<IDEDistributionContext: 0x7fae5f8c2820; archive = "<IDEArchive: 0x600000b4b020>", distributionMethod="<IDEDistributionMethodDevelopmentSigned: 0x6000022f9820>", team="<IDEProvisioningBasicTeam: 0x600002170e00; teamID='3CBK9E82BZ', teamName='(null)'>">
	<IDEDistributionContext: 0x7fae5f8c20c0; archive = "<IDEArchive: 0x600000b4b020>", distributionMethod="<IDEDistributionMethodDevelopmentSigned: 0x6000022f9820>", team="<IDEProvisioningBasicTeam: 0x600002170e00; teamID='3CBK9E82BZ', teamName='(null)'>">
	<IDEDistributionContext: 0x7fae5f8c9190; archive = "<IDEArchive: 0x600000b4b020>", distributionMethod="<IDEDistributionMethodDevelopmentSigned: 0x6000022f9820>", team="<IDEProvisioningBasicTeam: 0x600002170e00; teamID='3CBK9E82BZ', teamName='(null)'>">
	<IDEDistributionContext: 0x7fae5f8c1eb0; archive = "<IDEArchive: 0x600000b4b020>", distributionMethod="<IDEDistributionMethodDevelopmentSigned: 0x6000022f9820>", team="<IDEProvisioningBasicTeam: 0x600002170e00; teamID='3CBK9E82BZ', teamName='(null)'>">
	<IDEDistributionContext: 0x7fae5f871880; archive = "<IDEArchive: 0x600000b4b020>", distributionMethod="<IDEDistributionMethodDevelopmentSigned: 0x6000022f9820>", team="(null)">
	<IDEDistributionContext: 0x7fae5f8c1ca0; archive = "<IDEArchive: 0x600000b4b020>", distributionMethod="<IDEDistributionMethodDevelopmentSigned: 0x6000022f9820>", team="(null)">
	<IDEDistributionContext: 0x7fae5f86e490; archive = "<IDEArchive: 0x600000b4b020>", distributionMethod="<IDEDistributionMethodDevelopmentSigned: 0x6000022f9820>", team="(null)">
	<IDEDistributionContext: 0x7fae63823600; archive = "<IDEArchive: 0x600000b4b020>", distributionMethod="<IDEDistributionMethodDevelopmentSigned: 0x6000022f9820>", team="(null)">
	<IDEDistributionContext: 0x7fae5e70a1c0; archive = "<IDEArchive: 0x600000b4b020>", distributionMethod="(null)", team="(null)">
</IDEDistributionContext: 0x7fae5f8c2c40>
2025-09-06 15:52:59 +0000 [MT] Running step: IDEDistributionSummaryStep with <IDEDistributionContext: 0x7fae5e710e00; archive(resolved)="<IDEArchive: 0x600000b4b020>", distributionTask(resolved)="2", distributionDestination(resolved)="1", distributionMethod(resolved)="<IDEDistributionMethodDevelopmentSigned: 0x6000022f9820>", team(resolved)="<IDEProvisioningBasicTeam: 0x600002170e00; teamID='3CBK9E82BZ', teamName='(null)'>">
	Chain (12, self inclusive):
	<IDEDistributionContext: 0x7fae5e710e00; archive = "<IDEArchive: 0x600000b4b020>", distributionMethod="<IDEDistributionMethodDevelopmentSigned: 0x6000022f9820>", team="<IDEProvisioningBasicTeam: 0x600002170e00; teamID='3CBK9E82BZ', teamName='(null)'>">
	<IDEDistributionContext: 0x7fae5f8c2c40; archive = "<IDEArchive: 0x600000b4b020>", distributionMethod="<IDEDistributionMethodDevelopmentSigned: 0x6000022f9820>", team="<IDEProvisioningBasicTeam: 0x600002170e00; teamID='3CBK9E82BZ', teamName='(null)'>">
	<IDEDistributionContext: 0x7fae5f8c2a30; archive = "<IDEArchive: 0x600000b4b020>", distributionMethod="<IDEDistributionMethodDevelopmentSigned: 0x6000022f9820>", team="<IDEProvisioningBasicTeam: 0x600002170e00; teamID='3CBK9E82BZ', teamName='(null)'>">
	<IDEDistributionContext: 0x7fae5f8c2820; archive = "<IDEArchive: 0x600000b4b020>", distributionMethod="<IDEDistributionMethodDevelopmentSigned: 0x6000022f9820>", team="<IDEProvisioningBasicTeam: 0x600002170e00; teamID='3CBK9E82BZ', teamName='(null)'>">
	<IDEDistributionContext: 0x7fae5f8c20c0; archive = "<IDEArchive: 0x600000b4b020>", distributionMethod="<IDEDistributionMethodDevelopmentSigned: 0x6000022f9820>", team="<IDEProvisioningBasicTeam: 0x600002170e00; teamID='3CBK9E82BZ', teamName='(null)'>">
	<IDEDistributionContext: 0x7fae5f8c9190; archive = "<IDEArchive: 0x600000b4b020>", distributionMethod="<IDEDistributionMethodDevelopmentSigned: 0x6000022f9820>", team="<IDEProvisioningBasicTeam: 0x600002170e00; teamID='3CBK9E82BZ', teamName='(null)'>">
	<IDEDistributionContext: 0x7fae5f8c1eb0; archive = "<IDEArchive: 0x600000b4b020>", distributionMethod="<IDEDistributionMethodDevelopmentSigned: 0x6000022f9820>", team="<IDEProvisioningBasicTeam: 0x600002170e00; teamID='3CBK9E82BZ', teamName='(null)'>">
	<IDEDistributionContext: 0x7fae5f871880; archive = "<IDEArchive: 0x600000b4b020>", distributionMethod="<IDEDistributionMethodDevelopmentSigned: 0x6000022f9820>", team="(null)">
	<IDEDistributionContext: 0x7fae5f8c1ca0; archive = "<IDEArchive: 0x600000b4b020>", distributionMethod="<IDEDistributionMethodDevelopmentSigned: 0x6000022f9820>", team="(null)">
	<IDEDistributionContext: 0x7fae5f86e490; archive = "<IDEArchive: 0x600000b4b020>", distributionMethod="<IDEDistributionMethodDevelopmentSigned: 0x6000022f9820>", team="(null)">
	<IDEDistributionContext: 0x7fae63823600; archive = "<IDEArchive: 0x600000b4b020>", distributionMethod="<IDEDistributionMethodDevelopmentSigned: 0x6000022f9820>", team="(null)">
	<IDEDistributionContext: 0x7fae5e70a1c0; archive = "<IDEArchive: 0x600000b4b020>", distributionMethod="(null)", team="(null)">
</IDEDistributionContext: 0x7fae5e710e00>