2025-09-06 15:52:36 +0000 [MT] Rejected distribution method <IDEDistributionMethodTVOSAppStoreDistribution: 0x6000022f96e0> because it doesn't support distributing archive
2025-09-06 15:52:36 +0000 [MT] Rejected distribution method <IDEDistributionMethodAppStoreDistributionVisionOS: 0x6000022f9730> because it doesn't support distributing archive
2025-09-06 15:52:36 +0000 [MT] Rejected distribution method <IDEDistributionMethodMacAppStoreDistribution: 0x6000022f97f0> because it doesn't support distributing archive
2025-09-06 15:52:36 +0000 [MT] Accepted distribution method <IDEDistributionMethodiOSAppStoreDistribution: 0x6000022f9800>
2025-09-06 15:52:36 +0000 [MT] Rejected distribution method <IDEDistributionMethodWatchOSAdHoc: 0x6000022f9720> because it doesn't support distributing archive
2025-09-06 15:52:36 +0000 [MT] Rejected distribution method <IDEDistributionMethodMacAdHoc: 0x6000022f9750> because it doesn't support distributing archive
2025-09-06 15:52:36 +0000 [MT] Rejected distribution method <IDEDistributionMethodTVOSAdHoc: 0x6000022f9770> because it doesn't support distributing archive
2025-09-06 15:52:36 +0000 [MT] Accepted distribution method <IDEDistributionMethodiOSAdHoc: 0x6000022f97d0>
2025-09-06 15:52:36 +0000 [MT] Rejected distribution method <IDEDistributionMethodAdHocVisionOS: 0x6000022f9810> because it doesn't support distributing archive
2025-09-06 15:52:36 +0000 [MT] Accepted distribution method <IDEDistributionMethodiOSEnterprise: 0x6000022f97e0>
2025-09-06 15:52:36 +0000 [MT] Rejected distribution method <IDEDistributionMethodTVOSEnterprise: 0x6000022f9840> because it doesn't support distributing archive
2025-09-06 15:52:36 +0000 [MT] Rejected distribution method <IDEDistributionMethodWatchOSEnterprise: 0x6000022f9870> because it doesn't support distributing archive
2025-09-06 15:52:36 +0000 [MT] Rejected distribution method <IDEDistributionMethodEnterpriseVisionOS: 0x6000022f9880> because it doesn't support distributing archive
2025-09-06 15:52:36 +0000 [MT] Rejected distribution method <IDEDistributionMethodWatchOSDevelopmentSigned: 0x6000022f9700> because it doesn't support distributing archive
2025-09-06 15:52:36 +0000 [MT] Rejected distribution method <IDEDistributionMethodTVOSDevelopmentSigned: 0x6000022f9740> because it doesn't support distributing archive
2025-09-06 15:52:36 +0000 [MT] Accepted distribution method <IDEDistributionMethodDevelopmentSigned: 0x6000022f9820>
2025-09-06 15:52:36 +0000 [MT] Rejected distribution method <IDEDistributionMethodDevelopmentSignedVisionOS: 0x6000022f9850> because it doesn't support distributing archive
2025-09-06 15:52:36 +0000 [MT] Rejected distribution method <IDEDistributionMethodDeveloperID: 0x6000022f9760> because it doesn't support distributing archive
2025-09-06 15:52:36 +0000 [MT] Rejected distribution method <IDEDistributionMethodDeveloperIDNotarizedApp: 0x6000022f9830> because it doesn't support distributing archive
2025-09-06 15:52:36 +0000 [MT] Rejected distribution method <IDEDistributionMethodSaveBuiltProducts: 0x6000022f9710> because it doesn't support distributing archive
2025-09-06 15:52:36 +0000 [MT] Rejected distribution method <IDEDistributionMethodDevelopmentSignedMac: 0x6000022f97b0> because it doesn't support distributing archive
2025-09-06 15:52:36 +0000 [MT] Rejected distribution method <IDEDistributionMethodMacApplication: 0x6000022f97a0> because it doesn't support distributing archive
2025-09-06 15:52:36 +0000 [MT] Rejected distribution method <IDEDistributionMethodTVOSAppStoreValidation: 0x6000022f9780> because it doesn't support distributing archive
2025-09-06 15:52:36 +0000 [MT] Rejected distribution method <IDEDistributionMethodMacAppStoreValidation: 0x6000022f9790> because it doesn't support distributing archive
2025-09-06 15:52:36 +0000 [MT] Rejected distribution method <IDEDistributionMethodiOSAppStoreValidation: 0x6000022f97c0> because it doesn't support distributing archive
2025-09-06 15:52:36 +0000 [MT] Rejected distribution method <IDEDistributionMethodAppStoreValidationVisionOS: 0x6000022f9860> because it doesn't support distributing archive
2025-09-06 15:52:36 +0000 [MT] Rejected distribution method <IDEDistributionMethodExportArchive: 0x6000022f96f0> because it doesn't support distributing archive
2025-09-06 15:52:36 +0000 [MT] Rejected distribution method <IDEDistributionMethodTVOSAppStoreDistribution: 0x6000022f96e0> because it doesn't support distributing archive
2025-09-06 15:52:36 +0000 [MT] Rejected distribution method <IDEDistributionMethodAppStoreDistributionVisionOS: 0x6000022f9730> because it doesn't support distributing archive
2025-09-06 15:52:36 +0000 [MT] Rejected distribution method <IDEDistributionMethodMacAppStoreDistribution: 0x6000022f97f0> because it doesn't support distributing archive
2025-09-06 15:52:36 +0000 [MT] Rejected distribution method <IDEDistributionMethodiOSAppStoreDistribution: 0x6000022f9800> because it doesn't support distributing archive
2025-09-06 15:52:36 +0000 [MT] Rejected distribution method <IDEDistributionMethodWatchOSAdHoc: 0x6000022f9720> because it doesn't support distributing archive
2025-09-06 15:52:36 +0000 [MT] Rejected distribution method <IDEDistributionMethodMacAdHoc: 0x6000022f9750> because it doesn't support distributing archive
2025-09-06 15:52:36 +0000 [MT] Rejected distribution method <IDEDistributionMethodTVOSAdHoc: 0x6000022f9770> because it doesn't support distributing archive
2025-09-06 15:52:36 +0000 [MT] Rejected distribution method <IDEDistributionMethodiOSAdHoc: 0x6000022f97d0> because it doesn't support distributing archive
2025-09-06 15:52:36 +0000 [MT] Rejected distribution method <IDEDistributionMethodAdHocVisionOS: 0x6000022f9810> because it doesn't support distributing archive
2025-09-06 15:52:36 +0000 [MT] Rejected distribution method <IDEDistributionMethodiOSEnterprise: 0x6000022f97e0> because it doesn't support distributing archive
2025-09-06 15:52:36 +0000 [MT] Rejected distribution method <IDEDistributionMethodTVOSEnterprise: 0x6000022f9840> because it doesn't support distributing archive
2025-09-06 15:52:36 +0000 [MT] Rejected distribution method <IDEDistributionMethodWatchOSEnterprise: 0x6000022f9870> because it doesn't support distributing archive
2025-09-06 15:52:36 +0000 [MT] Rejected distribution method <IDEDistributionMethodEnterpriseVisionOS: 0x6000022f9880> because it doesn't support distributing archive
2025-09-06 15:52:36 +0000 [MT] Rejected distribution method <IDEDistributionMethodWatchOSDevelopmentSigned: 0x6000022f9700> because it doesn't support distributing archive
2025-09-06 15:52:36 +0000 [MT] Rejected distribution method <IDEDistributionMethodTVOSDevelopmentSigned: 0x6000022f9740> because it doesn't support distributing archive
2025-09-06 15:52:36 +0000 [MT] Rejected distribution method <IDEDistributionMethodDevelopmentSigned: 0x6000022f9820> because it doesn't support distributing archive
2025-09-06 15:52:36 +0000 [MT] Rejected distribution method <IDEDistributionMethodDevelopmentSignedVisionOS: 0x6000022f9850> because it doesn't support distributing archive
2025-09-06 15:52:36 +0000 [MT] Rejected distribution method <IDEDistributionMethodDeveloperID: 0x6000022f9760> because it doesn't support distributing archive
2025-09-06 15:52:36 +0000 [MT] Rejected distribution method <IDEDistributionMethodDeveloperIDNotarizedApp: 0x6000022f9830> because it doesn't support distributing archive
2025-09-06 15:52:36 +0000 [MT] Rejected distribution method <IDEDistributionMethodSaveBuiltProducts: 0x6000022f9710> because it doesn't support distributing archive
2025-09-06 15:52:36 +0000 [MT] Rejected distribution method <IDEDistributionMethodDevelopmentSignedMac: 0x6000022f97b0> because it doesn't support distributing archive
2025-09-06 15:52:36 +0000 [MT] Rejected distribution method <IDEDistributionMethodMacApplication: 0x6000022f97a0> because it doesn't support distributing archive
2025-09-06 15:52:36 +0000 [MT] Rejected distribution method <IDEDistributionMethodTVOSAppStoreValidation: 0x6000022f9780> because it doesn't support distributing archive
2025-09-06 15:52:36 +0000 [MT] Rejected distribution method <IDEDistributionMethodMacAppStoreValidation: 0x6000022f9790> because it doesn't support distributing archive
2025-09-06 15:52:36 +0000 [MT] Accepted distribution method <IDEDistributionMethodiOSAppStoreValidation: 0x6000022f97c0>
2025-09-06 15:52:36 +0000 [MT] Rejected distribution method <IDEDistributionMethodAppStoreValidationVisionOS: 0x6000022f9860> because it doesn't support distributing archive
2025-09-06 15:52:36 +0000 [MT] Rejected distribution method <IDEDistributionMethodExportArchive: 0x6000022f96f0> because it doesn't support distributing archive
2025-09-06 15:52:36 +0000 [MT] Available distribution methods: {(
    <IDEDistributionMethodiOSAppStoreDistribution: 0x6000022f9800>,
    <IDEDistributionMethodiOSAdHoc: 0x6000022f97d0>,
    <IDEDistributionMethodiOSEnterprise: 0x6000022f97e0>,
    <IDEDistributionMethodDevelopmentSigned: 0x6000022f9820>,
    <IDEDistributionMethodiOSAppStoreValidation: 0x6000022f97c0>
)}
2025-09-06 15:52:36 +0000 [MT] Rejected distribution method <IDEDistributionMethodTVOSAppStoreDistribution: 0x6000022f96e0> because it doesn't support distributing archive
2025-09-06 15:52:36 +0000 [MT] Rejected distribution method <IDEDistributionMethodAppStoreDistributionVisionOS: 0x6000022f9730> because it doesn't support distributing archive
2025-09-06 15:52:36 +0000 [MT] Rejected distribution method <IDEDistributionMethodMacAppStoreDistribution: 0x6000022f97f0> because it doesn't support distributing archive
2025-09-06 15:52:36 +0000 [MT] Accepted distribution method <IDEDistributionMethodiOSAppStoreDistribution: 0x6000022f9800>
2025-09-06 15:52:36 +0000 [MT] Rejected distribution method <IDEDistributionMethodWatchOSAdHoc: 0x6000022f9720> because it doesn't support distributing archive
2025-09-06 15:52:36 +0000 [MT] Rejected distribution method <IDEDistributionMethodMacAdHoc: 0x6000022f9750> because it doesn't support distributing archive
2025-09-06 15:52:36 +0000 [MT] Rejected distribution method <IDEDistributionMethodTVOSAdHoc: 0x6000022f9770> because it doesn't support distributing archive
2025-09-06 15:52:36 +0000 [MT] Accepted distribution method <IDEDistributionMethodiOSAdHoc: 0x6000022f97d0>
2025-09-06 15:52:36 +0000 [MT] Rejected distribution method <IDEDistributionMethodAdHocVisionOS: 0x6000022f9810> because it doesn't support distributing archive
2025-09-06 15:52:36 +0000 [MT] Accepted distribution method <IDEDistributionMethodiOSEnterprise: 0x6000022f97e0>
2025-09-06 15:52:36 +0000 [MT] Rejected distribution method <IDEDistributionMethodTVOSEnterprise: 0x6000022f9840> because it doesn't support distributing archive
2025-09-06 15:52:36 +0000 [MT] Rejected distribution method <IDEDistributionMethodWatchOSEnterprise: 0x6000022f9870> because it doesn't support distributing archive
2025-09-06 15:52:36 +0000 [MT] Rejected distribution method <IDEDistributionMethodEnterpriseVisionOS: 0x6000022f9880> because it doesn't support distributing archive
2025-09-06 15:52:36 +0000 [MT] Rejected distribution method <IDEDistributionMethodWatchOSDevelopmentSigned: 0x6000022f9700> because it doesn't support distributing archive
2025-09-06 15:52:36 +0000 [MT] Rejected distribution method <IDEDistributionMethodTVOSDevelopmentSigned: 0x6000022f9740> because it doesn't support distributing archive
2025-09-06 15:52:36 +0000 [MT] Accepted distribution method <IDEDistributionMethodDevelopmentSigned: 0x6000022f9820>
2025-09-06 15:52:36 +0000 [MT] Rejected distribution method <IDEDistributionMethodDevelopmentSignedVisionOS: 0x6000022f9850> because it doesn't support distributing archive
2025-09-06 15:52:36 +0000 [MT] Rejected distribution method <IDEDistributionMethodDeveloperID: 0x6000022f9760> because it doesn't support distributing archive
2025-09-06 15:52:36 +0000 [MT] Rejected distribution method <IDEDistributionMethodDeveloperIDNotarizedApp: 0x6000022f9830> because it doesn't support distributing archive
2025-09-06 15:52:36 +0000 [MT] Rejected distribution method <IDEDistributionMethodSaveBuiltProducts: 0x6000022f9710> because it doesn't support distributing archive
2025-09-06 15:52:36 +0000 [MT] Rejected distribution method <IDEDistributionMethodDevelopmentSignedMac: 0x6000022f97b0> because it doesn't support distributing archive
2025-09-06 15:52:36 +0000 [MT] Rejected distribution method <IDEDistributionMethodMacApplication: 0x6000022f97a0> because it doesn't support distributing archive
2025-09-06 15:52:36 +0000 [MT] Rejected distribution method <IDEDistributionMethodTVOSAppStoreValidation: 0x6000022f9780> because it doesn't support distributing archive
2025-09-06 15:52:36 +0000 [MT] Rejected distribution method <IDEDistributionMethodMacAppStoreValidation: 0x6000022f9790> because it doesn't support distributing archive
2025-09-06 15:52:36 +0000 [MT] Rejected distribution method <IDEDistributionMethodiOSAppStoreValidation: 0x6000022f97c0> because it doesn't support distributing archive
2025-09-06 15:52:36 +0000 [MT] Rejected distribution method <IDEDistributionMethodAppStoreValidationVisionOS: 0x6000022f9860> because it doesn't support distributing archive
2025-09-06 15:52:36 +0000 [MT] Rejected distribution method <IDEDistributionMethodExportArchive: 0x6000022f96f0> because it doesn't support distributing archive
2025-09-06 15:52:36 +0000 [MT] Rejected distribution method <IDEDistributionMethodTVOSAppStoreDistribution: 0x6000022f96e0> because it doesn't support distributing archive
2025-09-06 15:52:36 +0000 [MT] Rejected distribution method <IDEDistributionMethodAppStoreDistributionVisionOS: 0x6000022f9730> because it doesn't support distributing archive
2025-09-06 15:52:36 +0000 [MT] Rejected distribution method <IDEDistributionMethodMacAppStoreDistribution: 0x6000022f97f0> because it doesn't support distributing archive
2025-09-06 15:52:36 +0000 [MT] Rejected distribution method <IDEDistributionMethodiOSAppStoreDistribution: 0x6000022f9800> because it doesn't support distributing archive
2025-09-06 15:52:36 +0000 [MT] Rejected distribution method <IDEDistributionMethodWatchOSAdHoc: 0x6000022f9720> because it doesn't support distributing archive
2025-09-06 15:52:36 +0000 [MT] Rejected distribution method <IDEDistributionMethodMacAdHoc: 0x6000022f9750> because it doesn't support distributing archive
2025-09-06 15:52:36 +0000 [MT] Rejected distribution method <IDEDistributionMethodTVOSAdHoc: 0x6000022f9770> because it doesn't support distributing archive
2025-09-06 15:52:36 +0000 [MT] Rejected distribution method <IDEDistributionMethodiOSAdHoc: 0x6000022f97d0> because it doesn't support distributing archive
2025-09-06 15:52:36 +0000 [MT] Rejected distribution method <IDEDistributionMethodAdHocVisionOS: 0x6000022f9810> because it doesn't support distributing archive
2025-09-06 15:52:36 +0000 [MT] Rejected distribution method <IDEDistributionMethodiOSEnterprise: 0x6000022f97e0> because it doesn't support distributing archive
2025-09-06 15:52:36 +0000 [MT] Rejected distribution method <IDEDistributionMethodTVOSEnterprise: 0x6000022f9840> because it doesn't support distributing archive
2025-09-06 15:52:36 +0000 [MT] Rejected distribution method <IDEDistributionMethodWatchOSEnterprise: 0x6000022f9870> because it doesn't support distributing archive
2025-09-06 15:52:36 +0000 [MT] Rejected distribution method <IDEDistributionMethodEnterpriseVisionOS: 0x6000022f9880> because it doesn't support distributing archive
2025-09-06 15:52:36 +0000 [MT] Rejected distribution method <IDEDistributionMethodWatchOSDevelopmentSigned: 0x6000022f9700> because it doesn't support distributing archive
2025-09-06 15:52:36 +0000 [MT] Rejected distribution method <IDEDistributionMethodTVOSDevelopmentSigned: 0x6000022f9740> because it doesn't support distributing archive
2025-09-06 15:52:36 +0000 [MT] Rejected distribution method <IDEDistributionMethodDevelopmentSigned: 0x6000022f9820> because it doesn't support distributing archive
2025-09-06 15:52:36 +0000 [MT] Rejected distribution method <IDEDistributionMethodDevelopmentSignedVisionOS: 0x6000022f9850> because it doesn't support distributing archive
2025-09-06 15:52:36 +0000 [MT] Rejected distribution method <IDEDistributionMethodDeveloperID: 0x6000022f9760> because it doesn't support distributing archive
2025-09-06 15:52:36 +0000 [MT] Rejected distribution method <IDEDistributionMethodDeveloperIDNotarizedApp: 0x6000022f9830> because it doesn't support distributing archive
2025-09-06 15:52:36 +0000 [MT] Rejected distribution method <IDEDistributionMethodSaveBuiltProducts: 0x6000022f9710> because it doesn't support distributing archive
2025-09-06 15:52:36 +0000 [MT] Rejected distribution method <IDEDistributionMethodDevelopmentSignedMac: 0x6000022f97b0> because it doesn't support distributing archive
2025-09-06 15:52:36 +0000 [MT] Rejected distribution method <IDEDistributionMethodMacApplication: 0x6000022f97a0> because it doesn't support distributing archive
2025-09-06 15:52:36 +0000 [MT] Rejected distribution method <IDEDistributionMethodTVOSAppStoreValidation: 0x6000022f9780> because it doesn't support distributing archive
2025-09-06 15:52:36 +0000 [MT] Rejected distribution method <IDEDistributionMethodMacAppStoreValidation: 0x6000022f9790> because it doesn't support distributing archive
2025-09-06 15:52:36 +0000 [MT] Accepted distribution method <IDEDistributionMethodiOSAppStoreValidation: 0x6000022f97c0>
2025-09-06 15:52:36 +0000 [MT] Rejected distribution method <IDEDistributionMethodAppStoreValidationVisionOS: 0x6000022f9860> because it doesn't support distributing archive
2025-09-06 15:52:36 +0000 [MT] Rejected distribution method <IDEDistributionMethodExportArchive: 0x6000022f96f0> because it doesn't support distributing archive
2025-09-06 15:52:36 +0000 [MT] Available distribution methods: {(
    <IDEDistributionMethodiOSAppStoreDistribution: 0x6000022f9800>,
    <IDEDistributionMethodiOSAdHoc: 0x6000022f97d0>,
    <IDEDistributionMethodiOSEnterprise: 0x6000022f97e0>,
    <IDEDistributionMethodDevelopmentSigned: 0x6000022f9820>,
    <IDEDistributionMethodiOSAppStoreValidation: 0x6000022f97c0>
)}
2025-09-06 15:52:36 +0000 [MT] Skipping reformat archive step. No reformatter selected for archive <DVTFilePath:0x600000ff9a80:'/Volumes/workspace/tmp/2ad76f71-2654-49fc-a901-2a0ae184988e.xcarchive'>
2025-09-06 15:52:37 +0000 [MT] IDEDistributionItem init <DVTFilePath:0x600000b400e0:'/Volumes/workspace/tmp/2ad76f71-2654-49fc-a901-2a0ae184988e.xcarchive/Products/Applications/Runner.app/Frameworks/libswift_Concurrency.dylib'>
2025-09-06 15:52:37 +0000 [MT] [OPTIONAL] Can't have a profile, not a bundle at <DVTFilePath:0x600000b400e0:'/Volumes/workspace/tmp/2ad76f71-2654-49fc-a901-2a0ae184988e.xcarchive/Products/Applications/Runner.app/Frameworks/libswift_Concurrency.dylib'>
2025-09-06 15:52:37 +0000 [MT] IDEDistributionItem init <DVTFilePath:0x6000004a3c60:'/Volumes/workspace/tmp/2ad76f71-2654-49fc-a901-2a0ae184988e.xcarchive/Products/Applications/Runner.app'>
2025-09-06 15:52:37 +0000 [MT] Set distributionItems on context: (
    "<IDEDistributionItem: 0x600000459380; bundleID='com.fittechs.duruNotesApp', path='<DVTFilePath:0x6000004a3c60:'/Volumes/workspace/tmp/2ad76f71-2654-49fc-a901-2a0ae184988e.xcarchive/Products/Applications/Runner.app'>', codeSigningInfo='<_DVTCodeSigningInformation_Path: 0x6000004592c0; isSigned='1', isAdHocSigned='1', signingCertificate='(null)', entitlements='{\n    \"com.apple.security.application-groups\" =     (\n        \"group.com.fittechs.durunotes\"\n    );\n}', teamID='(null)', identifier='com.fittechs.duruNotesApp', executablePath='<DVTFilePath:0x600000497480:'/Volumes/workspace/tmp/2ad76f71-2654-49fc-a901-2a0ae184988e.xcarchive/Products/Applications/Runner.app/Runner'>', hardenedRuntime='0'>'>"
)
2025-09-06 15:52:37 +0000 [MT] Item /Volumes/workspace/tmp/2ad76f71-2654-49fc-a901-2a0ae184988e.xcarchive/Products/Applications/Runner.app doesn't have the entitlement com.apple.developer.web-browser-engine.host enabled, returning ["arm64e"]
2025-09-06 15:52:37 +0000 [MT] Archs to thin for item /Volumes/workspace/tmp/2ad76f71-2654-49fc-a901-2a0ae184988e.xcarchive/Products/Applications/Runner.app are ["arm64e"]
2025-09-06 15:52:37 +0000 [MT] Item /Volumes/workspace/tmp/2ad76f71-2654-49fc-a901-2a0ae184988e.xcarchive/Products/Applications/Runner.app/Frameworks/libswift_Concurrency.dylib doesn't have the entitlement com.apple.developer.web-browser-engine.host enabled, returning ["arm64e"]
2025-09-06 15:52:37 +0000 [MT] Archs to thin for item /Volumes/workspace/tmp/2ad76f71-2654-49fc-a901-2a0ae184988e.xcarchive/Products/Applications/Runner.app/Frameworks/libswift_Concurrency.dylib are ["arm64e"]
2025-09-06 15:52:37 +0000 [MT] Distributable's provisioning style is Automatic
2025-09-06 15:52:37 +0000 [MT] Starting evaluation for distribution items:
(
    "<IDEDistributionItem: 0x600000459380; bundleID='com.fittechs.duruNotesApp', path='<DVTFilePath:0x6000004a3c60:'/Volumes/workspace/tmp/2ad76f71-2654-49fc-a901-2a0ae184988e.xcarchive/Products/Applications/Runner.app'>', codeSigningInfo='<_DVTCodeSigningInformation_Path: 0x6000004592c0; isSigned='1', isAdHocSigned='1', signingCertificate='(null)', entitlements='{\n    \"com.apple.security.application-groups\" =     (\n        \"group.com.fittechs.durunotes\"\n    );\n}', teamID='(null)', identifier='com.fittechs.duruNotesApp', executablePath='<DVTFilePath:0x600000497480:'/Volumes/workspace/tmp/2ad76f71-2654-49fc-a901-2a0ae184988e.xcarchive/Products/Applications/Runner.app/Runner'>', hardenedRuntime='0'>'>"
)
2025-09-06 15:52:37 +0000 [MT] Evaluating <IDEDistributionItemProvisionable: 0x600000fc4280; distributionItem='<IDEDistributionItem: 0x600000459380; bundleID='com.fittechs.duruNotesApp', path='<DVTFilePath:0x6000004a3c60:'/Volumes/workspace/tmp/2ad76f71-2654-49fc-a901-2a0ae184988e.xcarchive/Products/Applications/Runner.app'>', codeSigningInfo='<_DVTCodeSigningInformation_Path: 0x6000004592c0; isSigned='1', isAdHocSigned='1', signingCertificate='(null)', entitlements='{
    "com.apple.security.application-groups" =     (
        "group.com.fittechs.durunotes"
    );
}', teamID='(null)', identifier='com.fittechs.duruNotesApp', executablePath='<DVTFilePath:0x600000497480:'/Volumes/workspace/tmp/2ad76f71-2654-49fc-a901-2a0ae184988e.xcarchive/Products/Applications/Runner.app/Runner'>', hardenedRuntime='0'>'>', team='<IDEProvisioningBasicTeam: 0x600002170e00; teamID='3CBK9E82BZ', teamName='(null)'>', method='<IDEDistributionMethodDevelopmentSigned: 0x6000022f9820>', provisioningStyle='0', entitlementsProcessors='(
    "<IDEiCloudEntitlementsProcessor: 0x600002c63b40>",
    "<IDEAppAttestEnvironmentEntitlementsProcessor: 0x600002c63a50>",
    "<IDEClassKitEntitlementsProcessor: 0x600002c62340>",
    "<IDEAppIdentifierPrefixedEntitlementsProcessor: 0x600002c63e10>"
)'> with overrides <IDEProvisionableOverrides 0x6000017dc0b0: configuration: Default, profileSupport: <IDEProvisioningProfileSupport: 0x6000022e6d40>, provisioningStyle: (null), certificateSigningStyle: (null), provisioningPurpose: development, team: (null), platform: <DVTPlatform:0x600000ec2b00:'com.apple.platform.iphoneos':<DVTFilePath:0x600000bfdc70:'/Applications/Xcode.app/Contents/Developer/Platforms/iPhoneOS.platform'>>, sdk: (null), sdkVariant: (null), profileSpecifier: (null), certificateIdentifier: (null), bundleIdentifier: (null), entitlements: (null), entitlementsFile: (null), baseEntitlements: (null), entitlementsExpansion: (null), entitlementsDestination: (null), allowSigningWithoutTeamSelection: (null), signingRequiresTeam: (null), appIDFeatures: (null)>
2025-09-06 15:52:37 +0000 [MT] Applying entitlements delta for <IDEDistributionItem: 0x600000459380; bundleID='com.fittechs.duruNotesApp', path='<DVTFilePath:0x6000004a3c60:'/Volumes/workspace/tmp/2ad76f71-2654-49fc-a901-2a0ae184988e.xcarchive/Products/Applications/Runner.app'>', codeSigningInfo='<_DVTCodeSigningInformation_Path: 0x6000004592c0; isSigned='1', isAdHocSigned='1', signingCertificate='(null)', entitlements='{
    "com.apple.security.application-groups" =     (
        "group.com.fittechs.durunotes"
    );
}', teamID='(null)', identifier='com.fittechs.duruNotesApp', executablePath='<DVTFilePath:0x600000497480:'/Volumes/workspace/tmp/2ad76f71-2654-49fc-a901-2a0ae184988e.xcarchive/Products/Applications/Runner.app/Runner'>', hardenedRuntime='0'>'> from <IDEiCloudEntitlementsProcessor: 0x600002c63b40>: {
}
2025-09-06 15:52:37 +0000 [MT] Applying entitlements delta for <IDEDistributionItem: 0x600000459380; bundleID='com.fittechs.duruNotesApp', path='<DVTFilePath:0x6000004a3c60:'/Volumes/workspace/tmp/2ad76f71-2654-49fc-a901-2a0ae184988e.xcarchive/Products/Applications/Runner.app'>', codeSigningInfo='<_DVTCodeSigningInformation_Path: 0x6000004592c0; isSigned='1', isAdHocSigned='1', signingCertificate='(null)', entitlements='{
    "com.apple.security.application-groups" =     (
        "group.com.fittechs.durunotes"
    );
}', teamID='(null)', identifier='com.fittechs.duruNotesApp', executablePath='<DVTFilePath:0x600000497480:'/Volumes/workspace/tmp/2ad76f71-2654-49fc-a901-2a0ae184988e.xcarchive/Products/Applications/Runner.app/Runner'>', hardenedRuntime='0'>'> from <IDEAppAttestEnvironmentEntitlementsProcessor: 0x600002c63a50>: {
}
2025-09-06 15:52:37 +0000 [MT] Applying entitlements delta for <IDEDistributionItem: 0x600000459380; bundleID='com.fittechs.duruNotesApp', path='<DVTFilePath:0x6000004a3c60:'/Volumes/workspace/tmp/2ad76f71-2654-49fc-a901-2a0ae184988e.xcarchive/Products/Applications/Runner.app'>', codeSigningInfo='<_DVTCodeSigningInformation_Path: 0x6000004592c0; isSigned='1', isAdHocSigned='1', signingCertificate='(null)', entitlements='{
    "com.apple.security.application-groups" =     (
        "group.com.fittechs.durunotes"
    );
}', teamID='(null)', identifier='com.fittechs.duruNotesApp', executablePath='<DVTFilePath:0x600000497480:'/Volumes/workspace/tmp/2ad76f71-2654-49fc-a901-2a0ae184988e.xcarchive/Products/Applications/Runner.app/Runner'>', hardenedRuntime='0'>'> from <IDEClassKitEntitlementsProcessor: 0x600002c62340>: {
}
2025-09-06 15:52:37 +0000 [MT] Applying entitlements delta for <IDEDistributionItem: 0x600000459380; bundleID='com.fittechs.duruNotesApp', path='<DVTFilePath:0x6000004a3c60:'/Volumes/workspace/tmp/2ad76f71-2654-49fc-a901-2a0ae184988e.xcarchive/Products/Applications/Runner.app'>', codeSigningInfo='<_DVTCodeSigningInformation_Path: 0x6000004592c0; isSigned='1', isAdHocSigned='1', signingCertificate='(null)', entitlements='{
    "com.apple.security.application-groups" =     (
        "group.com.fittechs.durunotes"
    );
}', teamID='(null)', identifier='com.fittechs.duruNotesApp', executablePath='<DVTFilePath:0x600000497480:'/Volumes/workspace/tmp/2ad76f71-2654-49fc-a901-2a0ae184988e.xcarchive/Products/Applications/Runner.app/Runner'>', hardenedRuntime='0'>'> from <IDEAppIdentifierPrefixedEntitlementsProcessor: 0x600002c63e10>: {
}
2025-09-06 15:52:37 +0000 [MT] Evaluating <IDEDistributionItemProvisionable: 0x600000fc4300; distributionItem='<IDEDistributionItem: 0x600000459200; bundleID='com.apple.dt.runtime.swiftConcurrency', path='<DVTFilePath:0x600000b400e0:'/Volumes/workspace/tmp/2ad76f71-2654-49fc-a901-2a0ae184988e.xcarchive/Products/Applications/Runner.app/Frameworks/libswift_Concurrency.dylib'>', codeSigningInfo='<_DVTCodeSigningInformation_Path: 0x600000458f60; isSigned='1', isAdHocSigned='1', signingCertificate='(null)', entitlements='(null)', teamID='(null)', identifier='com.apple.dt.runtime.swiftConcurrency', executablePath='<DVTFilePath:0x600000b400e0:'/Volumes/workspace/tmp/2ad76f71-2654-49fc-a901-2a0ae184988e.xcarchive/Products/Applications/Runner.app/Frameworks/libswift_Concurrency.dylib'>', hardenedRuntime='0'>'>', team='<IDEProvisioningBasicTeam: 0x600002170e00; teamID='3CBK9E82BZ', teamName='(null)'>', method='<IDEDistributionMethodDevelopmentSigned: 0x6000022f9820>', provisioningStyle='0', entitlementsProcessors='(
    "<IDEiCloudEntitlementsProcessor: 0x600002c61650>",
    "<IDEAppAttestEnvironmentEntitlementsProcessor: 0x600002c63ab0>",
    "<IDEClassKitEntitlementsProcessor: 0x600002c636f0>",
    "<IDEAppIdentifierPrefixedEntitlementsProcessor: 0x600002c62700>"
)'> with overrides <IDEProvisionableOverrides 0x6000017cb650: configuration: Default, profileSupport: <IDEProvisioningProfileSupport: 0x600002287410>, provisioningStyle: (null), certificateSigningStyle: (null), provisioningPurpose: development, team: (null), platform: <DVTPlatform:0x600000ec2b00:'com.apple.platform.iphoneos':<DVTFilePath:0x600000bfdc70:'/Applications/Xcode.app/Contents/Developer/Platforms/iPhoneOS.platform'>>, sdk: (null), sdkVariant: (null), profileSpecifier: (null), certificateIdentifier: (null), bundleIdentifier: (null), entitlements: (null), entitlementsFile: (null), baseEntitlements: (null), entitlementsExpansion: (null), entitlementsDestination: (null), allowSigningWithoutTeamSelection: (null), signingRequiresTeam: (null), appIDFeatures: (null)>
2025-09-06 15:52:37 +0000 [MT] Applying entitlements delta for <IDEDistributionItem: 0x600000459200; bundleID='com.apple.dt.runtime.swiftConcurrency', path='<DVTFilePath:0x600000b400e0:'/Volumes/workspace/tmp/2ad76f71-2654-49fc-a901-2a0ae184988e.xcarchive/Products/Applications/Runner.app/Frameworks/libswift_Concurrency.dylib'>', codeSigningInfo='<_DVTCodeSigningInformation_Path: 0x600000458f60; isSigned='1', isAdHocSigned='1', signingCertificate='(null)', entitlements='(null)', teamID='(null)', identifier='com.apple.dt.runtime.swiftConcurrency', executablePath='<DVTFilePath:0x600000b400e0:'/Volumes/workspace/tmp/2ad76f71-2654-49fc-a901-2a0ae184988e.xcarchive/Products/Applications/Runner.app/Frameworks/libswift_Concurrency.dylib'>', hardenedRuntime='0'>'> from <IDEiCloudEntitlementsProcessor: 0x600002c61650>: {
}
2025-09-06 15:52:37 +0000 [MT] Applying entitlements delta for <IDEDistributionItem: 0x600000459200; bundleID='com.apple.dt.runtime.swiftConcurrency', path='<DVTFilePath:0x600000b400e0:'/Volumes/workspace/tmp/2ad76f71-2654-49fc-a901-2a0ae184988e.xcarchive/Products/Applications/Runner.app/Frameworks/libswift_Concurrency.dylib'>', codeSigningInfo='<_DVTCodeSigningInformation_Path: 0x600000458f60; isSigned='1', isAdHocSigned='1', signingCertificate='(null)', entitlements='(null)', teamID='(null)', identifier='com.apple.dt.runtime.swiftConcurrency', executablePath='<DVTFilePath:0x600000b400e0:'/Volumes/workspace/tmp/2ad76f71-2654-49fc-a901-2a0ae184988e.xcarchive/Products/Applications/Runner.app/Frameworks/libswift_Concurrency.dylib'>', hardenedRuntime='0'>'> from <IDEAppAttestEnvironmentEntitlementsProcessor: 0x600002c63ab0>: {
}
2025-09-06 15:52:37 +0000 [MT] Applying entitlements delta for <IDEDistributionItem: 0x600000459200; bundleID='com.apple.dt.runtime.swiftConcurrency', path='<DVTFilePath:0x600000b400e0:'/Volumes/workspace/tmp/2ad76f71-2654-49fc-a901-2a0ae184988e.xcarchive/Products/Applications/Runner.app/Frameworks/libswift_Concurrency.dylib'>', codeSigningInfo='<_DVTCodeSigningInformation_Path: 0x600000458f60; isSigned='1', isAdHocSigned='1', signingCertificate='(null)', entitlements='(null)', teamID='(null)', identifier='com.apple.dt.runtime.swiftConcurrency', executablePath='<DVTFilePath:0x600000b400e0:'/Volumes/workspace/tmp/2ad76f71-2654-49fc-a901-2a0ae184988e.xcarchive/Products/Applications/Runner.app/Frameworks/libswift_Concurrency.dylib'>', hardenedRuntime='0'>'> from <IDEClassKitEntitlementsProcessor: 0x600002c636f0>: {
}
2025-09-06 15:52:37 +0000 [MT] Applying entitlements delta for <IDEDistributionItem: 0x600000459200; bundleID='com.apple.dt.runtime.swiftConcurrency', path='<DVTFilePath:0x600000b400e0:'/Volumes/workspace/tmp/2ad76f71-2654-49fc-a901-2a0ae184988e.xcarchive/Products/Applications/Runner.app/Frameworks/libswift_Concurrency.dylib'>', codeSigningInfo='<_DVTCodeSigningInformation_Path: 0x600000458f60; isSigned='1', isAdHocSigned='1', signingCertificate='(null)', entitlements='(null)', teamID='(null)', identifier='com.apple.dt.runtime.swiftConcurrency', executablePath='<DVTFilePath:0x600000b400e0:'/Volumes/workspace/tmp/2ad76f71-2654-49fc-a901-2a0ae184988e.xcarchive/Products/Applications/Runner.app/Frameworks/libswift_Concurrency.dylib'>', hardenedRuntime='0'>'> from <IDEAppIdentifierPrefixedEntitlementsProcessor: 0x600002c62700>: {
}
2025-09-06 15:52:52 +0000 [MT] Evaluation for Runner.app is <IDEProvisionableStatusEvaluation 0x600000b2f090: inputs: <IDEProvisionableStatusEvalutorInputs 0x600003a81680: provisionableSnapshot: <IDEProvisionableSnapshot 0x600002c683f0: name: Runner.app, configurations: {
    Default = "<_IDEProvisionableConfigurationSnapshot 0x6000011d9f40: name: Default, provisioningStyle: 0, certificateSigningStyle: 2, team: <IDEProvisioningBasicTeam: 0x600002170e00; teamID='3CBK9E82BZ', teamName='(null)'>, profileSupport: <IDEProvisioningProfileSupport: 0x600002285fa0>, platform: <DVTPlatform:0x600000ec2b00:'com.apple.platform.iphoneos':<DVTFilePath:0x600000bfdc70:'/Applications/Xcode.app/Contents/Developer/Platforms/iPhoneOS.platform'>>, sdk: (null), sdkVariant: (null), bundleIdentifier: com.fittechs.duruNotesApp, profileSpecifier: (null), certificateIdentifier: iPhone Developer, entitlementsFilePath: (null), baseEntitlements: <IDEProvisionableEntitlements: 0x600002173f20; signedEntitlements='{\n    \"com.apple.security.application-groups\" =     (\n        \"group.com.fittechs.durunotes\"\n    );\n}', simulatedEntitlements='(null)'>, entitlementsExpansion: <IDEDistributionProvisioningEntitlementsExpansion: 0x600002286f30>, entitlementsDestination: 1, allowSigningWithoutTeamSelection: 0, signingRequiresTeam: 0, appIDFeatures: <DVTPortalAppIDFeatures 0x600002159d40: Features: {\n    \"<DVTPortalProfileFeature: 0x600000b45ce0; id='APP_GROUPS', userDescription='App Groups', platforms='.macosx, .appletvos, .iphoneos, .xros, .watchos'>\" = 1;\n}, Containers: {\n    \"Xcode.Portal.Container.Type.AppGroup\" = \"{(\\n    \\\"group.com.fittechs.durunotes\\\"\\n)}\";\n}>, provisioningPurpose: development, supportsIOSMac: 0>";
}, overrides: <IDEProvisionableOverrides 0x6000017dc0b0: configuration: Default, profileSupport: <IDEProvisioningProfileSupport: 0x6000022e6d40>, provisioningStyle: (null), certificateSigningStyle: (null), provisioningPurpose: development, team: (null), platform: <DVTPlatform:0x600000ec2b00:'com.apple.platform.iphoneos':<DVTFilePath:0x600000bfdc70:'/Applications/Xcode.app/Contents/Developer/Platforms/iPhoneOS.platform'>>, sdk: (null), sdkVariant: (null), profileSpecifier: (null), certificateIdentifier: (null), bundleIdentifier: (null), entitlements: (null), entitlementsFile: (null), baseEntitlements: (null), entitlementsExpansion: (null), entitlementsDestination: (null), allowSigningWithoutTeamSelection: (null), signingRequiresTeam: (null), appIDFeatures: (null)>>>, configuration: Default, codesignParameterSnapshot: <IDECodesignParameterSnapshot: 0x600002efad00>:
Profile:  <DVTEmbeddedProvisioningProfile 0x6000015ff780: name: iOS Team Provisioning Profile: com.fittechs.duruNotesApp, UUID: b8d10131-9a25-4a25-90d5-246fc27b5811, teamName: Fittechs Yazilim Anonim Sirketi, teamIdentifierPrefixes: (
    3CBK9E82BZ
), entitlements: {
    "application-identifier" = "3CBK9E82BZ.com.fittechs.duruNotesApp";
    "com.apple.developer.team-identifier" = 3CBK9E82BZ;
    "com.apple.security.application-groups" =     (
        "group.com.fittechs.durunotes"
    );
    "get-task-allow" = 1;
    "keychain-access-groups" =     (
        "3CBK9E82BZ.*",
        "com.apple.token"
    );
}, appIdentifierName: XC com fittechs duruNotesApp, applicationIdentifierPrefixes: (
    3CBK9E82BZ
), dateCreated: 2025-09-06 15:52:51 +0000, dateExpired: 2026-09-06 15:52:51 +0000, certificateKinds: {(
    "1.2.840.113635.100.6.1.12",
    "1.2.840.113635.100.6.1.2"
)}, certificateSHA1Hashes: {(
    F3BEF949F7E454B0B02E5751759D452B79233A4C
)}, supportedUDIDs: {(
    20fee246a39d5a07fd71179a994734fcea213672
)}, isUniversal: 0, isXcodeManaged: 1, platforms: {(
    <DVTPlatform:0x600000ec2c00:'com.apple.platform.xros':<DVTFilePath:0x6000004d9da0:'/Applications/Xcode.app/Contents/Developer/Platforms/XROS.platform'>>,
    <DVTPlatform:0x600000ec2b80:'com.apple.platform.watchos':<DVTFilePath:0x600000bfdd50:'/Applications/Xcode.app/Contents/Developer/Platforms/WatchOS.platform'>>,
    <DVTPlatform:0x600000ec2b00:'com.apple.platform.iphoneos':<DVTFilePath:0x600000bfdc70:'/Applications/Xcode.app/Contents/Developer/Platforms/iPhoneOS.platform'>>
)}, filePath: <DVTFilePath:0x6000012d0120:'/Users/local/Library/Developer/Xcode/UserData/Provisioning Profiles/b8d10131-9a25-4a25-90d5-246fc27b5811.mobileprovision'>>
Identity: F3BEF949F7E454B0B02E5751759D452B79233A4C
Certificate <DVTSigningCertificate: 0x6000015ce280; name='Apple Development: Created via API (9T6SBZK8W6)', hash='F3BEF949F7E454B0B02E5751759D452B79233A4C', serialNumber='24BC9F9495275A0F01F20A5947DE7C9E', certificateKinds='(
    "1.2.840.113635.100.6.1.12",
    "1.2.840.113635.100.6.1.2"
), issueDate='2025-09-06 15:42:48 +0000''>>, errors: (null)>
2025-09-06 15:52:52 +0000 [MT] Evaluation for libswift_Concurrency.dylib is <IDEProvisionableStatusEvaluation 0x600000be8070: inputs: <IDEProvisionableStatusEvalutorInputs 0x600003ad7a00: provisionableSnapshot: <IDEProvisionableSnapshot 0x600002cdf870: name: libswift_Concurrency.dylib, configurations: {
    Default = "<_IDEProvisionableConfigurationSnapshot 0x6000011da1c0: name: Default, provisioningStyle: 0, certificateSigningStyle: 2, team: <IDEProvisioningBasicTeam: 0x600002170e00; teamID='3CBK9E82BZ', teamName='(null)'>, profileSupport: <IDEProvisioningProfileSupport: 0x6000022873e0>, platform: <DVTPlatform:0x600000ec2b00:'com.apple.platform.iphoneos':<DVTFilePath:0x600000bfdc70:'/Applications/Xcode.app/Contents/Developer/Platforms/iPhoneOS.platform'>>, sdk: (null), sdkVariant: (null), bundleIdentifier: com.apple.dt.runtime.swiftConcurrency, profileSpecifier: (null), certificateIdentifier: iPhone Developer, entitlementsFilePath: (null), baseEntitlements: <IDEProvisionableEntitlements: 0x600002159f20; signedEntitlements='{\n}', simulatedEntitlements='(null)'>, entitlementsExpansion: <IDEDistributionProvisioningEntitlementsExpansion: 0x600002287da0>, entitlementsDestination: 1, allowSigningWithoutTeamSelection: 0, signingRequiresTeam: 0, appIDFeatures: <DVTPortalAppIDFeatures 0x600002157ba0: Features: {\n}, Containers: {\n}>, provisioningPurpose: development, supportsIOSMac: 0>";
}, overrides: <IDEProvisionableOverrides 0x6000017cb650: configuration: Default, profileSupport: <IDEProvisioningProfileSupport: 0x600002287410>, provisioningStyle: (null), certificateSigningStyle: (null), provisioningPurpose: development, team: (null), platform: <DVTPlatform:0x600000ec2b00:'com.apple.platform.iphoneos':<DVTFilePath:0x600000bfdc70:'/Applications/Xcode.app/Contents/Developer/Platforms/iPhoneOS.platform'>>, sdk: (null), sdkVariant: (null), profileSpecifier: (null), certificateIdentifier: (null), bundleIdentifier: (null), entitlements: (null), entitlementsFile: (null), baseEntitlements: (null), entitlementsExpansion: (null), entitlementsDestination: (null), allowSigningWithoutTeamSelection: (null), signingRequiresTeam: (null), appIDFeatures: (null)>>>, configuration: Default, codesignParameterSnapshot: <IDECodesignParameterSnapshot: 0x600002ca31b0>:
Identity: F3BEF949F7E454B0B02E5751759D452B79233A4C
Certificate <DVTSigningCertificate: 0x6000015d8fc0; name='Apple Development: Created via API (9T6SBZK8W6)', hash='F3BEF949F7E454B0B02E5751759D452B79233A4C', serialNumber='24BC9F9495275A0F01F20A5947DE7C9E', certificateKinds='(
    "1.2.840.113635.100.6.1.12",
    "1.2.840.113635.100.6.1.2"
), issueDate='2025-09-06 15:42:48 +0000''>>, errors: (null)>